/Users/leo/Library/Python/3.9/lib/python/site-packages/urllib3/__init__.py:35: NotOpenSSLWarning: urllib3 v2 only supports OpenSSL 1.1.1+, currently the 'ssl' module is compiled with 'LibreSSL 2.8.3'. See: https://github.com/urllib3/urllib3/issues/3020
  warnings.warn(
OpenSpiel exception: Unknown game 'connect_four_proxy'. Available games are:
2048
add_noise
amazons
backgammon
bargaining
battleship
blackjack
blotto
breakthrough
bridge
bridge_uncontested_bidding
cached_tree
catch
checkers
chess
cliff_walking
clobber
coin_game
colored_trails
connect_four
coop_box_pushing
coop_to_1p
coordinated_mp
crazy_eights
cribbage
cursor_go
dark_chess
dark_hex
dark_hex_ir
deep_sea
dots_and_boxes
dou_dizhu
efg_game
einstein_wurfelt_nicht
euchre
first_sealed_auction
gin_rummy
go
goofspiel
hanabi
havannah
hearts
hex
hive
kriegspiel
kuhn_poker
laser_tag
latent_ttt
leduc_poker
lewis_signaling
liars_dice
liars_dice_ir
lines_of_action
maedn
mancala
markov_soccer
matching_pennies_3p
matrix_bos
matrix_brps
matrix_cd
matrix_coordination
matrix_mp
matrix_pd
matrix_rps
matrix_rpsw
matrix_sh
matrix_shapleys_game
mfg_crowd_modelling
mfg_crowd_modelling_2d
mfg_dynamic_routing
mfg_garnet
misere
mnk
morpion_solitaire
negotiation
nfg_game
nim
nine_mens_morris
normal_form_extensive_game
oh_hell
oshi_zumo
othello
oware
pathfinding
pentago
phantom_go
phantom_ttt
phantom_ttt_ir
pig
quoridor
rbc
repeated_game
repeated_leduc_poker
repeated_poker
restricted_nash_response
sheriff
skat
solitaire
spades
start_at
stones_and_gems
tarok
tic_tac_toe
tiny_bridge_2p
tiny_bridge_4p
tiny_hanabi
trade_comm
turn_based_simultaneous_game
twixt
ultimate_tic_tac_toe
universal_poker
y
zerosum
OpenSpiel exception: Unknown game 'go_proxy'. Available games are:
2048
add_noise
amazons
backgammon
bargaining
battleship
blackjack
blotto
breakthrough
bridge
bridge_uncontested_bidding
cached_tree
catch
checkers
chess
cliff_walking
clobber
coin_game
colored_trails
connect_four
coop_box_pushing
coop_to_1p
coordinated_mp
crazy_eights
cribbage
cursor_go
dark_chess
dark_hex
dark_hex_ir
deep_sea
dots_and_boxes
dou_dizhu
efg_game
einstein_wurfelt_nicht
euchre
first_sealed_auction
gin_rummy
go
goofspiel
hanabi
havannah
hearts
hex
hive
kriegspiel
kuhn_poker
laser_tag
latent_ttt
leduc_poker
lewis_signaling
liars_dice
liars_dice_ir
lines_of_action
maedn
mancala
markov_soccer
matching_pennies_3p
matrix_bos
matrix_brps
matrix_cd
matrix_coordination
matrix_mp
matrix_pd
matrix_rps
matrix_rpsw
matrix_sh
matrix_shapleys_game
mfg_crowd_modelling
mfg_crowd_modelling_2d
mfg_dynamic_routing
mfg_garnet
misere
mnk
morpion_solitaire
negotiation
nfg_game
nim
nine_mens_morris
normal_form_extensive_game
oh_hell
oshi_zumo
othello
oware
pathfinding
pentago
phantom_go
phantom_ttt
phantom_ttt_ir
pig
quoridor
rbc
repeated_game
repeated_leduc_poker
repeated_poker
restricted_nash_response
sheriff
skat
solitaire
spades
start_at
stones_and_gems
tarok
tic_tac_toe
tiny_bridge_2p
tiny_bridge_4p
tiny_hanabi
trade_comm
turn_based_simultaneous_game
twixt
ultimate_tic_tac_toe
universal_poker
y
zerosum
OpenSpiel exception: Unknown game 'tic_tac_toe_proxy'. Available games are:
2048
add_noise
amazons
backgammon
bargaining
battleship
blackjack
blotto
breakthrough
bridge
bridge_uncontested_bidding
cached_tree
catch
checkers
chess
cliff_walking
clobber
coin_game
colored_trails
connect_four
coop_box_pushing
coop_to_1p
coordinated_mp
crazy_eights
cribbage
cursor_go
dark_chess
dark_hex
dark_hex_ir
deep_sea
dots_and_boxes
dou_dizhu
efg_game
einstein_wurfelt_nicht
euchre
first_sealed_auction
gin_rummy
go
goofspiel
hanabi
havannah
hearts
hex
hive
kriegspiel
kuhn_poker
laser_tag
latent_ttt
leduc_poker
lewis_signaling
liars_dice
liars_dice_ir
lines_of_action
maedn
mancala
markov_soccer
matching_pennies_3p
matrix_bos
matrix_brps
matrix_cd
matrix_coordination
matrix_mp
matrix_pd
matrix_rps
matrix_rpsw
matrix_sh
matrix_shapleys_game
mfg_crowd_modelling
mfg_crowd_modelling_2d
mfg_dynamic_routing
mfg_garnet
misere
mnk
morpion_solitaire
negotiation
nfg_game
nim
nine_mens_morris
normal_form_extensive_game
oh_hell
oshi_zumo
othello
oware
pathfinding
pentago
phantom_go
phantom_ttt
phantom_ttt_ir
pig
quoridor
rbc
repeated_game
repeated_leduc_poker
repeated_poker
restricted_nash_response
sheriff
skat
solitaire
spades
start_at
stones_and_gems
tarok
tic_tac_toe
tiny_bridge_2p
tiny_bridge_4p
tiny_hanabi
trade_comm
turn_based_simultaneous_game
twixt
ultimate_tic_tac_toe
universal_poker
y
zerosum
OpenSpiel exception: Unknown game 'universal_poker_proxy'. Available games are:
2048
add_noise
amazons
backgammon
bargaining
battleship
blackjack
blotto
breakthrough
bridge
bridge_uncontested_bidding
cached_tree
catch
checkers
chess
cliff_walking
clobber
coin_game
colored_trails
connect_four
coop_box_pushing
coop_to_1p
coordinated_mp
crazy_eights
cribbage
cursor_go
dark_chess
dark_hex
dark_hex_ir
deep_sea
dots_and_boxes
dou_dizhu
efg_game
einstein_wurfelt_nicht
euchre
first_sealed_auction
gin_rummy
go
goofspiel
hanabi
havannah
hearts
hex
hive
kriegspiel
kuhn_poker
laser_tag
latent_ttt
leduc_poker
lewis_signaling
liars_dice
liars_dice_ir
lines_of_action
maedn
mancala
markov_soccer
matching_pennies_3p
matrix_bos
matrix_brps
matrix_cd
matrix_coordination
matrix_mp
matrix_pd
matrix_rps
matrix_rpsw
matrix_sh
matrix_shapleys_game
mfg_crowd_modelling
mfg_crowd_modelling_2d
mfg_dynamic_routing
mfg_garnet
misere
mnk
morpion_solitaire
negotiation
nfg_game
nim
nine_mens_morris
normal_form_extensive_game
oh_hell
oshi_zumo
othello
oware
pathfinding
pentago
phantom_go
phantom_ttt
phantom_ttt_ir
pig
quoridor
rbc
repeated_game
repeated_leduc_poker
repeated_poker
restricted_nash_response
sheriff
skat
solitaire
spades
start_at
stones_and_gems
tarok
tic_tac_toe
tiny_bridge_2p
tiny_bridge_4p
tiny_hanabi
trade_comm
turn_based_simultaneous_game
twixt
ultimate_tic_tac_toe
universal_poker
y
zerosum
[kaggle_environments.envs.open_spiel.open_spiel] INFO: Successfully loaded OpenSpiel environments: 2.
[kaggle_environments.envs.open_spiel.open_spiel] INFO:    open_spiel_chess
[kaggle_environments.envs.open_spiel.open_spiel] INFO:    open_spiel_gin_rummy
[kaggle_environments.envs.open_spiel.open_spiel] INFO: OpenSpiel games skipped: 4.
[kaggle_environments.envs.open_spiel.open_spiel] INFO:    connect_four
[kaggle_environments.envs.open_spiel.open_spiel] INFO:    go(board_size=9)
[kaggle_environments.envs.open_spiel.open_spiel] INFO:    tic_tac_toe
[kaggle_environments.envs.open_spiel.open_spiel] INFO:    universal_poker(betting=nolimit,bettingAbstraction=fullgame,blind=1 2,firstPlayer=2 1 1 1,numBoardCards=0 3 1 1,numHoleCards=2,numPlayers=2,numRanks=13,numRounds=4,numSuits=4,stack=400 400)
Loading environment cabt failed: dlopen(/Users/leo/Library/Python/3.9/lib/python/site-packages/kaggle_environments/envs/cabt/cg/libcg.so, 0x0006): tried: '/Users/leo/Library/Python/3.9/lib/python/site-packages/kaggle_environments/envs/cabt/cg/libcg.so' (slice is not valid mach-o file), '/System/Volumes/Preboot/Cryptexes/OS/Users/leo/Library/Python/3.9/lib/python/site-packages/kaggle_environments/envs/cabt/cg/libcg.so' (no such file), '/Users/leo/Library/Python/3.9/lib/python/site-packages/kaggle_environments/envs/cabt/cg/libcg.so' (slice is not valid mach-o file)
termcolor not installed, skipping dependency
No pygame installed, ignoring import
  Step reward: delta_gap*0.5 + delta_units*0.1
  Terminal: +5.0 / -1 / 0 (draw)
  Shaping: REMOVE +0.1, TRANSFORM +0.5, non-factory survival +0.01
  Training: 100% self-play | Eval vs random every 10 iters (100 games)
  Entropy: 0.02
  Iterations: 500 | Batch: 100
  Weights -> nn_weights_v47.pt
[  1/500] SP= 91.0% best=  0.0% p=-0.0022 v=15.6665 e=0.735 n=1301 t=7s
[  2/500] SP= 77.0% best=  0.0% p=-0.0009 v=10.2352 e=0.649 n=1904 t=15s
[  3/500] SP= 66.0% best=  0.0% p=-0.0009 v=7.5859 e=0.602 n=2381 t=24s
[  4/500] SP= 62.0% best=  0.0% p=-0.0015 v=7.0131 e=0.595 n=2432 t=32s
[  5/500] SP= 30.0% best=  0.0% p=-0.0012 v=4.2286 e=0.575 n=3202 t=42s
[  6/500] SP= 33.0% best=  0.0% p=-0.0009 v=4.5306 e=0.596 n=2964 t=52s
[  7/500] SP= 22.0% best=  0.0% p=-0.0002 v=3.7784 e=0.579 n=3084 t=61s
[  8/500] SP= 22.0% best=  0.0% p=0.0000 v=3.3510 e=0.583 n=3435 t=71s
[  9/500] SP= 17.0% best=  0.0% p=0.0004 v=3.0707 e=0.597 n=2977 t=81s
  -> New best eval WR 11% saved
[ 10/500] SP= 15.0% best= 11.0% p=0.0005 v=2.7607 e=0.600 n=3443 eval_R= 11.0% t=90s
[ 11/500] SP= 29.0% best= 11.0% p=0.0001 v=4.3005 e=0.579 n=3122 t=112s
[ 12/500] SP= 29.0% best= 11.0% p=-0.0002 v=4.3538 e=0.579 n=2877 t=121s
[ 13/500] SP= 22.0% best= 11.0% p=-0.0001 v=3.3995 e=0.582 n=3061 t=131s
[ 14/500] SP= 27.0% best= 11.0% p=-0.0002 v=3.9119 e=0.573 n=3285 t=141s
[ 15/500] SP= 13.0% best= 11.0% p=-0.0002 v=2.4495 e=0.601 n=3177 t=151s
[ 16/500] SP= 21.0% best= 11.0% p=-0.0001 v=3.3086 e=0.557 n=3048 t=160s
[ 17/500] SP= 30.0% best= 11.0% p=-0.0002 v=4.0751 e=0.570 n=3313 t=170s
[ 18/500] SP= 24.0% best= 11.0% p=-0.0002 v=3.6815 e=0.571 n=3229 t=179s
[ 19/500] SP= 19.0% best= 11.0% p=-0.0001 v=3.3431 e=0.577 n=3101 t=189s
  -> New best eval WR 25% saved
[ 20/500] SP= 14.0% best= 25.0% p=-0.0002 v=2.7016 e=0.584 n=3265 eval_R= 25.0% t=198s
[ 21/500] SP= 12.0% best= 25.0% p=-0.0002 v=2.3586 e=0.566 n=3216 t=222s
[ 22/500] SP= 10.0% best= 25.0% p=-0.0002 v=2.0842 e=0.546 n=3337 t=231s
[ 23/500] SP= 15.0% best= 25.0% p=-0.0008 v=2.5069 e=0.560 n=3748 t=242s
[ 24/500] SP=  6.0% best= 25.0% p=-0.0006 v=1.5833 e=0.552 n=3252 t=252s
[ 25/500] SP= 11.0% best= 25.0% p=-0.0009 v=2.0692 e=0.554 n=3670 t=262s
[ 26/500] SP=  6.0% best= 25.0% p=-0.0016 v=1.2619 e=0.543 n=3746 t=272s
[ 27/500] SP=  8.0% best= 25.0% p=-0.0013 v=1.9918 e=0.534 n=4304 t=283s
[ 28/500] SP= 11.0% best= 25.0% p=-0.0003 v=2.2142 e=0.527 n=4464 t=294s
[ 29/500] SP=  9.0% best= 25.0% p=-0.0002 v=1.6211 e=0.497 n=4302 t=305s
  -> New best eval WR 36% saved
[ 30/500] SP=  8.0% best= 36.0% p=-0.0002 v=1.4654 e=0.515 n=4498 eval_R= 36.0% t=316s
[ 31/500] SP= 15.0% best= 36.0% p=-0.0001 v=2.7223 e=0.510 n=4552 t=342s
[ 32/500] SP= 12.0% best= 36.0% p=-0.0000 v=1.8809 e=0.498 n=4543 t=354s
[ 33/500] SP= 12.0% best= 36.0% p=0.0001 v=2.3140 e=0.515 n=4748 t=365s
[ 34/500] SP=  9.0% best= 36.0% p=-0.0004 v=1.8876 e=0.512 n=4360 t=376s
[ 35/500] SP=  7.0% best= 36.0% p=-0.0012 v=1.5179 e=0.493 n=4481 t=388s
[ 36/500] SP= 13.0% best= 36.0% p=-0.0006 v=1.8063 e=0.501 n=4974 t=400s
[ 37/500] SP= 13.0% best= 36.0% p=-0.0005 v=2.0003 e=0.466 n=5402 t=412s
[ 38/500] SP= 10.0% best= 36.0% p=-0.0007 v=1.9636 e=0.462 n=4484 t=423s
[ 39/500] SP= 10.0% best= 36.0% p=-0.0005 v=2.0177 e=0.448 n=4994 t=435s
[ 40/500] SP= 10.0% best= 36.0% p=-0.0005 v=2.2273 e=0.447 n=5125 eval_R= 36.0% t=447s
[ 41/500] SP= 17.0% best= 36.0% p=0.0000 v=2.8868 e=0.445 n=5370 t=474s
[ 42/500] SP= 13.0% best= 36.0% p=0.0000 v=2.3170 e=0.457 n=5975 t=487s
[ 43/500] SP= 11.0% best= 36.0% p=-0.0000 v=1.9725 e=0.462 n=5229 t=499s
[ 44/500] SP= 14.0% best= 36.0% p=-0.0004 v=2.6052 e=0.441 n=5466 t=511s
[ 45/500] SP= 14.0% best= 36.0% p=-0.0009 v=2.2178 e=0.412 n=5434 t=524s
[ 46/500] SP= 11.0% best= 36.0% p=-0.0011 v=2.0242 e=0.410 n=5252 t=536s
[ 47/500] SP= 13.0% best= 36.0% p=-0.0007 v=1.8927 e=0.405 n=6285 t=549s
[ 48/500] SP= 22.0% best= 36.0% p=-0.0003 v=3.2947 e=0.393 n=6234 t=562s
[ 49/500] SP= 21.0% best= 36.0% p=-0.0000 v=3.0553 e=0.388 n=6357 t=575s
[ 50/500] SP= 19.0% best= 36.0% p=0.0000 v=2.8492 e=0.409 n=5358 eval_R= 35.0% t=588s
[ 51/500] SP= 10.0% best= 36.0% p=-0.0002 v=2.1269 e=0.417 n=5505 t=615s
[ 52/500] SP= 14.0% best= 36.0% p=-0.0003 v=2.4124 e=0.413 n=5806 t=628s
[ 53/500] SP= 12.0% best= 36.0% p=-0.0002 v=1.9971 e=0.407 n=6049 t=641s
[ 54/500] SP= 18.0% best= 36.0% p=-0.0005 v=2.8414 e=0.403 n=5847 t=654s
[ 55/500] SP=  9.0% best= 36.0% p=-0.0005 v=1.5643 e=0.390 n=5500 t=666s
[ 56/500] SP= 17.0% best= 36.0% p=-0.0002 v=2.2323 e=0.398 n=6591 t=680s
[ 57/500] SP= 13.0% best= 36.0% p=-0.0003 v=2.2950 e=0.388 n=5976 t=693s
[ 58/500] SP= 19.0% best= 36.0% p=-0.0000 v=2.6442 e=0.407 n=6590 t=706s
[ 59/500] SP= 15.0% best= 36.0% p=-0.0001 v=2.2679 e=0.396 n=6712 t=720s
  -> New best eval WR 42% saved
[ 60/500] SP=  8.0% best= 42.0% p=-0.0002 v=1.4175 e=0.389 n=6851 eval_R= 42.0% t=734s
[ 61/500] SP= 17.0% best= 42.0% p=-0.0007 v=1.9874 e=0.380 n=6865 t=764s
[ 62/500] SP= 20.0% best= 42.0% p=-0.0001 v=2.5794 e=0.378 n=6459 t=778s
[ 63/500] SP=  9.0% best= 42.0% p=-0.0002 v=1.3106 e=0.383 n=7363 t=792s
[ 64/500] SP= 17.0% best= 42.0% p=-0.0001 v=2.7154 e=0.363 n=6813 t=806s
[ 65/500] SP= 16.0% best= 42.0% p=0.0000 v=2.5612 e=0.380 n=7328 t=821s
[ 66/500] SP= 10.0% best= 42.0% p=-0.0000 v=1.6593 e=0.388 n=7478 t=836s
[ 67/500] SP= 10.0% best= 42.0% p=-0.0002 v=1.4800 e=0.390 n=6953 t=850s
[ 68/500] SP= 24.0% best= 42.0% p=-0.0001 v=3.3261 e=0.394 n=6714 t=864s
[ 69/500] SP= 13.0% best= 42.0% p=-0.0002 v=1.6348 e=0.388 n=7693 t=879s
[ 70/500] SP= 10.0% best= 42.0% p=-0.0001 v=1.4352 e=0.373 n=8533 eval_R= 42.0% t=895s
[ 71/500] SP= 21.0% best= 42.0% p=-0.0001 v=2.9126 e=0.370 n=7336 t=925s
[ 72/500] SP= 13.0% best= 42.0% p=-0.0001 v=1.6477 e=0.379 n=7402 t=940s
[ 73/500] SP= 24.0% best= 42.0% p=-0.0000 v=3.0370 e=0.358 n=7075 t=954s
[ 74/500] SP= 14.0% best= 42.0% p=0.0001 v=1.9183 e=0.367 n=7023 t=969s
[ 75/500] SP= 13.0% best= 42.0% p=-0.0000 v=1.8827 e=0.373 n=7984 t=984s
[ 76/500] SP= 11.0% best= 42.0% p=-0.0003 v=1.6401 e=0.362 n=7525 t=999s
[ 77/500] SP= 18.0% best= 42.0% p=-0.0001 v=2.4572 e=0.357 n=7748 t=1014s
[ 78/500] SP= 15.0% best= 42.0% p=0.0000 v=2.0972 e=0.368 n=7435 t=1029s
[ 79/500] SP= 16.0% best= 42.0% p=-0.0001 v=2.0412 e=0.377 n=7601 t=1044s
[ 80/500] SP= 16.0% best= 42.0% p=-0.0001 v=2.1945 e=0.372 n=7510 eval_R= 42.0% t=1059s
[ 81/500] SP= 23.0% best= 42.0% p=0.0001 v=2.9980 e=0.394 n=7380 t=1089s
[ 82/500] SP= 17.0% best= 42.0% p=0.0001 v=2.4193 e=0.404 n=7062 t=1103s
[ 83/500] SP= 17.0% best= 42.0% p=-0.0003 v=2.0045 e=0.394 n=7152 t=1118s
[ 84/500] SP= 10.0% best= 42.0% p=-0.0009 v=1.5641 e=0.369 n=7267 t=1132s
[ 85/500] SP= 12.0% best= 42.0% p=-0.0009 v=1.7063 e=0.368 n=7338 t=1147s
[ 86/500] SP= 14.0% best= 42.0% p=0.0001 v=2.1654 e=0.358 n=7512 t=1162s
[ 87/500] SP= 22.0% best= 42.0% p=0.0005 v=2.5627 e=0.370 n=7165 t=1177s
[ 88/500] SP= 15.0% best= 42.0% p=0.0001 v=1.7981 e=0.375 n=8125 t=1192s
[ 89/500] SP= 19.0% best= 42.0% p=0.0002 v=2.4028 e=0.365 n=8082 t=1208s
[ 90/500] SP= 11.0% best= 42.0% p=0.0000 v=1.5974 e=0.380 n=7804 eval_R= 42.0% t=1223s
[ 91/500] SP= 15.0% best= 42.0% p=-0.0001 v=2.0409 e=0.382 n=6900 t=1252s
[ 92/500] SP= 24.0% best= 42.0% p=0.0000 v=2.8612 e=0.370 n=8238 t=1268s
[ 93/500] SP= 18.0% best= 42.0% p=0.0000 v=2.2146 e=0.379 n=7604 t=1283s
[ 94/500] SP= 19.0% best= 42.0% p=-0.0002 v=2.4611 e=0.391 n=7173 t=1298s
[ 95/500] SP= 22.0% best= 42.0% p=-0.0001 v=2.5782 e=0.405 n=8296 t=1314s
[ 96/500] SP= 17.0% best= 42.0% p=0.0003 v=2.5793 e=0.400 n=6972 t=1328s
[ 97/500] SP= 14.0% best= 42.0% p=-0.0005 v=1.8223 e=0.397 n=7724 t=1343s
[ 98/500] SP= 14.0% best= 42.0% p=-0.0005 v=2.1441 e=0.383 n=7111 t=1357s
[ 99/500] SP= 14.0% best= 42.0% p=-0.0007 v=1.7117 e=0.364 n=7063 t=1372s
[100/500] SP= 25.0% best= 42.0% p=-0.0003 v=2.5944 e=0.365 n=7517 eval_R= 42.0% t=1387s
[101/500] SP= 22.0% best= 42.0% p=0.0001 v=2.6879 e=0.372 n=7628 t=1417s
[102/500] SP= 17.0% best= 42.0% p=0.0002 v=2.1688 e=0.381 n=8126 t=1433s
[103/500] SP= 22.0% best= 42.0% p=0.0002 v=2.7835 e=0.389 n=7983 t=1449s
[104/500] SP= 16.0% best= 42.0% p=0.0001 v=2.0929 e=0.394 n=6493 t=1462s
[105/500] SP= 20.0% best= 42.0% p=-0.0006 v=2.3804 e=0.384 n=7098 t=1477s
[106/500] SP= 23.0% best= 42.0% p=-0.0002 v=2.6400 e=0.390 n=5930 t=1490s
[107/500] SP= 21.0% best= 42.0% p=0.0000 v=2.7240 e=0.373 n=7454 t=1505s
[108/500] SP= 13.0% best= 42.0% p=-0.0002 v=1.8590 e=0.372 n=7171 t=1519s
[109/500] SP= 27.0% best= 42.0% p=-0.0000 v=2.9669 e=0.376 n=6965 t=1534s
[110/500] SP= 14.0% best= 42.0% p=-0.0002 v=1.9611 e=0.384 n=8031 eval_R= 42.0% t=1549s
[111/500] SP= 17.0% best= 42.0% p=-0.0007 v=2.4200 e=0.365 n=7289 t=1579s
[112/500] SP= 19.0% best= 42.0% p=-0.0005 v=2.3719 e=0.361 n=7071 t=1594s
[113/500] SP= 19.0% best= 42.0% p=-0.0001 v=2.0813 e=0.348 n=8630 t=1610s
[114/500] SP= 23.0% best= 42.0% p=-0.0000 v=2.6067 e=0.351 n=8208 t=1626s
[115/500] SP= 15.0% best= 42.0% p=-0.0003 v=2.1145 e=0.356 n=6603 t=1640s
[116/500] SP= 18.0% best= 42.0% p=-0.0003 v=2.2474 e=0.337 n=8630 t=1656s
[117/500] SP= 20.0% best= 42.0% p=-0.0002 v=2.1268 e=0.335 n=8687 t=1672s
[118/500] SP= 15.0% best= 42.0% p=-0.0003 v=1.9654 e=0.332 n=8987 t=1688s
[119/500] SP= 22.0% best= 42.0% p=-0.0002 v=2.4767 e=0.328 n=8792 t=1705s
  -> New best eval WR 44% saved
[120/500] SP= 22.0% best= 44.0% p=-0.0000 v=2.5297 e=0.336 n=8519 eval_R= 44.0% t=1721s
[121/500] SP= 18.0% best= 44.0% p=0.0000 v=2.2123 e=0.339 n=8609 t=1753s
[122/500] SP= 19.0% best= 44.0% p=-0.0001 v=2.3862 e=0.331 n=8369 t=1769s
[123/500] SP= 16.0% best= 44.0% p=-0.0004 v=2.1356 e=0.340 n=9023 t=1786s
[124/500] SP= 34.0% best= 44.0% p=-0.0001 v=3.3655 e=0.351 n=8407 t=1802s
[125/500] SP= 30.0% best= 44.0% p=-0.0002 v=2.8933 e=0.343 n=8469 t=1818s
[126/500] SP= 19.0% best= 44.0% p=0.0001 v=2.2481 e=0.366 n=10123 t=1836s
[127/500] SP= 27.0% best= 44.0% p=-0.0001 v=2.8990 e=0.353 n=7782 t=1851s
[128/500] SP= 26.0% best= 44.0% p=-0.0001 v=2.7105 e=0.349 n=8189 t=1866s
[129/500] SP= 18.0% best= 44.0% p=-0.0003 v=2.1904 e=0.345 n=7958 t=1882s
[130/500] SP= 32.0% best= 44.0% p=0.0002 v=3.1740 e=0.338 n=8839 eval_R= 43.0% t=1898s
[131/500] SP= 14.0% best= 44.0% p=-0.0002 v=1.8021 e=0.331 n=8058 t=1930s
[132/500] SP= 28.0% best= 44.0% p=-0.0001 v=2.8048 e=0.335 n=9214 t=1946s
[133/500] SP= 17.0% best= 44.0% p=-0.0000 v=2.2307 e=0.317 n=7575 t=1961s
[134/500] SP= 18.0% best= 44.0% p=-0.0001 v=2.1511 e=0.331 n=8564 t=1978s
[135/500] SP= 25.0% best= 44.0% p=-0.0000 v=2.6353 e=0.336 n=9067 t=1994s
[136/500] SP= 31.0% best= 44.0% p=0.0004 v=3.1693 e=0.340 n=9010 t=2011s
[137/500] SP= 25.0% best= 44.0% p=0.0003 v=2.7094 e=0.358 n=8376 t=2027s
[138/500] SP= 23.0% best= 44.0% p=-0.0002 v=2.7095 e=0.352 n=7736 t=2042s
[139/500] SP= 28.0% best= 44.0% p=-0.0002 v=2.8843 e=0.357 n=7596 t=2058s
  -> New best eval WR 45% saved
[140/500] SP= 30.0% best= 45.0% p=0.0000 v=2.8152 e=0.345 n=9255 eval_R= 45.0% t=2075s
[141/500] SP= 23.0% best= 45.0% p=-0.0005 v=2.5013 e=0.343 n=7792 t=2106s
[142/500] SP= 23.0% best= 45.0% p=0.0001 v=2.5369 e=0.325 n=8499 t=2122s
[143/500] SP= 21.0% best= 45.0% p=-0.0002 v=2.4624 e=0.329 n=8547 t=2138s
[144/500] SP= 27.0% best= 45.0% p=-0.0000 v=2.8570 e=0.322 n=7914 t=2153s
[145/500] SP= 19.0% best= 45.0% p=-0.0002 v=2.2461 e=0.331 n=8775 t=2170s
[146/500] SP= 25.0% best= 45.0% p=-0.0002 v=2.6297 e=0.331 n=8653 t=2187s
[147/500] SP= 23.0% best= 45.0% p=0.0000 v=2.5430 e=0.335 n=9348 t=2204s
[148/500] SP= 20.0% best= 45.0% p=0.0001 v=2.2219 e=0.324 n=8264 t=2220s
[149/500] SP= 25.0% best= 45.0% p=-0.0002 v=2.8233 e=0.325 n=8052 t=2236s
[150/500] SP= 26.0% best= 45.0% p=0.0003 v=2.6107 e=0.338 n=8970 eval_R= 36.0% t=2252s
[151/500] SP= 26.0% best= 45.0% p=0.0007 v=2.6831 e=0.342 n=8305 t=2284s
[152/500] SP= 34.0% best= 45.0% p=0.0004 v=3.1159 e=0.352 n=8580 t=2300s
[153/500] SP= 26.0% best= 45.0% p=-0.0001 v=2.9849 e=0.348 n=7411 t=2315s
[154/500] SP= 41.0% best= 45.0% p=0.0000 v=3.4963 e=0.349 n=7271 t=2329s
[155/500] SP= 45.0% best= 45.0% p=0.0002 v=3.4888 e=0.356 n=7894 t=2344s
[156/500] SP= 46.0% best= 45.0% p=0.0001 v=3.5205 e=0.353 n=7315 t=2359s
[157/500] SP= 35.0% best= 45.0% p=-0.0003 v=3.3901 e=0.337 n=7388 t=2373s
[158/500] SP= 39.0% best= 45.0% p=-0.0006 v=3.3241 e=0.337 n=6982 t=2388s
[159/500] SP= 35.0% best= 45.0% p=0.0001 v=3.0897 e=0.329 n=8151 t=2403s
[160/500] SP= 31.0% best= 45.0% p=-0.0002 v=2.9187 e=0.316 n=7500 eval_R= 27.0% t=2418s
[161/500] SP= 38.0% best= 45.0% p=-0.0002 v=2.9103 e=0.312 n=8761 t=2449s
[162/500] SP= 45.0% best= 45.0% p=0.0003 v=3.4831 e=0.315 n=7918 t=2464s
[163/500] SP= 49.0% best= 45.0% p=0.0004 v=3.5008 e=0.326 n=8357 t=2480s
[164/500] SP= 41.0% best= 45.0% p=0.0002 v=3.1213 e=0.337 n=8747 t=2496s
[165/500] SP= 39.0% best= 45.0% p=-0.0000 v=3.1935 e=0.341 n=8736 t=2512s
[166/500] SP= 42.0% best= 45.0% p=-0.0004 v=3.4002 e=0.324 n=7793 t=2528s
[167/500] SP= 42.0% best= 45.0% p=-0.0004 v=3.1432 e=0.322 n=8751 t=2543s
[168/500] SP= 44.0% best= 45.0% p=-0.0001 v=3.3580 e=0.322 n=7584 t=2559s
[169/500] SP= 45.0% best= 45.0% p=-0.0005 v=3.2467 e=0.323 n=8082 t=2574s
[170/500] SP= 40.0% best= 45.0% p=-0.0003 v=3.2112 e=0.313 n=7807 eval_R= 26.0% t=2589s
[171/500] SP= 36.0% best= 45.0% p=-0.0001 v=2.9403 e=0.293 n=8532 t=2620s
[172/500] SP= 41.0% best= 45.0% p=-0.0003 v=3.0120 e=0.290 n=9149 t=2636s
[173/500] SP= 43.0% best= 45.0% p=0.0002 v=3.2966 e=0.291 n=7921 t=2651s
[174/500] SP= 44.0% best= 45.0% p=0.0001 v=3.2716 e=0.297 n=8284 t=2667s
[175/500] SP= 36.0% best= 45.0% p=0.0002 v=3.1596 e=0.294 n=8942 t=2683s
[176/500] SP= 39.0% best= 45.0% p=0.0001 v=3.0008 e=0.309 n=9699 t=2700s
[177/500] SP= 43.0% best= 45.0% p=-0.0004 v=3.1367 e=0.312 n=8777 t=2716s
[178/500] SP= 41.0% best= 45.0% p=0.0000 v=3.0397 e=0.309 n=8367 t=2732s
[179/500] SP= 38.0% best= 45.0% p=-0.0001 v=3.1967 e=0.307 n=8129 t=2747s
[180/500] SP= 41.0% best= 45.0% p=-0.0001 v=3.1255 e=0.303 n=8181 eval_R= 37.0% t=2763s
[181/500] SP= 37.0% best= 45.0% p=-0.0002 v=3.2508 e=0.321 n=7568 t=2794s
[182/500] SP= 50.0% best= 45.0% p=-0.0001 v=3.3401 e=0.311 n=9084 t=2810s
[183/500] SP= 39.0% best= 45.0% p=-0.0001 v=2.9396 e=0.318 n=8695 t=2826s
[184/500] SP= 42.0% best= 45.0% p=-0.0004 v=3.1779 e=0.307 n=7996 t=2841s
[185/500] SP= 43.0% best= 45.0% p=-0.0002 v=3.1247 e=0.309 n=8647 t=2858s
[186/500] SP= 30.0% best= 45.0% p=-0.0001 v=2.9251 e=0.295 n=7493 t=2872s
[187/500] SP= 33.0% best= 45.0% p=-0.0007 v=2.8510 e=0.296 n=8356 t=2888s
[188/500] SP= 42.0% best= 45.0% p=-0.0002 v=3.0479 e=0.280 n=10022 t=2906s
[189/500] SP= 31.0% best= 45.0% p=-0.0001 v=2.6988 e=0.275 n=10161 t=2923s
[190/500] SP= 36.0% best= 45.0% p=-0.0001 v=2.9552 e=0.280 n=9676 eval_R= 38.0% t=2940s
[191/500] SP= 25.0% best= 45.0% p=-0.0001 v=2.5613 e=0.273 n=9247 t=2973s
[192/500] SP= 25.0% best= 45.0% p=-0.0001 v=2.5962 e=0.268 n=8349 t=2989s
[193/500] SP= 34.0% best= 45.0% p=0.0000 v=2.8961 e=0.262 n=9708 t=3006s
[194/500] SP= 30.0% best= 45.0% p=-0.0001 v=2.6103 e=0.268 n=9996 t=3023s
[195/500] SP= 31.0% best= 45.0% p=0.0001 v=2.7475 e=0.284 n=10304 t=3041s
[196/500] SP= 25.0% best= 45.0% p=0.0001 v=2.5001 e=0.284 n=10422 t=3058s
[197/500] SP= 34.0% best= 45.0% p=-0.0002 v=2.8332 e=0.284 n=10146 t=3075s
[198/500] SP= 33.0% best= 45.0% p=-0.0001 v=2.9660 e=0.294 n=8450 t=3090s
[199/500] SP= 32.0% best= 45.0% p=-0.0000 v=2.7887 e=0.291 n=9464 t=3107s
[200/500] SP= 31.0% best= 45.0% p=-0.0002 v=2.8423 e=0.290 n=8400 eval_R= 43.0% t=3122s
[201/500] SP= 23.0% best= 45.0% p=-0.0002 v=2.3979 e=0.287 n=9397 t=3154s
[202/500] SP= 31.0% best= 45.0% p=0.0000 v=2.6208 e=0.287 n=9324 t=3170s
[203/500] SP= 33.0% best= 45.0% p=-0.0003 v=2.6847 e=0.289 n=10848 t=3187s
[204/500] SP= 29.0% best= 45.0% p=0.0004 v=2.8494 e=0.302 n=8463 t=3203s
[205/500] SP= 29.0% best= 45.0% p=0.0000 v=2.7606 e=0.311 n=8586 t=3218s
[206/500] SP= 33.0% best= 45.0% p=-0.0001 v=2.8370 e=0.315 n=9363 t=3234s
[207/500] SP= 26.0% best= 45.0% p=-0.0002 v=2.6176 e=0.312 n=8892 t=3250s
[208/500] SP= 33.0% best= 45.0% p=-0.0001 v=3.1154 e=0.303 n=8499 t=3266s
[209/500] SP= 31.0% best= 45.0% p=-0.0000 v=2.9360 e=0.296 n=9965 t=3283s
[210/500] SP= 34.0% best= 45.0% p=-0.0004 v=3.0315 e=0.311 n=9215 eval_R= 43.0% t=3299s
[211/500] SP= 26.0% best= 45.0% p=-0.0001 v=2.6843 e=0.302 n=9022 t=3330s
[212/500] SP= 30.0% best= 45.0% p=-0.0002 v=2.7633 e=0.298 n=8799 t=3346s
[213/500] SP= 31.0% best= 45.0% p=-0.0001 v=2.7979 e=0.294 n=9064 t=3362s
[214/500] SP= 30.0% best= 45.0% p=-0.0000 v=2.8294 e=0.300 n=9001 t=3379s
[215/500] SP= 32.0% best= 45.0% p=-0.0001 v=2.8933 e=0.300 n=9151 t=3395s
[216/500] SP= 35.0% best= 45.0% p=0.0000 v=3.0733 e=0.311 n=9180 t=3411s
[217/500] SP= 34.0% best= 45.0% p=-0.0009 v=3.0502 e=0.308 n=8299 t=3426s
[218/500] SP= 28.0% best= 45.0% p=0.0000 v=2.6940 e=0.315 n=9232 t=3442s
[219/500] SP= 30.0% best= 45.0% p=-0.0000 v=2.8428 e=0.309 n=8493 t=3458s
[220/500] SP= 23.0% best= 45.0% p=-0.0005 v=2.5526 e=0.305 n=8673 eval_R= 43.0% t=3474s
[221/500] SP= 32.0% best= 45.0% p=0.0001 v=3.0916 e=0.299 n=9323 t=3505s
[222/500] SP= 31.0% best= 45.0% p=0.0001 v=2.5749 e=0.307 n=10436 t=3523s
[223/500] SP= 40.0% best= 45.0% p=0.0009 v=3.2895 e=0.316 n=9183 t=3539s
[224/500] SP= 30.0% best= 45.0% p=0.0001 v=2.8813 e=0.327 n=9123 t=3555s
[225/500] SP= 27.0% best= 45.0% p=-0.0004 v=2.6122 e=0.324 n=8638 t=3571s
[226/500] SP= 32.0% best= 45.0% p=-0.0005 v=2.9018 e=0.310 n=9039 t=3587s
[227/500] SP= 26.0% best= 45.0% p=-0.0005 v=2.6211 e=0.312 n=9499 t=3603s
[228/500] SP= 25.0% best= 45.0% p=-0.0005 v=2.4744 e=0.288 n=9016 t=3620s
[229/500] SP= 23.0% best= 45.0% p=-0.0006 v=2.6900 e=0.293 n=8599 t=3635s
[230/500] SP= 31.0% best= 45.0% p=-0.0001 v=2.7767 e=0.292 n=8828 eval_R= 43.0% t=3651s
[231/500] SP= 19.0% best= 45.0% p=-0.0001 v=2.3895 e=0.292 n=8336 t=3682s
[232/500] SP= 34.0% best= 45.0% p=-0.0001 v=2.7977 e=0.295 n=10264 t=3699s
[233/500] SP= 32.0% best= 45.0% p=0.0001 v=2.7901 e=0.309 n=9581 t=3716s
[234/500] SP= 40.0% best= 45.0% p=0.0001 v=3.1839 e=0.302 n=9234 t=3732s
[235/500] SP= 29.0% best= 45.0% p=0.0000 v=2.6904 e=0.315 n=9132 t=3749s
[236/500] SP= 32.0% best= 45.0% p=-0.0000 v=2.6629 e=0.309 n=9816 t=3766s
[237/500] SP= 29.0% best= 45.0% p=-0.0000 v=2.6615 e=0.303 n=9395 t=3783s
[238/500] SP= 37.0% best= 45.0% p=-0.0001 v=2.8196 e=0.311 n=10019 t=3800s
[239/500] SP= 27.0% best= 45.0% p=0.0001 v=2.4948 e=0.295 n=9808 t=3817s
  -> New best eval WR 48% saved
[240/500] SP= 37.0% best= 48.0% p=-0.0000 v=3.0760 e=0.304 n=9891 eval_R= 48.0% t=3834s
[241/500] SP= 30.0% best= 48.0% p=-0.0004 v=2.5790 e=0.307 n=10862 t=3869s
[242/500] SP= 30.0% best= 48.0% p=-0.0003 v=2.7024 e=0.319 n=9170 t=3886s
[243/500] SP= 17.0% best= 48.0% p=-0.0000 v=2.2032 e=0.316 n=8620 t=3902s
[244/500] SP= 30.0% best= 48.0% p=-0.0003 v=2.7987 e=0.308 n=8934 t=3919s
[245/500] SP= 28.0% best= 48.0% p=-0.0000 v=2.6114 e=0.318 n=9081 t=3935s
[246/500] SP= 31.0% best= 48.0% p=0.0000 v=2.9066 e=0.331 n=9297 t=3952s
[247/500] SP= 28.0% best= 48.0% p=-0.0001 v=2.6420 e=0.337 n=8849 t=3968s
[248/500] SP= 25.0% best= 48.0% p=0.0000 v=2.4459 e=0.322 n=9164 t=3986s
[249/500] SP= 26.0% best= 48.0% p=-0.0007 v=2.4674 e=0.314 n=9803 t=4003s
[250/500] SP= 40.0% best= 48.0% p=-0.0003 v=3.2370 e=0.308 n=9224 eval_R= 32.0% t=4019s
[251/500] SP= 44.0% best= 48.0% p=-0.0000 v=3.4757 e=0.316 n=8838 t=4051s
[252/500] SP= 41.0% best= 48.0% p=0.0003 v=3.2248 e=0.338 n=8596 t=4067s
[253/500] SP= 37.0% best= 48.0% p=0.0003 v=3.0350 e=0.357 n=9653 t=4083s
[254/500] SP= 37.0% best= 48.0% p=-0.0001 v=3.2360 e=0.349 n=7392 t=4098s
[255/500] SP= 40.0% best= 48.0% p=-0.0002 v=3.0881 e=0.343 n=8585 t=4114s
[256/500] SP= 31.0% best= 48.0% p=-0.0003 v=2.8611 e=0.341 n=8555 t=4130s
[257/500] SP= 29.0% best= 48.0% p=-0.0005 v=2.8470 e=0.335 n=8130 t=4145s
[258/500] SP= 39.0% best= 48.0% p=-0.0000 v=3.1649 e=0.316 n=8231 t=4161s
[259/500] SP= 25.0% best= 48.0% p=-0.0000 v=2.5283 e=0.305 n=8606 t=4177s
[260/500] SP= 44.0% best= 48.0% p=0.0000 v=3.4530 e=0.315 n=10339 eval_R= 34.0% t=4194s
[261/500] SP= 35.0% best= 48.0% p=0.0001 v=2.9233 e=0.321 n=9159 t=4227s
[262/500] SP= 32.0% best= 48.0% p=0.0002 v=2.8054 e=0.326 n=8591 t=4243s
[263/500] SP= 35.0% best= 48.0% p=0.0002 v=2.9245 e=0.334 n=8396 t=4258s
[264/500] SP= 37.0% best= 48.0% p=-0.0000 v=3.1273 e=0.329 n=9180 t=4275s
[265/500] SP= 38.0% best= 48.0% p=0.0004 v=3.1015 e=0.346 n=8726 t=4290s
[266/500] SP= 42.0% best= 48.0% p=-0.0001 v=3.3387 e=0.365 n=7614 t=4305s
[267/500] SP= 30.0% best= 48.0% p=0.0003 v=2.8821 e=0.374 n=9142 t=4322s
[268/500] SP= 22.0% best= 48.0% p=-0.0004 v=2.5127 e=0.357 n=8501 t=4338s
[269/500] SP= 26.0% best= 48.0% p=-0.0000 v=2.7523 e=0.354 n=7882 t=4353s
[270/500] SP= 36.0% best= 48.0% p=-0.0001 v=3.2223 e=0.348 n=7674 eval_R= 42.0% t=4368s
[271/500] SP= 29.0% best= 48.0% p=-0.0003 v=2.5727 e=0.347 n=9565 t=4400s
[272/500] SP= 37.0% best= 48.0% p=-0.0000 v=3.2084 e=0.346 n=10094 t=4418s
[273/500] SP= 33.0% best= 48.0% p=-0.0001 v=2.8062 e=0.364 n=8979 t=4434s
[274/500] SP= 32.0% best= 48.0% p=0.0000 v=2.7727 e=0.366 n=9652 t=4451s
[275/500] SP= 39.0% best= 48.0% p=0.0000 v=3.3137 e=0.361 n=7613 t=4466s
[276/500] SP= 32.0% best= 48.0% p=-0.0001 v=2.8718 e=0.361 n=7990 t=4481s
[277/500] SP= 30.0% best= 48.0% p=-0.0004 v=2.9963 e=0.356 n=8268 t=4496s
[278/500] SP= 44.0% best= 48.0% p=-0.0005 v=3.3455 e=0.350 n=7814 t=4512s
[279/500] SP= 26.0% best= 48.0% p=-0.0002 v=2.6155 e=0.344 n=8959 t=4528s
[280/500] SP= 37.0% best= 48.0% p=-0.0001 v=3.0727 e=0.339 n=8926 eval_R= 38.0% t=4545s
[281/500] SP= 35.0% best= 48.0% p=-0.0001 v=2.9557 e=0.341 n=8550 t=4577s
[282/500] SP= 32.0% best= 48.0% p=-0.0002 v=2.9660 e=0.335 n=7917 t=4592s
[283/500] SP= 41.0% best= 48.0% p=-0.0001 v=3.0581 e=0.345 n=10212 t=4610s
[284/500] SP= 32.0% best= 48.0% p=-0.0002 v=2.8842 e=0.343 n=8777 t=4626s
[285/500] SP= 37.0% best= 48.0% p=-0.0002 v=2.9170 e=0.340 n=10183 t=4643s
[286/500] SP= 37.0% best= 48.0% p=-0.0002 v=3.0204 e=0.341 n=9708 t=4660s
[287/500] SP= 36.0% best= 48.0% p=-0.0002 v=2.9301 e=0.335 n=8496 t=4676s
[288/500] SP= 37.0% best= 48.0% p=-0.0002 v=3.0736 e=0.332 n=8341 t=4691s
[289/500] SP= 36.0% best= 48.0% p=-0.0002 v=3.0371 e=0.346 n=8971 t=4708s
[290/500] SP= 29.0% best= 48.0% p=0.0001 v=2.7086 e=0.331 n=8766 eval_R= 43.0% t=4724s
[291/500] SP= 36.0% best= 48.0% p=-0.0004 v=2.8346 e=0.336 n=8875 t=4757s
[292/500] SP= 25.0% best= 48.0% p=-0.0008 v=2.7019 e=0.316 n=8098 t=4772s
[293/500] SP= 29.0% best= 48.0% p=-0.0002 v=2.6497 e=0.312 n=9859 t=4790s
[294/500] SP= 30.0% best= 48.0% p=-0.0000 v=2.7379 e=0.317 n=10106 t=4807s
[295/500] SP= 31.0% best= 48.0% p=-0.0001 v=2.7271 e=0.320 n=9083 t=4824s
[296/500] SP= 36.0% best= 48.0% p=0.0002 v=3.0400 e=0.337 n=8860 t=4840s
[297/500] SP= 28.0% best= 48.0% p=-0.0001 v=2.7447 e=0.332 n=8993 t=4857s
[298/500] SP= 26.0% best= 48.0% p=-0.0005 v=2.7060 e=0.315 n=9137 t=4874s
[299/500] SP= 36.0% best= 48.0% p=0.0002 v=2.9818 e=0.315 n=10635 t=4892s
[300/500] SP= 30.0% best= 48.0% p=-0.0001 v=2.7367 e=0.312 n=8788 eval_R= 44.0% t=4908s
[301/500] SP= 33.0% best= 48.0% p=-0.0001 v=2.7921 e=0.311 n=9363 t=4940s
[302/500] SP= 36.0% best= 48.0% p=-0.0002 v=2.7891 e=0.309 n=9973 t=4958s
[303/500] SP= 26.0% best= 48.0% p=-0.0003 v=2.4829 e=0.299 n=9205 t=4975s
[304/500] SP= 28.0% best= 48.0% p=-0.0001 v=2.3632 e=0.297 n=9689 t=4992s
[305/500] SP= 29.0% best= 48.0% p=-0.0008 v=2.7883 e=0.297 n=8833 t=5008s
[306/500] SP= 30.0% best= 48.0% p=-0.0000 v=2.6336 e=0.296 n=9909 t=5025s
[307/500] SP= 31.0% best= 48.0% p=-0.0003 v=2.5048 e=0.292 n=11370 t=5044s
[308/500] SP= 29.0% best= 48.0% p=-0.0001 v=2.5539 e=0.292 n=10204 t=5062s
[309/500] SP= 23.0% best= 48.0% p=-0.0001 v=2.2463 e=0.289 n=10882 t=5080s
  -> New best eval WR 59% saved
[310/500] SP= 34.0% best= 59.0% p=-0.0000 v=2.6938 e=0.284 n=11246 eval_R= 59.0% t=5099s
[311/500] SP= 20.0% best= 59.0% p=-0.0001 v=2.0273 e=0.278 n=11206 t=5136s
[312/500] SP= 28.0% best= 59.0% p=-0.0000 v=2.2000 e=0.273 n=12263 t=5155s
[313/500] SP= 28.0% best= 59.0% p=0.0002 v=2.5409 e=0.282 n=11155 t=5174s
[314/500] SP= 23.0% best= 59.0% p=0.0001 v=2.3538 e=0.282 n=10478 t=5193s
[315/500] SP= 19.0% best= 59.0% p=-0.0000 v=1.9958 e=0.285 n=11929 t=5212s
[316/500] SP= 26.0% best= 59.0% p=-0.0003 v=2.3201 e=0.271 n=9661 t=5229s
[317/500] SP= 22.0% best= 59.0% p=0.0000 v=2.0789 e=0.269 n=11871 t=5248s
[318/500] SP= 25.0% best= 59.0% p=-0.0002 v=2.0151 e=0.281 n=11475 t=5267s
[319/500] SP= 37.0% best= 59.0% p=0.0004 v=3.1179 e=0.273 n=10465 t=5285s
[320/500] SP= 32.0% best= 59.0% p=-0.0002 v=2.4273 e=0.268 n=11161 eval_R= 37.0% t=5303s
[321/500] SP= 42.0% best= 59.0% p=0.0004 v=3.1773 e=0.284 n=9394 t=5337s
[322/500] SP= 49.0% best= 59.0% p=0.0005 v=3.1666 e=0.297 n=10240 t=5354s
[323/500] SP= 44.0% best= 59.0% p=0.0005 v=2.9596 e=0.299 n=9876 t=5371s
[324/500] SP= 61.0% best= 59.0% p=0.0001 v=3.2680 e=0.306 n=9026 t=5387s
[325/500] SP= 47.0% best= 59.0% p=-0.0002 v=2.9119 e=0.300 n=9377 t=5404s
[326/500] SP= 53.0% best= 59.0% p=-0.0005 v=2.7216 e=0.314 n=9737 t=5421s
[327/500] SP= 45.0% best= 59.0% p=-0.0004 v=2.8587 e=0.313 n=9972 t=5439s
[328/500] SP= 50.0% best= 59.0% p=-0.0001 v=2.9628 e=0.301 n=9024 t=5455s
[329/500] SP= 56.0% best= 59.0% p=-0.0004 v=2.9814 e=0.289 n=10155 t=5472s
[330/500] SP= 48.0% best= 59.0% p=-0.0002 v=2.7545 e=0.290 n=11041 eval_R= 36.0% t=5491s
[331/500] SP= 47.0% best= 59.0% p=-0.0001 v=2.7800 e=0.296 n=10453 t=5525s
[332/500] SP= 43.0% best= 59.0% p=-0.0002 v=2.7739 e=0.299 n=11388 t=5544s
[333/500] SP= 47.0% best= 59.0% p=-0.0004 v=2.7208 e=0.288 n=11041 t=5562s
[334/500] SP= 31.0% best= 59.0% p=0.0001 v=2.6624 e=0.277 n=11498 t=5581s
[335/500] SP= 32.0% best= 59.0% p=-0.0004 v=2.4315 e=0.279 n=13278 t=5601s
[336/500] SP= 24.0% best= 59.0% p=0.0002 v=2.0969 e=0.263 n=10464 t=5619s
[337/500] SP= 20.0% best= 59.0% p=0.0008 v=1.9353 e=0.248 n=12220 t=5639s
[338/500] SP= 19.0% best= 59.0% p=0.0002 v=1.8099 e=0.227 n=13092 t=5660s
[339/500] SP= 23.0% best= 59.0% p=-0.0001 v=2.2407 e=0.227 n=12192 t=5680s
  -> New best eval WR 69% saved
[340/500] SP= 15.0% best= 69.0% p=-0.0000 v=1.4277 e=0.245 n=13538 eval_R= 69.0% t=5701s
[341/500] SP= 25.0% best= 69.0% p=0.0001 v=2.1197 e=0.239 n=12238 t=5739s
[342/500] SP= 23.0% best= 69.0% p=0.0001 v=1.9583 e=0.254 n=12259 t=5759s
[343/500] SP= 26.0% best= 69.0% p=-0.0001 v=2.0505 e=0.264 n=12174 t=5779s
[344/500] SP= 20.0% best= 69.0% p=-0.0000 v=1.8849 e=0.250 n=12234 t=5799s
[345/500] SP= 25.0% best= 69.0% p=-0.0001 v=2.0978 e=0.257 n=11741 t=5818s
[346/500] SP= 29.0% best= 69.0% p=-0.0002 v=2.3593 e=0.267 n=11577 t=5837s
[347/500] SP= 41.0% best= 69.0% p=0.0002 v=2.8913 e=0.281 n=10970 t=5856s
[348/500] SP= 44.0% best= 69.0% p=0.0000 v=2.9399 e=0.283 n=10027 t=5873s
[349/500] SP= 44.0% best= 69.0% p=0.0001 v=2.6629 e=0.298 n=11681 t=5892s
[350/500] SP= 52.0% best= 69.0% p=-0.0008 v=2.9436 e=0.303 n=10390 eval_R= 30.0% t=5910s
[351/500] SP= 52.0% best= 69.0% p=-0.0003 v=2.9438 e=0.310 n=10240 t=5943s
[352/500] SP= 44.0% best= 69.0% p=-0.0005 v=2.9929 e=0.305 n=9115 t=5960s
[353/500] SP= 49.0% best= 69.0% p=0.0003 v=2.7285 e=0.316 n=10655 t=5978s
[354/500] SP= 37.0% best= 69.0% p=0.0001 v=2.8445 e=0.319 n=9493 t=5995s
[355/500] SP= 23.0% best= 69.0% p=0.0001 v=2.1535 e=0.308 n=13100 t=6016s
[356/500] SP= 14.0% best= 69.0% p=0.0007 v=1.6792 e=0.297 n=12007 t=6036s
[357/500] SP= 18.0% best= 69.0% p=0.0010 v=1.8145 e=0.271 n=11679 t=6055s
[358/500] SP= 25.0% best= 69.0% p=0.0002 v=2.1538 e=0.287 n=13078 t=6075s
[359/500] SP= 19.0% best= 69.0% p=0.0004 v=2.2498 e=0.284 n=9353 t=6092s
[360/500] SP= 17.0% best= 69.0% p=-0.0002 v=1.8561 e=0.297 n=10677 eval_R= 67.0% t=6111s
[361/500] SP= 19.0% best= 69.0% p=0.0001 v=1.9661 e=0.300 n=11204 t=6147s
[362/500] SP= 17.0% best= 69.0% p=-0.0000 v=1.6596 e=0.307 n=11131 t=6166s
[363/500] SP= 17.0% best= 69.0% p=-0.0002 v=1.8369 e=0.294 n=10241 t=6184s
[364/500] SP= 20.0% best= 69.0% p=-0.0002 v=2.0530 e=0.307 n=10817 t=6202s
[365/500] SP= 16.0% best= 69.0% p=-0.0001 v=1.8472 e=0.318 n=10406 t=6220s
[366/500] SP= 20.0% best= 69.0% p=-0.0002 v=2.0701 e=0.308 n=11124 t=6239s
[367/500] SP= 16.0% best= 69.0% p=-0.0002 v=1.6311 e=0.306 n=10831 t=6257s
[368/500] SP= 13.0% best= 69.0% p=-0.0002 v=1.3379 e=0.292 n=11286 t=6276s
[369/500] SP= 14.0% best= 69.0% p=0.0002 v=1.6053 e=0.277 n=12138 t=6296s
  -> New best eval WR 72% saved
[370/500] SP= 19.0% best= 72.0% p=-0.0002 v=1.7049 e=0.290 n=11559 eval_R= 72.0% t=6315s
[371/500] SP= 21.0% best= 72.0% p=-0.0000 v=1.9519 e=0.302 n=12349 t=6354s
[372/500] SP= 25.0% best= 72.0% p=0.0007 v=2.3146 e=0.324 n=12774 t=6375s
[373/500] SP= 28.0% best= 72.0% p=0.0002 v=2.3475 e=0.342 n=11891 t=6395s
[374/500] SP= 25.0% best= 72.0% p=-0.0001 v=2.1982 e=0.346 n=10511 t=6412s
[375/500] SP= 16.0% best= 72.0% p=-0.0001 v=1.7365 e=0.332 n=11317 t=6432s
[376/500] SP= 20.0% best= 72.0% p=-0.0003 v=1.6952 e=0.324 n=11534 t=6451s
[377/500] SP= 24.0% best= 72.0% p=-0.0000 v=2.1966 e=0.313 n=11188 t=6470s
[378/500] SP= 27.0% best= 72.0% p=-0.0001 v=2.4858 e=0.319 n=12369 t=6490s
[379/500] SP= 26.0% best= 72.0% p=-0.0007 v=2.3139 e=0.325 n=10724 t=6508s
[380/500] SP= 29.0% best= 72.0% p=-0.0002 v=2.3388 e=0.332 n=12290 eval_R= 57.0% t=6528s
[381/500] SP= 35.0% best= 72.0% p=0.0004 v=2.6456 e=0.346 n=10528 t=6564s
[382/500] SP= 26.0% best= 72.0% p=-0.0002 v=2.5114 e=0.346 n=10346 t=6582s
[383/500] SP= 21.0% best= 72.0% p=0.0002 v=1.9577 e=0.350 n=11347 t=6601s
[384/500] SP= 17.0% best= 72.0% p=0.0004 v=2.0575 e=0.341 n=11590 t=6620s
[385/500] SP= 18.0% best= 72.0% p=-0.0002 v=1.6891 e=0.315 n=11344 t=6639s
[386/500] SP= 14.0% best= 72.0% p=-0.0000 v=1.9054 e=0.296 n=11237 t=6658s
[387/500] SP= 19.0% best= 72.0% p=0.0000 v=2.0701 e=0.294 n=11176 t=6677s
[388/500] SP= 14.0% best= 72.0% p=0.0000 v=1.5511 e=0.311 n=10949 t=6695s
[389/500] SP= 17.0% best= 72.0% p=0.0000 v=1.8261 e=0.311 n=13393 t=6717s
[390/500] SP= 20.0% best= 72.0% p=0.0001 v=1.8619 e=0.319 n=12036 eval_R= 70.0% t=6736s
[391/500] SP= 21.0% best= 72.0% p=-0.0004 v=2.0940 e=0.329 n=11241 t=6773s
[392/500] SP= 15.0% best= 72.0% p=-0.0001 v=1.6590 e=0.329 n=11121 t=6792s
[393/500] SP= 14.0% best= 72.0% p=0.0000 v=1.4220 e=0.312 n=11636 t=6812s
[394/500] SP= 18.0% best= 72.0% p=-0.0002 v=1.6915 e=0.301 n=13165 t=6833s
[395/500] SP= 19.0% best= 72.0% p=-0.0004 v=1.5224 e=0.302 n=11798 t=6852s
[396/500] SP= 18.0% best= 72.0% p=-0.0000 v=1.5605 e=0.306 n=13159 t=6873s
[397/500] SP= 32.0% best= 72.0% p=0.0004 v=2.7254 e=0.322 n=11119 t=6892s
[398/500] SP= 25.0% best= 72.0% p=-0.0003 v=1.9348 e=0.339 n=11659 t=6911s
[399/500] SP= 30.0% best= 72.0% p=-0.0002 v=2.3992 e=0.351 n=10594 t=6930s
[400/500] SP= 40.0% best= 72.0% p=0.0003 v=3.3799 e=0.356 n=8734 eval_R= 35.0% t=6946s
[401/500] SP= 34.0% best= 72.0% p=0.0002 v=2.8534 e=0.363 n=7984 t=6979s
[402/500] SP= 43.0% best= 72.0% p=-0.0006 v=3.0336 e=0.372 n=9256 t=6996s
[403/500] SP= 45.0% best= 72.0% p=-0.0003 v=3.1666 e=0.375 n=8826 t=7012s
[404/500] SP= 41.0% best= 72.0% p=-0.0012 v=2.8276 e=0.376 n=9332 t=7029s
[405/500] SP= 35.0% best= 72.0% p=0.0004 v=2.8172 e=0.366 n=8871 t=7046s
[406/500] SP= 21.0% best= 72.0% p=0.0003 v=2.2302 e=0.368 n=11264 t=7066s
[407/500] SP= 18.0% best= 72.0% p=0.0014 v=2.0603 e=0.360 n=10506 t=7085s
[408/500] SP= 22.0% best= 72.0% p=0.0006 v=2.1914 e=0.349 n=10137 t=7103s
[409/500] SP= 14.0% best= 72.0% p=0.0007 v=1.6970 e=0.346 n=9707 t=7121s
[410/500] SP= 28.0% best= 72.0% p=0.0004 v=2.7885 e=0.333 n=10487 eval_R= 61.0% t=7139s
[411/500] SP= 17.0% best= 72.0% p=0.0001 v=2.1073 e=0.350 n=9498 t=7174s
[412/500] SP= 17.0% best= 72.0% p=-0.0002 v=1.9058 e=0.353 n=9065 t=7191s
[413/500] SP= 20.0% best= 72.0% p=-0.0000 v=2.2585 e=0.374 n=9670 t=7208s
[414/500] SP= 21.0% best= 72.0% p=-0.0001 v=2.3225 e=0.382 n=9704 t=7226s
[415/500] SP= 15.0% best= 72.0% p=-0.0004 v=1.6276 e=0.358 n=9993 t=7244s
[416/500] SP= 11.0% best= 72.0% p=-0.0002 v=1.5331 e=0.332 n=10265 t=7262s
[417/500] SP= 21.0% best= 72.0% p=-0.0004 v=2.2382 e=0.326 n=10896 t=7281s
[418/500] SP= 17.0% best= 72.0% p=-0.0003 v=2.0120 e=0.329 n=10792 t=7300s
[419/500] SP= 20.0% best= 72.0% p=-0.0000 v=1.8707 e=0.341 n=11909 t=7319s
  -> New best eval WR 73% saved
[420/500] SP= 13.0% best= 73.0% p=-0.0001 v=1.3776 e=0.327 n=11989 eval_R= 73.0% t=7339s
[421/500] SP= 13.0% best= 73.0% p=-0.0006 v=1.6228 e=0.315 n=10631 t=7376s
[422/500] SP= 19.0% best= 73.0% p=-0.0001 v=1.9986 e=0.311 n=11101 t=7395s
[423/500] SP= 17.0% best= 73.0% p=-0.0003 v=1.8679 e=0.317 n=12156 t=7415s
[424/500] SP= 20.0% best= 73.0% p=0.0000 v=1.9229 e=0.321 n=12358 t=7435s
[425/500] SP= 17.0% best= 73.0% p=-0.0003 v=1.7609 e=0.325 n=10925 t=7454s
[426/500] SP= 20.0% best= 73.0% p=-0.0002 v=1.8604 e=0.310 n=12539 t=7474s
[427/500] SP= 20.0% best= 73.0% p=-0.0000 v=1.7275 e=0.307 n=12938 t=7495s
[428/500] SP= 20.0% best= 73.0% p=-0.0000 v=1.6712 e=0.305 n=14000 t=7517s
[429/500] SP= 24.0% best= 73.0% p=0.0001 v=2.0520 e=0.295 n=11493 t=7537s
[430/500] SP= 26.0% best= 73.0% p=-0.0001 v=2.1522 e=0.314 n=12538 eval_R= 61.0% t=7558s
[431/500] SP= 26.0% best= 73.0% p=0.0002 v=2.2300 e=0.327 n=11972 t=7596s
[432/500] SP= 17.0% best= 73.0% p=0.0001 v=1.7672 e=0.333 n=12726 t=7616s
[433/500] SP= 21.0% best= 73.0% p=-0.0004 v=2.0639 e=0.318 n=10543 t=7634s
[434/500] SP= 18.0% best= 73.0% p=0.0002 v=1.9219 e=0.315 n=11316 t=7653s
[435/500] SP= 15.0% best= 73.0% p=-0.0003 v=1.7109 e=0.316 n=12849 t=7673s
[436/500] SP= 17.0% best= 73.0% p=-0.0002 v=1.7351 e=0.298 n=10422 t=7691s
[437/500] SP= 20.0% best= 73.0% p=-0.0001 v=1.9952 e=0.303 n=10664 t=7710s
[438/500] SP= 17.0% best= 73.0% p=-0.0002 v=1.6180 e=0.303 n=11923 t=7729s
[439/500] SP= 17.0% best= 73.0% p=0.0001 v=1.6489 e=0.303 n=12184 t=7749s
[440/500] SP= 18.0% best= 73.0% p=0.0000 v=1.8851 e=0.310 n=12137 eval_R= 72.0% t=7768s
[441/500] SP= 19.0% best= 73.0% p=-0.0001 v=1.9416 e=0.310 n=13793 t=7807s
[442/500] SP= 17.0% best= 73.0% p=-0.0000 v=1.6615 e=0.323 n=12103 t=7827s
[443/500] SP= 22.0% best= 73.0% p=-0.0000 v=1.9564 e=0.325 n=12047 t=7847s
[444/500] SP= 16.0% best= 73.0% p=-0.0001 v=1.7939 e=0.319 n=12082 t=7866s
[445/500] SP= 19.0% best= 73.0% p=-0.0002 v=1.8525 e=0.303 n=11196 t=7885s
[446/500] SP= 14.0% best= 73.0% p=-0.0004 v=1.4991 e=0.294 n=12200 t=7904s
[447/500] SP= 24.0% best= 73.0% p=-0.0000 v=2.1488 e=0.286 n=13116 t=7925s
[448/500] SP= 24.0% best= 73.0% p=-0.0004 v=2.1093 e=0.308 n=13434 t=7946s
[449/500] SP= 16.0% best= 73.0% p=-0.0001 v=1.5588 e=0.310 n=12836 t=7967s
[450/500] SP= 26.0% best= 73.0% p=-0.0003 v=2.1101 e=0.321 n=11583 eval_R= 63.0% t=7986s
[451/500] SP= 22.0% best= 73.0% p=-0.0003 v=2.1775 e=0.330 n=10750 t=8024s
[452/500] SP= 30.0% best= 73.0% p=0.0003 v=2.4725 e=0.344 n=11489 t=8044s
[453/500] SP= 26.0% best= 73.0% p=-0.0001 v=2.3312 e=0.353 n=10849 t=8063s
[454/500] SP= 23.0% best= 73.0% p=-0.0003 v=1.8790 e=0.351 n=11549 t=8083s
[455/500] SP= 31.0% best= 73.0% p=-0.0003 v=2.4186 e=0.340 n=11005 t=8103s
[456/500] SP= 27.0% best= 73.0% p=-0.0001 v=2.4099 e=0.328 n=12023 t=8123s
[457/500] SP= 26.0% best= 73.0% p=-0.0003 v=2.3270 e=0.332 n=11316 t=8142s
[458/500] SP= 20.0% best= 73.0% p=-0.0002 v=1.9562 e=0.332 n=11318 t=8163s
[459/500] SP= 25.0% best= 73.0% p=-0.0000 v=2.1085 e=0.329 n=11912 t=8184s
[460/500] SP= 15.0% best= 73.0% p=0.0002 v=1.7020 e=0.312 n=13980 eval_R= 72.0% t=8206s
[461/500] SP= 24.0% best= 73.0% p=-0.0000 v=2.2621 e=0.302 n=12491 t=8246s
[462/500] SP= 17.0% best= 73.0% p=-0.0000 v=1.8662 e=0.311 n=12041 t=8266s
[463/500] SP= 15.0% best= 73.0% p=0.0000 v=1.5025 e=0.308 n=12502 t=8288s
[464/500] SP= 26.0% best= 73.0% p=0.0001 v=2.3738 e=0.306 n=12126 t=8308s
[465/500] SP= 27.0% best= 73.0% p=0.0001 v=2.3489 e=0.309 n=12240 t=8329s
[466/500] SP= 15.0% best= 73.0% p=0.0002 v=1.6629 e=0.319 n=13854 t=8351s
[467/500] SP= 21.0% best= 73.0% p=-0.0002 v=2.2086 e=0.323 n=11428 t=8371s
[468/500] SP= 19.0% best= 73.0% p=-0.0001 v=2.0147 e=0.320 n=12473 t=8392s
[469/500] SP= 22.0% best= 73.0% p=-0.0001 v=1.9564 e=0.317 n=13374 t=8415s
[470/500] SP= 26.0% best= 73.0% p=-0.0003 v=2.2074 e=0.303 n=11078 eval_R= 72.0% t=8435s
[471/500] SP= 20.0% best= 73.0% p=-0.0001 v=2.2348 e=0.317 n=11137 t=8473s
[472/500] SP= 21.0% best= 73.0% p=-0.0002 v=2.0679 e=0.318 n=11038 t=8493s
[473/500] SP= 24.0% best= 73.0% p=-0.0005 v=2.3038 e=0.319 n=11994 t=8514s
[474/500] SP= 22.0% best= 73.0% p=-0.0003 v=2.2126 e=0.305 n=11308 t=8534s
[475/500] SP= 21.0% best= 73.0% p=0.0002 v=1.9396 e=0.307 n=13611 t=8556s
[476/500] SP= 24.0% best= 73.0% p=-0.0002 v=2.0694 e=0.293 n=13761 t=8578s
[477/500] SP= 25.0% best= 73.0% p=0.0004 v=2.4602 e=0.295 n=12097 t=8599s
[478/500] SP= 25.0% best= 73.0% p=-0.0001 v=2.2634 e=0.310 n=12539 t=8620s
[479/500] SP= 30.0% best= 73.0% p=-0.0013 v=2.6931 e=0.323 n=11591 t=8640s
[480/500] SP= 26.0% best= 73.0% p=-0.0002 v=2.3425 e=0.330 n=11557 eval_R= 69.0% t=8660s
[481/500] SP= 15.0% best= 73.0% p=-0.0000 v=1.7567 e=0.327 n=12435 t=8700s
[482/500] SP= 23.0% best= 73.0% p=-0.0002 v=2.3118 e=0.319 n=11284 t=8720s
[483/500] SP= 20.0% best= 73.0% p=0.0001 v=1.8755 e=0.308 n=11395 t=8740s
[484/500] SP= 28.0% best= 73.0% p=0.0003 v=2.3500 e=0.298 n=12466 t=8761s
[485/500] SP= 24.0% best= 73.0% p=0.0000 v=2.1219 e=0.318 n=12341 t=8782s
[486/500] SP= 24.0% best= 73.0% p=0.0001 v=2.0931 e=0.320 n=11997 t=8803s
[487/500] SP= 19.0% best= 73.0% p=0.0001 v=1.9725 e=0.322 n=12560 t=8824s
[488/500] SP= 18.0% best= 73.0% p=0.0002 v=1.9799 e=0.328 n=12281 t=8845s
[489/500] SP= 17.0% best= 73.0% p=0.0001 v=1.7990 e=0.317 n=12360 t=8866s
[490/500] SP= 20.0% best= 73.0% p=0.0001 v=1.9516 e=0.307 n=12019 eval_R= 70.0% t=8886s
[491/500] SP= 24.0% best= 73.0% p=-0.0001 v=2.5038 e=0.324 n=11039 t=8924s
[492/500] SP= 17.0% best= 73.0% p=0.0003 v=2.0548 e=0.336 n=10659 t=8943s
[493/500] SP= 19.0% best= 73.0% p=-0.0002 v=1.8957 e=0.338 n=10628 t=8962s
[494/500] SP= 18.0% best= 73.0% p=0.0001 v=1.9358 e=0.322 n=11730 t=8982s
[495/500] SP= 18.0% best= 73.0% p=-0.0003 v=2.1545 e=0.322 n=11023 t=9002s
[496/500] SP= 15.0% best= 73.0% p=-0.0001 v=1.5695 e=0.333 n=11219 t=9022s
[497/500] SP= 26.0% best= 73.0% p=-0.0001 v=2.5499 e=0.337 n=10567 t=9040s
[498/500] SP= 25.0% best= 73.0% p=-0.0009 v=2.1702 e=0.344 n=12058 t=9061s
[499/500] SP= 17.0% best= 73.0% p=-0.0002 v=1.7420 e=0.349 n=11376 t=9081s
[500/500] SP= 26.0% best= 73.0% p=-0.0001 v=2.3043 e=0.340 n=12523 eval_R= 69.0% t=9102s
Final weights saved to nn_weights_v47_final.pt
Eval vs random: 194W-204L-102D (38.8%)
Weights exported to nn_weights_v47.py
