/Users/leo/Library/Python/3.9/lib/python/site-packages/urllib3/__init__.py:35: NotOpenSSLWarning: urllib3 v2 only supports OpenSSL 1.1.1+, currently the 'ssl' module is compiled with 'LibreSSL 2.8.3'. See: https://github.com/urllib3/urllib3/issues/3020
  warnings.warn(
OpenSpiel exception: Unknown game 'connect_four_proxy'. Available games are:
2048
add_noise
amazons
backgammon
bargaining
battleship
blackjack
blotto
breakthrough
bridge
bridge_uncontested_bidding
cached_tree
catch
checkers
chess
cliff_walking
clobber
coin_game
colored_trails
connect_four
coop_box_pushing
coop_to_1p
coordinated_mp
crazy_eights
cribbage
cursor_go
dark_chess
dark_hex
dark_hex_ir
deep_sea
dots_and_boxes
dou_dizhu
efg_game
einstein_wurfelt_nicht
euchre
first_sealed_auction
gin_rummy
go
goofspiel
hanabi
havannah
hearts
hex
hive
kriegspiel
kuhn_poker
laser_tag
latent_ttt
leduc_poker
lewis_signaling
liars_dice
liars_dice_ir
lines_of_action
maedn
mancala
markov_soccer
matching_pennies_3p
matrix_bos
matrix_brps
matrix_cd
matrix_coordination
matrix_mp
matrix_pd
matrix_rps
matrix_rpsw
matrix_sh
matrix_shapleys_game
mfg_crowd_modelling
mfg_crowd_modelling_2d
mfg_dynamic_routing
mfg_garnet
misere
mnk
morpion_solitaire
negotiation
nfg_game
nim
nine_mens_morris
normal_form_extensive_game
oh_hell
oshi_zumo
othello
oware
pathfinding
pentago
phantom_go
phantom_ttt
phantom_ttt_ir
pig
quoridor
rbc
repeated_game
repeated_leduc_poker
repeated_poker
restricted_nash_response
sheriff
skat
solitaire
spades
start_at
stones_and_gems
tarok
tic_tac_toe
tiny_bridge_2p
tiny_bridge_4p
tiny_hanabi
trade_comm
turn_based_simultaneous_game
twixt
ultimate_tic_tac_toe
universal_poker
y
zerosum
OpenSpiel exception: Unknown game 'go_proxy'. Available games are:
2048
add_noise
amazons
backgammon
bargaining
battleship
blackjack
blotto
breakthrough
bridge
bridge_uncontested_bidding
cached_tree
catch
checkers
chess
cliff_walking
clobber
coin_game
colored_trails
connect_four
coop_box_pushing
coop_to_1p
coordinated_mp
crazy_eights
cribbage
cursor_go
dark_chess
dark_hex
dark_hex_ir
deep_sea
dots_and_boxes
dou_dizhu
efg_game
einstein_wurfelt_nicht
euchre
first_sealed_auction
gin_rummy
go
goofspiel
hanabi
havannah
hearts
hex
hive
kriegspiel
kuhn_poker
laser_tag
latent_ttt
leduc_poker
lewis_signaling
liars_dice
liars_dice_ir
lines_of_action
maedn
mancala
markov_soccer
matching_pennies_3p
matrix_bos
matrix_brps
matrix_cd
matrix_coordination
matrix_mp
matrix_pd
matrix_rps
matrix_rpsw
matrix_sh
matrix_shapleys_game
mfg_crowd_modelling
mfg_crowd_modelling_2d
mfg_dynamic_routing
mfg_garnet
misere
mnk
morpion_solitaire
negotiation
nfg_game
nim
nine_mens_morris
normal_form_extensive_game
oh_hell
oshi_zumo
othello
oware
pathfinding
pentago
phantom_go
phantom_ttt
phantom_ttt_ir
pig
quoridor
rbc
repeated_game
repeated_leduc_poker
repeated_poker
restricted_nash_response
sheriff
skat
solitaire
spades
start_at
stones_and_gems
tarok
tic_tac_toe
tiny_bridge_2p
tiny_bridge_4p
tiny_hanabi
trade_comm
turn_based_simultaneous_game
twixt
ultimate_tic_tac_toe
universal_poker
y
zerosum
OpenSpiel exception: Unknown game 'tic_tac_toe_proxy'. Available games are:
2048
add_noise
amazons
backgammon
bargaining
battleship
blackjack
blotto
breakthrough
bridge
bridge_uncontested_bidding
cached_tree
catch
checkers
chess
cliff_walking
clobber
coin_game
colored_trails
connect_four
coop_box_pushing
coop_to_1p
coordinated_mp
crazy_eights
cribbage
cursor_go
dark_chess
dark_hex
dark_hex_ir
deep_sea
dots_and_boxes
dou_dizhu
efg_game
einstein_wurfelt_nicht
euchre
first_sealed_auction
gin_rummy
go
goofspiel
hanabi
havannah
hearts
hex
hive
kriegspiel
kuhn_poker
laser_tag
latent_ttt
leduc_poker
lewis_signaling
liars_dice
liars_dice_ir
lines_of_action
maedn
mancala
markov_soccer
matching_pennies_3p
matrix_bos
matrix_brps
matrix_cd
matrix_coordination
matrix_mp
matrix_pd
matrix_rps
matrix_rpsw
matrix_sh
matrix_shapleys_game
mfg_crowd_modelling
mfg_crowd_modelling_2d
mfg_dynamic_routing
mfg_garnet
misere
mnk
morpion_solitaire
negotiation
nfg_game
nim
nine_mens_morris
normal_form_extensive_game
oh_hell
oshi_zumo
othello
oware
pathfinding
pentago
phantom_go
phantom_ttt
phantom_ttt_ir
pig
quoridor
rbc
repeated_game
repeated_leduc_poker
repeated_poker
restricted_nash_response
sheriff
skat
solitaire
spades
start_at
stones_and_gems
tarok
tic_tac_toe
tiny_bridge_2p
tiny_bridge_4p
tiny_hanabi
trade_comm
turn_based_simultaneous_game
twixt
ultimate_tic_tac_toe
universal_poker
y
zerosum
OpenSpiel exception: Unknown game 'universal_poker_proxy'. Available games are:
2048
add_noise
amazons
backgammon
bargaining
battleship
blackjack
blotto
breakthrough
bridge
bridge_uncontested_bidding
cached_tree
catch
checkers
chess
cliff_walking
clobber
coin_game
colored_trails
connect_four
coop_box_pushing
coop_to_1p
coordinated_mp
crazy_eights
cribbage
cursor_go
dark_chess
dark_hex
dark_hex_ir
deep_sea
dots_and_boxes
dou_dizhu
efg_game
einstein_wurfelt_nicht
euchre
first_sealed_auction
gin_rummy
go
goofspiel
hanabi
havannah
hearts
hex
hive
kriegspiel
kuhn_poker
laser_tag
latent_ttt
leduc_poker
lewis_signaling
liars_dice
liars_dice_ir
lines_of_action
maedn
mancala
markov_soccer
matching_pennies_3p
matrix_bos
matrix_brps
matrix_cd
matrix_coordination
matrix_mp
matrix_pd
matrix_rps
matrix_rpsw
matrix_sh
matrix_shapleys_game
mfg_crowd_modelling
mfg_crowd_modelling_2d
mfg_dynamic_routing
mfg_garnet
misere
mnk
morpion_solitaire
negotiation
nfg_game
nim
nine_mens_morris
normal_form_extensive_game
oh_hell
oshi_zumo
othello
oware
pathfinding
pentago
phantom_go
phantom_ttt
phantom_ttt_ir
pig
quoridor
rbc
repeated_game
repeated_leduc_poker
repeated_poker
restricted_nash_response
sheriff
skat
solitaire
spades
start_at
stones_and_gems
tarok
tic_tac_toe
tiny_bridge_2p
tiny_bridge_4p
tiny_hanabi
trade_comm
turn_based_simultaneous_game
twixt
ultimate_tic_tac_toe
universal_poker
y
zerosum
[kaggle_environments.envs.open_spiel.open_spiel] INFO: Successfully loaded OpenSpiel environments: 2.
[kaggle_environments.envs.open_spiel.open_spiel] INFO:    open_spiel_chess
[kaggle_environments.envs.open_spiel.open_spiel] INFO:    open_spiel_gin_rummy
[kaggle_environments.envs.open_spiel.open_spiel] INFO: OpenSpiel games skipped: 4.
[kaggle_environments.envs.open_spiel.open_spiel] INFO:    connect_four
[kaggle_environments.envs.open_spiel.open_spiel] INFO:    go(board_size=9)
[kaggle_environments.envs.open_spiel.open_spiel] INFO:    tic_tac_toe
[kaggle_environments.envs.open_spiel.open_spiel] INFO:    universal_poker(betting=nolimit,bettingAbstraction=fullgame,blind=1 2,firstPlayer=2 1 1 1,numBoardCards=0 3 1 1,numHoleCards=2,numPlayers=2,numRanks=13,numRounds=4,numSuits=4,stack=400 400)
Loading environment cabt failed: dlopen(/Users/leo/Library/Python/3.9/lib/python/site-packages/kaggle_environments/envs/cabt/cg/libcg.so, 0x0006): tried: '/Users/leo/Library/Python/3.9/lib/python/site-packages/kaggle_environments/envs/cabt/cg/libcg.so' (slice is not valid mach-o file), '/System/Volumes/Preboot/Cryptexes/OS/Users/leo/Library/Python/3.9/lib/python/site-packages/kaggle_environments/envs/cabt/cg/libcg.so' (no such file), '/Users/leo/Library/Python/3.9/lib/python/site-packages/kaggle_environments/envs/cabt/cg/libcg.so' (slice is not valid mach-o file)
termcolor not installed, skipping dependency
No pygame installed, ignoring import
  Step reward: delta_gap*0.5 + delta_units*0.1
  Terminal: +5.0 / -1 / 0 (draw)
  Shaping: REMOVE +0.1, TRANSFORM +0.5, non-factory survival +0.01
  Training: 100% self-play | Eval vs random every 10 iters (100 games)
  Entropy: 0.02
  Iterations: 1000 | Batch: 100
  Weights -> nn_weights_v48.pt
[  1/1000] SP= 42.0% best=  0.0% p=-0.0001 v=5.4839 e=0.619 n=2707 t=9s
[  2/1000] SP= 26.0% best=  0.0% p=-0.0007 v=3.9129 e=0.622 n=2929 t=19s
[  3/1000] SP= 15.0% best=  0.0% p=-0.0005 v=2.7903 e=0.588 n=3377 t=29s
[  4/1000] SP=  8.0% best=  0.0% p=-0.0000 v=2.3308 e=0.594 n=3356 t=39s
[  5/1000] SP= 14.0% best=  0.0% p=0.0001 v=2.6210 e=0.591 n=3491 t=49s
[  6/1000] SP= 10.0% best=  0.0% p=-0.0000 v=2.2264 e=0.600 n=3600 t=60s
[  7/1000] SP=  6.0% best=  0.0% p=-0.0001 v=1.5979 e=0.630 n=3416 t=70s
[  8/1000] SP= 17.0% best=  0.0% p=0.0001 v=3.1826 e=0.605 n=3235 t=79s
[  9/1000] SP= 15.0% best=  0.0% p=-0.0003 v=3.0447 e=0.597 n=2871 t=89s
  -> New best eval WR 13% saved
[ 10/1000] SP= 18.0% best= 13.0% p=-0.0003 v=3.4376 e=0.611 n=2888 eval_R= 13.0% t=98s
[ 11/1000] SP= 26.0% best= 13.0% p=-0.0000 v=4.0952 e=0.602 n=3425 t=120s
[ 12/1000] SP= 16.0% best= 13.0% p=-0.0002 v=2.7355 e=0.607 n=3496 t=130s
[ 13/1000] SP= 14.0% best= 13.0% p=-0.0003 v=2.5175 e=0.591 n=3371 t=140s
[ 14/1000] SP= 20.0% best= 13.0% p=-0.0005 v=2.9195 e=0.588 n=3440 t=150s
[ 15/1000] SP= 13.0% best= 13.0% p=-0.0003 v=2.1719 e=0.592 n=3746 t=161s
[ 16/1000] SP= 15.0% best= 13.0% p=-0.0008 v=2.3321 e=0.588 n=3419 t=171s
[ 17/1000] SP= 13.0% best= 13.0% p=-0.0007 v=2.4191 e=0.573 n=3828 t=181s
[ 18/1000] SP= 17.0% best= 13.0% p=-0.0007 v=2.7610 e=0.559 n=3901 t=192s
[ 19/1000] SP= 20.0% best= 13.0% p=-0.0002 v=3.1568 e=0.567 n=3855 t=203s
  -> New best eval WR 26% saved
[ 20/1000] SP= 25.0% best= 26.0% p=-0.0001 v=3.6088 e=0.564 n=3977 eval_R= 26.0% t=213s
[ 21/1000] SP= 14.0% best= 26.0% p=-0.0001 v=2.6486 e=0.562 n=3802 t=238s
[ 22/1000] SP=  7.0% best= 26.0% p=-0.0004 v=1.3362 e=0.542 n=4143 t=249s
[ 23/1000] SP=  8.0% best= 26.0% p=-0.0006 v=1.5378 e=0.559 n=4121 t=260s
[ 24/1000] SP=  6.0% best= 26.0% p=-0.0008 v=1.4167 e=0.552 n=4201 t=271s
[ 25/1000] SP=  8.0% best= 26.0% p=-0.0009 v=1.5143 e=0.523 n=3974 t=282s
[ 26/1000] SP= 12.0% best= 26.0% p=-0.0012 v=2.2291 e=0.501 n=4856 t=293s
[ 27/1000] SP= 13.0% best= 26.0% p=-0.0003 v=2.3279 e=0.508 n=4524 t=305s
[ 28/1000] SP= 14.0% best= 26.0% p=0.0001 v=2.3302 e=0.501 n=4275 t=316s
[ 29/1000] SP= 17.0% best= 26.0% p=0.0001 v=2.3844 e=0.511 n=4520 t=328s
  -> New best eval WR 29% saved
[ 30/1000] SP= 12.0% best= 29.0% p=0.0002 v=2.2559 e=0.523 n=4910 eval_R= 29.0% t=339s
[ 31/1000] SP= 19.0% best= 29.0% p=0.0003 v=2.9288 e=0.526 n=4637 t=365s
[ 32/1000] SP= 12.0% best= 29.0% p=-0.0001 v=2.3340 e=0.524 n=4370 t=377s
[ 33/1000] SP= 23.0% best= 29.0% p=0.0000 v=3.5720 e=0.531 n=4364 t=388s
[ 34/1000] SP= 14.0% best= 29.0% p=-0.0000 v=2.4704 e=0.543 n=4555 t=399s
[ 35/1000] SP=  7.0% best= 29.0% p=-0.0006 v=1.4917 e=0.519 n=4629 t=411s
[ 36/1000] SP= 10.0% best= 29.0% p=-0.0007 v=2.0156 e=0.527 n=4369 t=422s
[ 37/1000] SP= 11.0% best= 29.0% p=-0.0012 v=2.0077 e=0.508 n=4843 t=434s
[ 38/1000] SP= 16.0% best= 29.0% p=-0.0004 v=2.3472 e=0.496 n=5285 t=446s
[ 39/1000] SP= 12.0% best= 29.0% p=-0.0005 v=2.1955 e=0.483 n=4966 t=458s
  -> New best eval WR 39% saved
[ 40/1000] SP= 13.0% best= 39.0% p=-0.0006 v=1.7096 e=0.469 n=6261 eval_R= 39.0% t=472s
[ 41/1000] SP= 10.0% best= 39.0% p=-0.0006 v=2.0938 e=0.470 n=5561 t=500s
[ 42/1000] SP= 13.0% best= 39.0% p=-0.0002 v=2.0693 e=0.458 n=5761 t=513s
[ 43/1000] SP= 14.0% best= 39.0% p=-0.0002 v=1.8750 e=0.474 n=6210 t=526s
[ 44/1000] SP=  7.0% best= 39.0% p=-0.0005 v=1.3900 e=0.474 n=5446 t=539s
[ 45/1000] SP= 20.0% best= 39.0% p=-0.0002 v=3.0120 e=0.457 n=6061 t=553s
[ 46/1000] SP= 22.0% best= 39.0% p=0.0004 v=3.2021 e=0.458 n=5590 t=565s
[ 47/1000] SP= 18.0% best= 39.0% p=-0.0001 v=2.4609 e=0.477 n=6265 t=579s
[ 48/1000] SP= 20.0% best= 39.0% p=0.0005 v=3.0125 e=0.473 n=5164 t=591s
[ 49/1000] SP= 19.0% best= 39.0% p=0.0000 v=2.7475 e=0.503 n=5206 t=604s
[ 50/1000] SP= 21.0% best= 39.0% p=-0.0004 v=2.7356 e=0.492 n=5424 eval_R= 32.0% t=616s
[ 51/1000] SP= 18.0% best= 39.0% p=-0.0006 v=2.5644 e=0.466 n=5117 t=644s
[ 52/1000] SP= 14.0% best= 39.0% p=-0.0005 v=2.1539 e=0.460 n=5790 t=657s
[ 53/1000] SP= 23.0% best= 39.0% p=-0.0005 v=2.9754 e=0.458 n=6515 t=671s
[ 54/1000] SP= 17.0% best= 39.0% p=-0.0001 v=2.3977 e=0.455 n=6562 t=685s
[ 55/1000] SP= 13.0% best= 39.0% p=-0.0002 v=1.9903 e=0.435 n=6832 t=699s
[ 56/1000] SP= 23.0% best= 39.0% p=-0.0001 v=2.7630 e=0.447 n=6945 t=713s
[ 57/1000] SP= 15.0% best= 39.0% p=-0.0001 v=2.2541 e=0.450 n=7028 t=728s
[ 58/1000] SP= 30.0% best= 39.0% p=-0.0001 v=3.2268 e=0.443 n=6537 t=742s
[ 59/1000] SP= 14.0% best= 39.0% p=-0.0001 v=2.1051 e=0.453 n=6318 t=755s
[ 60/1000] SP= 18.0% best= 39.0% p=-0.0004 v=2.4826 e=0.430 n=6799 eval_R= 37.0% t=769s
[ 61/1000] SP= 16.0% best= 39.0% p=-0.0004 v=1.9936 e=0.407 n=7165 t=799s
[ 62/1000] SP= 18.0% best= 39.0% p=-0.0000 v=2.6292 e=0.410 n=6606 t=813s
[ 63/1000] SP= 20.0% best= 39.0% p=0.0002 v=2.5771 e=0.406 n=7655 t=828s
[ 64/1000] SP= 16.0% best= 39.0% p=0.0002 v=2.0956 e=0.423 n=6684 t=843s
[ 65/1000] SP= 16.0% best= 39.0% p=-0.0007 v=2.1075 e=0.411 n=6855 t=857s
[ 66/1000] SP= 20.0% best= 39.0% p=-0.0004 v=2.7904 e=0.409 n=7116 t=871s
[ 67/1000] SP= 26.0% best= 39.0% p=0.0005 v=2.9038 e=0.409 n=7118 t=885s
[ 68/1000] SP= 21.0% best= 39.0% p=0.0000 v=2.7553 e=0.422 n=6432 t=898s
[ 69/1000] SP= 32.0% best= 39.0% p=0.0003 v=3.5007 e=0.435 n=6363 t=911s
[ 70/1000] SP= 23.0% best= 39.0% p=-0.0002 v=2.7255 e=0.427 n=6671 eval_R= 35.0% t=925s
[ 71/1000] SP= 14.0% best= 39.0% p=-0.0007 v=2.2484 e=0.430 n=5873 t=952s
[ 72/1000] SP= 36.0% best= 39.0% p=-0.0004 v=3.9983 e=0.425 n=5885 t=965s
[ 73/1000] SP= 26.0% best= 39.0% p=-0.0003 v=3.2176 e=0.417 n=6016 t=978s
[ 74/1000] SP= 33.0% best= 39.0% p=-0.0005 v=3.6361 e=0.407 n=5721 t=990s
[ 75/1000] SP= 30.0% best= 39.0% p=-0.0002 v=3.5659 e=0.398 n=5941 t=1003s
[ 76/1000] SP= 23.0% best= 39.0% p=-0.0005 v=2.8101 e=0.387 n=6388 t=1016s
[ 77/1000] SP= 35.0% best= 39.0% p=-0.0006 v=3.4597 e=0.378 n=7084 t=1030s
[ 78/1000] SP= 27.0% best= 39.0% p=-0.0001 v=2.8321 e=0.354 n=7531 t=1044s
[ 79/1000] SP= 23.0% best= 39.0% p=-0.0008 v=2.7070 e=0.356 n=7533 t=1058s
  -> New best eval WR 40% saved
[ 80/1000] SP= 23.0% best= 40.0% p=-0.0006 v=2.7233 e=0.341 n=6867 eval_R= 40.0% t=1072s
[ 81/1000] SP= 30.0% best= 40.0% p=-0.0001 v=2.8516 e=0.336 n=9169 t=1104s
[ 82/1000] SP= 22.0% best= 40.0% p=-0.0001 v=2.4682 e=0.340 n=7388 t=1118s
[ 83/1000] SP= 26.0% best= 40.0% p=-0.0001 v=2.5934 e=0.348 n=9543 t=1135s
[ 84/1000] SP= 26.0% best= 40.0% p=-0.0001 v=2.7711 e=0.342 n=8361 t=1150s
[ 85/1000] SP= 22.0% best= 40.0% p=-0.0001 v=2.4978 e=0.342 n=8086 t=1165s
[ 86/1000] SP= 28.0% best= 40.0% p=-0.0000 v=3.0581 e=0.329 n=7686 t=1180s
[ 87/1000] SP= 25.0% best= 40.0% p=-0.0002 v=2.7991 e=0.353 n=7853 t=1194s
[ 88/1000] SP= 23.0% best= 40.0% p=-0.0001 v=2.8925 e=0.345 n=7388 t=1209s
[ 89/1000] SP= 20.0% best= 40.0% p=-0.0002 v=2.3882 e=0.345 n=8192 t=1224s
  -> New best eval WR 44% saved
[ 90/1000] SP= 26.0% best= 44.0% p=-0.0005 v=2.7841 e=0.325 n=8644 eval_R= 44.0% t=1240s
[ 91/1000] SP= 27.0% best= 44.0% p=-0.0003 v=2.7785 e=0.336 n=8612 t=1270s
[ 92/1000] SP= 32.0% best= 44.0% p=-0.0004 v=3.1704 e=0.320 n=8841 t=1286s
[ 93/1000] SP= 22.0% best= 44.0% p=-0.0004 v=2.8227 e=0.329 n=7736 t=1301s
[ 94/1000] SP= 27.0% best= 44.0% p=0.0000 v=2.7798 e=0.315 n=8656 t=1316s
[ 95/1000] SP= 34.0% best= 44.0% p=-0.0001 v=3.1331 e=0.311 n=8760 t=1331s
[ 96/1000] SP= 32.0% best= 44.0% p=-0.0003 v=2.9826 e=0.313 n=9717 t=1347s
[ 97/1000] SP= 25.0% best= 44.0% p=0.0001 v=2.8881 e=0.320 n=8430 t=1362s
[ 98/1000] SP= 29.0% best= 44.0% p=-0.0003 v=3.0532 e=0.324 n=8176 t=1377s
[ 99/1000] SP= 28.0% best= 44.0% p=-0.0005 v=2.7371 e=0.309 n=9244 t=1394s
[100/1000] SP= 31.0% best= 44.0% p=-0.0003 v=3.0146 e=0.310 n=8244 eval_R= 44.0% t=1409s
[101/1000] SP= 33.0% best= 44.0% p=-0.0001 v=3.0636 e=0.321 n=9207 t=1440s
[102/1000] SP= 31.0% best= 44.0% p=-0.0001 v=2.8890 e=0.315 n=8030 t=1455s
[103/1000] SP= 29.0% best= 44.0% p=-0.0002 v=2.8526 e=0.309 n=8019 t=1470s
[104/1000] SP= 27.0% best= 44.0% p=-0.0002 v=2.9557 e=0.302 n=8171 t=1484s
[105/1000] SP= 36.0% best= 44.0% p=0.0000 v=3.3138 e=0.309 n=8137 t=1499s
[106/1000] SP= 23.0% best= 44.0% p=-0.0002 v=2.6420 e=0.297 n=9495 t=1515s
[107/1000] SP= 27.0% best= 44.0% p=-0.0001 v=2.7625 e=0.303 n=9667 t=1532s
[108/1000] SP= 29.0% best= 44.0% p=-0.0001 v=2.9056 e=0.297 n=8755 t=1547s
[109/1000] SP= 26.0% best= 44.0% p=-0.0001 v=2.6233 e=0.296 n=8598 t=1563s
[110/1000] SP= 31.0% best= 44.0% p=-0.0001 v=2.7644 e=0.288 n=10415 eval_R= 44.0% t=1580s
[111/1000] SP= 26.0% best= 44.0% p=-0.0001 v=2.6488 e=0.287 n=8378 t=1612s
[112/1000] SP= 34.0% best= 44.0% p=0.0000 v=3.0064 e=0.297 n=9023 t=1628s
[113/1000] SP= 34.0% best= 44.0% p=0.0001 v=3.0932 e=0.292 n=8579 t=1643s
[114/1000] SP= 33.0% best= 44.0% p=-0.0000 v=2.8682 e=0.288 n=9214 t=1659s
[115/1000] SP= 31.0% best= 44.0% p=-0.0002 v=3.0868 e=0.296 n=7486 t=1674s
[116/1000] SP= 29.0% best= 44.0% p=0.0000 v=2.7750 e=0.294 n=8893 t=1690s
[117/1000] SP= 28.0% best= 44.0% p=-0.0004 v=2.8978 e=0.294 n=8720 t=1705s
[118/1000] SP= 26.0% best= 44.0% p=-0.0002 v=2.6696 e=0.286 n=9515 t=1722s
[119/1000] SP= 25.0% best= 44.0% p=-0.0001 v=2.6229 e=0.278 n=8715 t=1738s
  -> New best eval WR 45% saved
[120/1000] SP= 32.0% best= 45.0% p=0.0001 v=2.9107 e=0.277 n=9951 eval_R= 45.0% t=1755s
[121/1000] SP= 30.0% best= 45.0% p=0.0002 v=2.9622 e=0.293 n=8049 t=1787s
[122/1000] SP= 31.0% best= 45.0% p=0.0003 v=2.8016 e=0.302 n=9794 t=1804s
[123/1000] SP= 27.0% best= 45.0% p=-0.0000 v=2.7891 e=0.304 n=8788 t=1820s
[124/1000] SP= 27.0% best= 45.0% p=-0.0009 v=2.6630 e=0.309 n=9885 t=1837s
[125/1000] SP= 27.0% best= 45.0% p=-0.0004 v=2.7320 e=0.300 n=8632 t=1852s
[126/1000] SP= 32.0% best= 45.0% p=-0.0001 v=2.9043 e=0.304 n=8938 t=1868s
[127/1000] SP= 35.0% best= 45.0% p=0.0002 v=2.8860 e=0.314 n=9298 t=1885s
[128/1000] SP= 35.0% best= 45.0% p=-0.0001 v=3.0978 e=0.323 n=8515 t=1900s
[129/1000] SP= 31.0% best= 45.0% p=-0.0005 v=3.0579 e=0.324 n=8864 t=1916s
  -> New best eval WR 47% saved
[130/1000] SP= 31.0% best= 47.0% p=-0.0007 v=2.9155 e=0.300 n=8469 eval_R= 47.0% t=1932s
[131/1000] SP= 38.0% best= 47.0% p=-0.0002 v=2.9260 e=0.299 n=9152 t=1964s
[132/1000] SP= 31.0% best= 47.0% p=-0.0004 v=2.9083 e=0.297 n=9979 t=1981s
[133/1000] SP= 28.0% best= 47.0% p=-0.0002 v=2.6709 e=0.278 n=9238 t=1997s
[134/1000] SP= 38.0% best= 47.0% p=-0.0002 v=3.1670 e=0.272 n=8882 t=2013s
[135/1000] SP= 36.0% best= 47.0% p=0.0001 v=3.0397 e=0.272 n=9475 t=2029s
[136/1000] SP= 36.0% best= 47.0% p=0.0000 v=2.9519 e=0.279 n=9439 t=2046s
[137/1000] SP= 33.0% best= 47.0% p=-0.0000 v=2.7295 e=0.286 n=9628 t=2063s
[138/1000] SP= 31.0% best= 47.0% p=-0.0001 v=2.7590 e=0.280 n=9893 t=2080s
[139/1000] SP= 27.0% best= 47.0% p=-0.0004 v=2.6731 e=0.279 n=9111 t=2096s
[140/1000] SP= 38.0% best= 47.0% p=-0.0001 v=2.9677 e=0.269 n=9716 eval_R= 39.0% t=2112s
[141/1000] SP= 37.0% best= 47.0% p=-0.0002 v=3.0596 e=0.286 n=8532 t=2143s
[142/1000] SP= 47.0% best= 47.0% p=-0.0001 v=3.3379 e=0.280 n=8305 t=2158s
[143/1000] SP= 42.0% best= 47.0% p=-0.0003 v=3.2235 e=0.277 n=8537 t=2174s
[144/1000] SP= 35.0% best= 47.0% p=-0.0002 v=2.9245 e=0.285 n=9835 t=2191s
[145/1000] SP= 34.0% best= 47.0% p=-0.0002 v=2.8678 e=0.264 n=8984 t=2207s
[146/1000] SP= 44.0% best= 47.0% p=-0.0002 v=3.2270 e=0.270 n=10168 t=2224s
[147/1000] SP= 30.0% best= 47.0% p=-0.0002 v=2.6241 e=0.269 n=9336 t=2240s
[148/1000] SP= 37.0% best= 47.0% p=0.0001 v=3.0557 e=0.281 n=9304 t=2256s
[149/1000] SP= 29.0% best= 47.0% p=-0.0001 v=2.8333 e=0.267 n=7466 t=2271s
[150/1000] SP= 45.0% best= 47.0% p=0.0001 v=3.1776 e=0.274 n=10349 eval_R= 40.0% t=2288s
[151/1000] SP= 50.0% best= 47.0% p=-0.0000 v=3.5873 e=0.284 n=8810 t=2319s
[152/1000] SP= 44.0% best= 47.0% p=0.0003 v=3.1053 e=0.291 n=9639 t=2335s
[153/1000] SP= 38.0% best= 47.0% p=-0.0001 v=3.2157 e=0.289 n=8441 t=2351s
[154/1000] SP= 38.0% best= 47.0% p=-0.0000 v=2.9790 e=0.293 n=8816 t=2366s
[155/1000] SP= 36.0% best= 47.0% p=-0.0002 v=2.7470 e=0.287 n=9351 t=2383s
[156/1000] SP= 45.0% best= 47.0% p=-0.0001 v=3.5240 e=0.287 n=8489 t=2398s
[157/1000] SP= 41.0% best= 47.0% p=0.0001 v=3.2690 e=0.290 n=8557 t=2414s
[158/1000] SP= 34.0% best= 47.0% p=-0.0002 v=3.1536 e=0.297 n=8150 t=2429s
[159/1000] SP= 41.0% best= 47.0% p=-0.0003 v=3.0180 e=0.297 n=9352 t=2445s
[160/1000] SP= 44.0% best= 47.0% p=-0.0002 v=3.2943 e=0.304 n=8078 eval_R= 38.0% t=2460s
[161/1000] SP= 49.0% best= 47.0% p=-0.0001 v=3.1424 e=0.310 n=8556 t=2490s
[162/1000] SP= 49.0% best= 47.0% p=-0.0015 v=3.1122 e=0.286 n=7884 t=2505s
[163/1000] SP= 36.0% best= 47.0% p=0.0003 v=3.1582 e=0.289 n=8400 t=2520s
[164/1000] SP= 51.0% best= 47.0% p=-0.0005 v=3.1202 e=0.268 n=8826 t=2537s
[165/1000] SP= 50.0% best= 47.0% p=-0.0004 v=3.1130 e=0.275 n=9623 t=2553s
[166/1000] SP= 43.0% best= 47.0% p=0.0003 v=2.8890 e=0.275 n=9681 t=2570s
[167/1000] SP= 41.0% best= 47.0% p=-0.0001 v=2.9506 e=0.274 n=9801 t=2586s
[168/1000] SP= 34.0% best= 47.0% p=-0.0002 v=2.8242 e=0.261 n=9758 t=2603s
[169/1000] SP= 39.0% best= 47.0% p=-0.0001 v=2.8581 e=0.274 n=8648 t=2619s
[170/1000] SP= 46.0% best= 47.0% p=0.0000 v=3.1418 e=0.285 n=8223 eval_R= 46.0% t=2634s
[171/1000] SP= 45.0% best= 47.0% p=0.0000 v=3.1993 e=0.285 n=8888 t=2666s
[172/1000] SP= 41.0% best= 47.0% p=0.0001 v=3.0260 e=0.285 n=8891 t=2681s
[173/1000] SP= 37.0% best= 47.0% p=0.0001 v=2.8207 e=0.282 n=9680 t=2698s
[174/1000] SP= 36.0% best= 47.0% p=-0.0002 v=3.0517 e=0.290 n=8929 t=2714s
[175/1000] SP= 39.0% best= 47.0% p=0.0001 v=3.3526 e=0.286 n=8045 t=2729s
[176/1000] SP= 46.0% best= 47.0% p=-0.0000 v=3.1159 e=0.296 n=10338 t=2746s
[177/1000] SP= 33.0% best= 47.0% p=-0.0001 v=2.8892 e=0.283 n=8674 t=2762s
[178/1000] SP= 48.0% best= 47.0% p=-0.0001 v=3.1069 e=0.291 n=9017 t=2778s
[179/1000] SP= 43.0% best= 47.0% p=-0.0001 v=2.9787 e=0.295 n=10155 t=2795s
[180/1000] SP= 39.0% best= 47.0% p=-0.0004 v=3.1790 e=0.285 n=8408 eval_R= 38.0% t=2810s
[181/1000] SP= 38.0% best= 47.0% p=-0.0001 v=3.0051 e=0.269 n=8935 t=2840s
[182/1000] SP= 42.0% best= 47.0% p=-0.0000 v=3.1845 e=0.267 n=8843 t=2856s
[183/1000] SP= 48.0% best= 47.0% p=-0.0002 v=3.4522 e=0.264 n=8664 t=2872s
[184/1000] SP= 45.0% best= 47.0% p=0.0001 v=3.0130 e=0.276 n=9442 t=2888s
[185/1000] SP= 43.0% best= 47.0% p=0.0001 v=2.9968 e=0.263 n=8642 t=2903s
[186/1000] SP= 44.0% best= 47.0% p=-0.0003 v=2.8853 e=0.259 n=9532 t=2920s
[187/1000] SP= 40.0% best= 47.0% p=-0.0003 v=3.0457 e=0.262 n=9951 t=2937s
[188/1000] SP= 40.0% best= 47.0% p=-0.0002 v=2.8359 e=0.252 n=10338 t=2954s
[189/1000] SP= 36.0% best= 47.0% p=-0.0001 v=2.8919 e=0.249 n=10511 t=2971s
[190/1000] SP= 46.0% best= 47.0% p=-0.0000 v=3.0732 e=0.256 n=10617 eval_R= 39.0% t=2989s
[191/1000] SP= 39.0% best= 47.0% p=0.0003 v=3.0314 e=0.256 n=9955 t=3021s
[192/1000] SP= 45.0% best= 47.0% p=0.0001 v=3.1927 e=0.269 n=8678 t=3037s
[193/1000] SP= 47.0% best= 47.0% p=-0.0000 v=3.2040 e=0.274 n=9642 t=3053s
[194/1000] SP= 37.0% best= 47.0% p=-0.0001 v=3.0160 e=0.280 n=9045 t=3069s
[195/1000] SP= 49.0% best= 47.0% p=-0.0001 v=3.1211 e=0.287 n=8624 t=3084s
[196/1000] SP= 42.0% best= 47.0% p=-0.0003 v=3.2073 e=0.278 n=8736 t=3099s
[197/1000] SP= 41.0% best= 47.0% p=-0.0000 v=2.9913 e=0.284 n=9547 t=3116s
[198/1000] SP= 36.0% best= 47.0% p=-0.0000 v=2.8900 e=0.273 n=8976 t=3132s
[199/1000] SP= 45.0% best= 47.0% p=0.0001 v=3.2478 e=0.288 n=8234 t=3147s
[200/1000] SP= 47.0% best= 47.0% p=0.0001 v=3.3564 e=0.293 n=8746 eval_R= 36.0% t=3162s
[201/1000] SP= 44.0% best= 47.0% p=-0.0001 v=3.1705 e=0.298 n=8696 t=3192s
[202/1000] SP= 48.0% best= 47.0% p=-0.0001 v=3.1818 e=0.295 n=9295 t=3208s
[203/1000] SP= 41.0% best= 47.0% p=-0.0001 v=3.1552 e=0.308 n=8902 t=3223s
[204/1000] SP= 45.0% best= 47.0% p=-0.0003 v=3.1916 e=0.300 n=8349 t=3238s
[205/1000] SP= 47.0% best= 47.0% p=-0.0006 v=3.1939 e=0.308 n=9040 t=3254s
[206/1000] SP= 27.0% best= 47.0% p=-0.0003 v=2.7083 e=0.305 n=9788 t=3271s
[207/1000] SP= 28.0% best= 47.0% p=0.0001 v=2.5265 e=0.292 n=10362 t=3288s
[208/1000] SP= 44.0% best= 47.0% p=-0.0001 v=3.2371 e=0.296 n=8518 t=3303s
[209/1000] SP= 28.0% best= 47.0% p=-0.0001 v=2.4372 e=0.295 n=10559 t=3321s
[210/1000] SP= 54.0% best= 47.0% p=0.0001 v=3.7339 e=0.299 n=9291 eval_R= 47.0% t=3337s
[211/1000] SP= 39.0% best= 47.0% p=-0.0000 v=2.9022 e=0.307 n=9544 t=3369s
[212/1000] SP= 37.0% best= 47.0% p=-0.0001 v=2.7216 e=0.298 n=10673 t=3386s
[213/1000] SP= 23.0% best= 47.0% p=0.0001 v=2.1266 e=0.302 n=10864 t=3404s
[214/1000] SP= 38.0% best= 47.0% p=-0.0001 v=2.9993 e=0.298 n=9105 t=3420s
[215/1000] SP= 32.0% best= 47.0% p=0.0003 v=2.8025 e=0.307 n=9933 t=3437s
[216/1000] SP= 28.0% best= 47.0% p=-0.0000 v=2.4661 e=0.306 n=9573 t=3453s
[217/1000] SP= 41.0% best= 47.0% p=0.0000 v=3.3190 e=0.313 n=8410 t=3469s
[218/1000] SP= 28.0% best= 47.0% p=-0.0000 v=2.4957 e=0.315 n=10432 t=3486s
[219/1000] SP= 32.0% best= 47.0% p=-0.0004 v=2.6249 e=0.302 n=9923 t=3503s
[220/1000] SP= 27.0% best= 47.0% p=-0.0003 v=2.5226 e=0.292 n=10616 eval_R= 47.0% t=3521s
[221/1000] SP= 29.0% best= 47.0% p=-0.0003 v=2.5374 e=0.285 n=9553 t=3553s
[222/1000] SP= 30.0% best= 47.0% p=-0.0001 v=2.7068 e=0.288 n=8848 t=3569s
[223/1000] SP= 39.0% best= 47.0% p=0.0002 v=2.8748 e=0.289 n=9600 t=3586s
[224/1000] SP= 31.0% best= 47.0% p=-0.0004 v=2.5293 e=0.308 n=9086 t=3603s
[225/1000] SP= 26.0% best= 47.0% p=-0.0002 v=2.3950 e=0.315 n=10049 t=3620s
[226/1000] SP= 31.0% best= 47.0% p=-0.0002 v=2.8222 e=0.315 n=9115 t=3636s
[227/1000] SP= 35.0% best= 47.0% p=-0.0002 v=2.7820 e=0.313 n=9624 t=3653s
[228/1000] SP= 32.0% best= 47.0% p=-0.0001 v=2.8215 e=0.322 n=9037 t=3669s
[229/1000] SP= 32.0% best= 47.0% p=-0.0002 v=2.7148 e=0.320 n=9486 t=3686s
[230/1000] SP= 31.0% best= 47.0% p=-0.0001 v=2.7362 e=0.323 n=10025 eval_R= 47.0% t=3703s
[231/1000] SP= 31.0% best= 47.0% p=-0.0002 v=2.5499 e=0.327 n=9620 t=3736s
[232/1000] SP= 26.0% best= 47.0% p=-0.0002 v=2.4804 e=0.325 n=9233 t=3752s
[233/1000] SP= 32.0% best= 47.0% p=-0.0001 v=2.8012 e=0.308 n=9028 t=3768s
[234/1000] SP= 27.0% best= 47.0% p=-0.0001 v=2.4022 e=0.324 n=10011 t=3785s
[235/1000] SP= 32.0% best= 47.0% p=-0.0004 v=2.7659 e=0.321 n=10173 t=3803s
[236/1000] SP= 41.0% best= 47.0% p=0.0002 v=3.0757 e=0.336 n=9654 t=3820s
[237/1000] SP= 30.0% best= 47.0% p=-0.0003 v=2.5626 e=0.328 n=9927 t=3838s
[238/1000] SP= 38.0% best= 47.0% p=-0.0001 v=2.9198 e=0.340 n=9830 t=3855s
[239/1000] SP= 33.0% best= 47.0% p=-0.0002 v=2.7156 e=0.339 n=9480 t=3871s
  -> New best eval WR 59% saved
[240/1000] SP= 37.0% best= 59.0% p=0.0000 v=2.9512 e=0.345 n=8488 eval_R= 59.0% t=3886s
[241/1000] SP= 38.0% best= 59.0% p=-0.0002 v=2.9720 e=0.353 n=9028 t=3919s
[242/1000] SP= 40.0% best= 59.0% p=-0.0004 v=2.9468 e=0.360 n=9195 t=3935s
[243/1000] SP= 31.0% best= 59.0% p=-0.0001 v=2.7172 e=0.344 n=9787 t=3952s
[244/1000] SP= 30.0% best= 59.0% p=-0.0003 v=2.7004 e=0.345 n=9219 t=3969s
[245/1000] SP= 25.0% best= 59.0% p=-0.0012 v=2.5136 e=0.332 n=9441 t=3985s
[246/1000] SP= 39.0% best= 59.0% p=-0.0000 v=2.8920 e=0.326 n=10559 t=4003s
[247/1000] SP= 43.0% best= 59.0% p=0.0003 v=3.0406 e=0.339 n=10960 t=4021s
[248/1000] SP= 37.0% best= 59.0% p=0.0002 v=2.8972 e=0.344 n=10087 t=4038s
[249/1000] SP= 32.0% best= 59.0% p=-0.0004 v=2.8510 e=0.348 n=9154 t=4054s
[250/1000] SP= 29.0% best= 59.0% p=-0.0003 v=2.6928 e=0.338 n=8480 eval_R= 55.0% t=4070s
[251/1000] SP= 31.0% best= 59.0% p=-0.0005 v=2.5807 e=0.334 n=9850 t=4103s
[252/1000] SP= 36.0% best= 59.0% p=-0.0000 v=2.7726 e=0.321 n=11091 t=4121s
[253/1000] SP= 30.0% best= 59.0% p=-0.0000 v=2.8011 e=0.329 n=8832 t=4137s
[254/1000] SP= 27.0% best= 59.0% p=-0.0002 v=2.5611 e=0.337 n=9699 t=4154s
[255/1000] SP= 27.0% best= 59.0% p=0.0001 v=2.4678 e=0.321 n=9863 t=4171s
[256/1000] SP= 37.0% best= 59.0% p=-0.0000 v=2.9722 e=0.324 n=9172 t=4187s
[257/1000] SP= 44.0% best= 59.0% p=0.0003 v=3.1668 e=0.340 n=10078 t=4204s
[258/1000] SP= 25.0% best= 59.0% p=0.0000 v=2.3961 e=0.332 n=10508 t=4222s
[259/1000] SP= 28.0% best= 59.0% p=-0.0003 v=2.6531 e=0.345 n=9166 t=4238s
[260/1000] SP= 35.0% best= 59.0% p=-0.0001 v=2.8598 e=0.333 n=8975 eval_R= 49.0% t=4254s
[261/1000] SP= 32.0% best= 59.0% p=-0.0001 v=2.6546 e=0.332 n=10150 t=4288s
[262/1000] SP= 31.0% best= 59.0% p=0.0000 v=2.4136 e=0.334 n=10213 t=4305s
[263/1000] SP= 26.0% best= 59.0% p=-0.0000 v=2.3979 e=0.324 n=8618 t=4321s
[264/1000] SP= 34.0% best= 59.0% p=-0.0000 v=3.0748 e=0.333 n=9244 t=4337s
[265/1000] SP= 34.0% best= 59.0% p=0.0004 v=2.8780 e=0.341 n=9055 t=4353s
[266/1000] SP= 30.0% best= 59.0% p=-0.0002 v=2.6592 e=0.354 n=8888 t=4368s
[267/1000] SP= 19.0% best= 59.0% p=0.0002 v=2.1499 e=0.368 n=9851 t=4385s
[268/1000] SP= 33.0% best= 59.0% p=-0.0001 v=2.8080 e=0.367 n=8869 t=4401s
[269/1000] SP= 22.0% best= 59.0% p=0.0000 v=2.2876 e=0.362 n=9447 t=4418s
[270/1000] SP= 29.0% best= 59.0% p=-0.0002 v=2.7513 e=0.364 n=9718 eval_R= 54.0% t=4435s
[271/1000] SP= 20.0% best= 59.0% p=-0.0002 v=1.9810 e=0.357 n=8895 t=4467s
[272/1000] SP= 26.0% best= 59.0% p=-0.0002 v=2.2538 e=0.352 n=10656 t=4485s
[273/1000] SP= 17.0% best= 59.0% p=-0.0002 v=1.7624 e=0.348 n=9984 t=4502s
[274/1000] SP= 17.0% best= 59.0% p=-0.0004 v=1.8706 e=0.338 n=10080 t=4519s
[275/1000] SP= 20.0% best= 59.0% p=0.0000 v=2.2969 e=0.329 n=9135 t=4535s
[276/1000] SP= 28.0% best= 59.0% p=0.0002 v=2.3425 e=0.335 n=10758 t=4553s
[277/1000] SP= 32.0% best= 59.0% p=0.0006 v=2.8424 e=0.353 n=10330 t=4570s
[278/1000] SP= 25.0% best= 59.0% p=0.0001 v=2.3786 e=0.361 n=9103 t=4587s
[279/1000] SP= 25.0% best= 59.0% p=-0.0002 v=2.5530 e=0.379 n=9961 t=4604s
[280/1000] SP= 27.0% best= 59.0% p=-0.0003 v=2.5750 e=0.387 n=8432 eval_R= 55.0% t=4619s
[281/1000] SP= 23.0% best= 59.0% p=-0.0005 v=2.3131 e=0.373 n=8900 t=4652s
[282/1000] SP= 29.0% best= 59.0% p=0.0001 v=2.3976 e=0.347 n=10929 t=4670s
[283/1000] SP= 22.0% best= 59.0% p=-0.0000 v=2.2930 e=0.334 n=9086 t=4687s
[284/1000] SP= 31.0% best= 59.0% p=-0.0001 v=2.5202 e=0.348 n=11095 t=4705s
[285/1000] SP= 25.0% best= 59.0% p=0.0000 v=2.5655 e=0.354 n=9159 t=4721s
[286/1000] SP= 24.0% best= 59.0% p=-0.0001 v=2.2343 e=0.361 n=9990 t=4738s
[287/1000] SP= 29.0% best= 59.0% p=-0.0002 v=2.6129 e=0.360 n=10381 t=4756s
[288/1000] SP= 32.0% best= 59.0% p=0.0004 v=2.6664 e=0.368 n=8546 t=4772s
[289/1000] SP= 30.0% best= 59.0% p=-0.0003 v=2.6901 e=0.369 n=10517 t=4789s
[290/1000] SP= 25.0% best= 59.0% p=-0.0003 v=2.3366 e=0.363 n=9375 eval_R= 57.0% t=4806s
[291/1000] SP= 29.0% best= 59.0% p=-0.0004 v=2.6888 e=0.351 n=9322 t=4840s
[292/1000] SP= 35.0% best= 59.0% p=-0.0002 v=2.8532 e=0.359 n=9642 t=4857s
[293/1000] SP= 33.0% best= 59.0% p=-0.0003 v=2.7866 e=0.363 n=9384 t=4874s
[294/1000] SP= 37.0% best= 59.0% p=-0.0002 v=2.9183 e=0.389 n=9874 t=4891s
[295/1000] SP= 43.0% best= 59.0% p=-0.0001 v=3.0877 e=0.379 n=8986 t=4908s
[296/1000] SP= 43.0% best= 59.0% p=0.0001 v=3.4001 e=0.368 n=8032 t=4923s
[297/1000] SP= 43.0% best= 59.0% p=-0.0006 v=3.1177 e=0.360 n=8397 t=4939s
[298/1000] SP= 43.0% best= 59.0% p=-0.0005 v=3.0177 e=0.346 n=9164 t=4955s
[299/1000] SP= 49.0% best= 59.0% p=-0.0003 v=2.9939 e=0.340 n=9535 t=4972s
[300/1000] SP= 43.0% best= 59.0% p=-0.0002 v=2.9978 e=0.329 n=9949 eval_R= 46.0% t=4989s
[301/1000] SP= 47.0% best= 59.0% p=-0.0001 v=3.1140 e=0.325 n=8654 t=5023s
[302/1000] SP= 45.0% best= 59.0% p=-0.0002 v=3.0198 e=0.326 n=8946 t=5039s
[303/1000] SP= 55.0% best= 59.0% p=-0.0000 v=3.3314 e=0.326 n=8600 t=5054s
[304/1000] SP= 46.0% best= 59.0% p=-0.0005 v=3.1101 e=0.322 n=8830 t=5070s
[305/1000] SP= 53.0% best= 59.0% p=-0.0000 v=2.9624 e=0.327 n=10207 t=5087s
[306/1000] SP= 57.0% best= 59.0% p=-0.0001 v=2.7964 e=0.309 n=9386 t=5104s
[307/1000] SP= 57.0% best= 59.0% p=-0.0007 v=3.0083 e=0.312 n=9262 t=5120s
[308/1000] SP= 60.0% best= 59.0% p=-0.0004 v=2.7159 e=0.305 n=10648 t=5138s
[309/1000] SP= 60.0% best= 59.0% p=-0.0005 v=3.0003 e=0.299 n=9434 t=5154s
[310/1000] SP= 53.0% best= 59.0% p=0.0002 v=2.8594 e=0.299 n=11154 eval_R= 47.0% t=5172s
[311/1000] SP= 37.0% best= 59.0% p=0.0004 v=2.6301 e=0.299 n=11122 t=5208s
[312/1000] SP= 31.0% best= 59.0% p=-0.0001 v=2.6707 e=0.312 n=11189 t=5226s
[313/1000] SP= 19.0% best= 59.0% p=0.0004 v=2.0015 e=0.309 n=12899 t=5246s
[314/1000] SP= 12.0% best= 59.0% p=-0.0001 v=1.4646 e=0.300 n=11959 t=5266s
[315/1000] SP= 20.0% best= 59.0% p=0.0007 v=1.8836 e=0.283 n=11298 t=5285s
[316/1000] SP= 27.0% best= 59.0% p=0.0003 v=2.4252 e=0.296 n=11292 t=5303s
[317/1000] SP= 22.0% best= 59.0% p=0.0001 v=2.2018 e=0.315 n=10592 t=5321s
[318/1000] SP= 21.0% best= 59.0% p=0.0002 v=1.9768 e=0.333 n=11000 t=5339s
[319/1000] SP= 19.0% best= 59.0% p=0.0001 v=1.9378 e=0.348 n=10469 t=5357s
[320/1000] SP= 19.0% best= 59.0% p=-0.0001 v=1.6447 e=0.337 n=11831 eval_R= 58.0% t=5376s
[321/1000] SP= 15.0% best= 59.0% p=-0.0001 v=1.8099 e=0.341 n=9444 t=5410s
[322/1000] SP= 25.0% best= 59.0% p=0.0001 v=2.8254 e=0.341 n=10366 t=5427s
[323/1000] SP= 18.0% best= 59.0% p=0.0004 v=2.1897 e=0.353 n=9502 t=5443s
[324/1000] SP= 19.0% best= 59.0% p=-0.0000 v=2.0856 e=0.349 n=9443 t=5460s
[325/1000] SP= 18.0% best= 59.0% p=-0.0000 v=2.0006 e=0.343 n=10195 t=5477s
[326/1000] SP= 19.0% best= 59.0% p=-0.0001 v=1.8981 e=0.332 n=9792 t=5494s
[327/1000] SP= 20.0% best= 59.0% p=-0.0001 v=2.1211 e=0.344 n=11202 t=5512s
[328/1000] SP= 27.0% best= 59.0% p=-0.0001 v=2.6650 e=0.344 n=10772 t=5529s
[329/1000] SP= 17.0% best= 59.0% p=-0.0003 v=1.8681 e=0.363 n=10462 t=5547s
[330/1000] SP= 20.0% best= 59.0% p=-0.0002 v=1.8155 e=0.350 n=9811 eval_R= 56.0% t=5564s
[331/1000] SP= 25.0% best= 59.0% p=-0.0000 v=2.5850 e=0.355 n=9977 t=5597s
[332/1000] SP= 30.0% best= 59.0% p=0.0001 v=3.1689 e=0.354 n=10496 t=5615s
[333/1000] SP= 21.0% best= 59.0% p=-0.0002 v=2.2907 e=0.371 n=10101 t=5632s
[334/1000] SP= 11.0% best= 59.0% p=-0.0001 v=1.6046 e=0.365 n=9633 t=5649s
[335/1000] SP= 18.0% best= 59.0% p=-0.0003 v=1.9744 e=0.356 n=11424 t=5667s
[336/1000] SP= 16.0% best= 59.0% p=-0.0005 v=1.9442 e=0.344 n=9180 t=5684s
[337/1000] SP= 26.0% best= 59.0% p=-0.0000 v=2.6404 e=0.327 n=9323 t=5700s
[338/1000] SP= 42.0% best= 59.0% p=-0.0002 v=3.8089 e=0.340 n=9805 t=5717s
[339/1000] SP= 23.0% best= 59.0% p=-0.0004 v=2.5270 e=0.367 n=8847 t=5733s
  -> New best eval WR 62% saved
[340/1000] SP= 16.0% best= 62.0% p=0.0001 v=1.9154 e=0.356 n=9478 eval_R= 62.0% t=5749s
[341/1000] SP= 22.0% best= 62.0% p=-0.0006 v=2.3697 e=0.358 n=8669 t=5782s
[342/1000] SP= 17.0% best= 62.0% p=-0.0006 v=1.9012 e=0.346 n=9972 t=5799s
[343/1000] SP= 27.0% best= 62.0% p=0.0000 v=2.5707 e=0.317 n=9750 t=5816s
[344/1000] SP= 21.0% best= 62.0% p=-0.0003 v=2.2753 e=0.321 n=11370 t=5835s
[345/1000] SP= 27.0% best= 62.0% p=-0.0003 v=2.5412 e=0.338 n=9706 t=5852s
[346/1000] SP= 11.0% best= 62.0% p=-0.0000 v=1.5533 e=0.357 n=10171 t=5870s
[347/1000] SP= 19.0% best= 62.0% p=-0.0001 v=1.8865 e=0.348 n=9600 t=5888s
[348/1000] SP= 18.0% best= 62.0% p=-0.0003 v=2.0653 e=0.338 n=10822 t=5906s
[349/1000] SP= 20.0% best= 62.0% p=-0.0000 v=1.8747 e=0.321 n=11492 t=5925s
  -> New best eval WR 65% saved
[350/1000] SP= 22.0% best= 65.0% p=-0.0003 v=2.1337 e=0.326 n=10360 eval_R= 65.0% t=5943s
[351/1000] SP= 18.0% best= 65.0% p=-0.0002 v=1.9965 e=0.343 n=10759 t=5979s
[352/1000] SP=  7.0% best= 65.0% p=-0.0000 v=1.0882 e=0.338 n=11514 t=5999s
[353/1000] SP= 14.0% best= 65.0% p=-0.0005 v=1.4994 e=0.336 n=9776 t=6017s
[354/1000] SP= 20.0% best= 65.0% p=0.0000 v=1.8252 e=0.319 n=11372 t=6036s
[355/1000] SP= 16.0% best= 65.0% p=0.0001 v=1.9670 e=0.323 n=10474 t=6054s
[356/1000] SP= 22.0% best= 65.0% p=0.0001 v=2.3990 e=0.351 n=11268 t=6073s
[357/1000] SP= 17.0% best= 65.0% p=0.0001 v=1.9145 e=0.346 n=9399 t=6091s
[358/1000] SP=  9.0% best= 65.0% p=-0.0007 v=1.1928 e=0.350 n=10189 t=6109s
[359/1000] SP= 19.0% best= 65.0% p=-0.0001 v=2.0990 e=0.335 n=11043 t=6128s
[360/1000] SP= 16.0% best= 65.0% p=-0.0000 v=1.7012 e=0.327 n=11135 eval_R= 62.0% t=6147s
[361/1000] SP= 15.0% best= 65.0% p=0.0002 v=1.6045 e=0.320 n=11816 t=6184s
[362/1000] SP= 23.0% best= 65.0% p=-0.0002 v=2.3357 e=0.316 n=10324 t=6202s
[363/1000] SP= 22.0% best= 65.0% p=-0.0000 v=2.1911 e=0.314 n=11037 t=6221s
[364/1000] SP= 16.0% best= 65.0% p=-0.0003 v=1.7768 e=0.325 n=11174 t=6240s
[365/1000] SP= 13.0% best= 65.0% p=-0.0003 v=1.6593 e=0.336 n=11199 t=6259s
[366/1000] SP= 13.0% best= 65.0% p=-0.0005 v=1.5945 e=0.308 n=11535 t=6279s
[367/1000] SP= 15.0% best= 65.0% p=-0.0004 v=1.6645 e=0.297 n=11364 t=6298s
[368/1000] SP= 26.0% best= 65.0% p=-0.0001 v=2.4923 e=0.313 n=10629 t=6316s
[369/1000] SP= 15.0% best= 65.0% p=-0.0002 v=1.4527 e=0.301 n=11884 t=6336s
  -> New best eval WR 69% saved
[370/1000] SP= 24.0% best= 69.0% p=-0.0000 v=2.1651 e=0.314 n=10100 eval_R= 69.0% t=6354s
[371/1000] SP= 25.0% best= 69.0% p=0.0002 v=2.3053 e=0.336 n=11007 t=6391s
[372/1000] SP= 23.0% best= 69.0% p=-0.0004 v=2.2263 e=0.336 n=11643 t=6411s
[373/1000] SP= 17.0% best= 69.0% p=-0.0002 v=1.7737 e=0.335 n=10168 t=6429s
[374/1000] SP= 21.0% best= 69.0% p=-0.0002 v=2.2149 e=0.344 n=11156 t=6449s
[375/1000] SP= 13.0% best= 69.0% p=-0.0007 v=1.4889 e=0.323 n=12303 t=6469s
[376/1000] SP= 15.0% best= 69.0% p=-0.0005 v=1.5323 e=0.304 n=12810 t=6490s
[377/1000] SP= 23.0% best= 69.0% p=-0.0000 v=2.1301 e=0.294 n=12141 t=6510s
[378/1000] SP= 21.0% best= 69.0% p=-0.0001 v=2.1232 e=0.306 n=11777 t=6530s
[379/1000] SP= 17.0% best= 69.0% p=0.0003 v=1.7307 e=0.330 n=11903 t=6550s
[380/1000] SP= 22.0% best= 69.0% p=-0.0004 v=2.1410 e=0.337 n=11646 eval_R= 69.0% t=6569s
[381/1000] SP= 15.0% best= 69.0% p=-0.0001 v=1.5274 e=0.351 n=10934 t=6606s
[382/1000] SP= 16.0% best= 69.0% p=0.0003 v=1.7379 e=0.330 n=11118 t=6626s
[383/1000] SP= 17.0% best= 69.0% p=-0.0007 v=1.5777 e=0.324 n=12850 t=6646s
[384/1000] SP= 20.0% best= 69.0% p=-0.0007 v=1.9803 e=0.312 n=10707 t=6665s
[385/1000] SP= 14.0% best= 69.0% p=-0.0004 v=1.3812 e=0.312 n=10924 t=6684s
[386/1000] SP= 13.0% best= 69.0% p=-0.0001 v=1.5316 e=0.290 n=11504 t=6703s
[387/1000] SP= 26.0% best= 69.0% p=-0.0000 v=2.4161 e=0.294 n=12293 t=6723s
[388/1000] SP= 25.0% best= 69.0% p=-0.0002 v=2.2790 e=0.308 n=12258 t=6744s
[389/1000] SP= 23.0% best= 69.0% p=0.0003 v=1.9382 e=0.325 n=11631 t=6763s
[390/1000] SP= 22.0% best= 69.0% p=0.0000 v=2.1519 e=0.320 n=9836 eval_R= 60.0% t=6781s
[391/1000] SP= 27.0% best= 69.0% p=0.0000 v=2.1385 e=0.329 n=11786 t=6819s
[392/1000] SP= 27.0% best= 69.0% p=-0.0002 v=2.2709 e=0.317 n=11698 t=6839s
[393/1000] SP= 22.0% best= 69.0% p=-0.0003 v=1.9517 e=0.325 n=11257 t=6858s
[394/1000] SP= 24.0% best= 69.0% p=0.0001 v=2.1149 e=0.317 n=14053 t=6880s
[395/1000] SP= 17.0% best= 69.0% p=-0.0002 v=1.7729 e=0.295 n=14265 t=6903s
[396/1000] SP= 17.0% best= 69.0% p=-0.0003 v=1.7062 e=0.289 n=12242 t=6923s
[397/1000] SP= 20.0% best= 69.0% p=0.0002 v=1.9289 e=0.288 n=12059 t=6943s
[398/1000] SP= 17.0% best= 69.0% p=-0.0002 v=1.7087 e=0.307 n=11169 t=6963s
[399/1000] SP= 20.0% best= 69.0% p=-0.0000 v=1.8540 e=0.300 n=13104 t=6984s
[400/1000] SP= 16.0% best= 69.0% p=0.0000 v=1.6107 e=0.305 n=12894 eval_R= 69.0% t=7005s
[401/1000] SP= 25.0% best= 69.0% p=-0.0002 v=2.0291 e=0.309 n=12851 t=7045s
[402/1000] SP= 17.0% best= 69.0% p=-0.0002 v=1.6761 e=0.301 n=11202 t=7065s
[403/1000] SP= 18.0% best= 69.0% p=-0.0003 v=1.8571 e=0.305 n=11307 t=7084s
[404/1000] SP= 25.0% best= 69.0% p=-0.0004 v=2.1743 e=0.306 n=13945 t=7107s
[405/1000] SP= 28.0% best= 69.0% p=-0.0001 v=2.1562 e=0.309 n=12849 t=7128s
[406/1000] SP= 23.0% best= 69.0% p=-0.0002 v=2.0922 e=0.322 n=12796 t=7149s
[407/1000] SP= 22.0% best= 69.0% p=-0.0004 v=1.9042 e=0.316 n=12439 t=7170s
[408/1000] SP= 17.0% best= 69.0% p=0.0001 v=1.7846 e=0.311 n=11669 t=7191s
[409/1000] SP= 18.0% best= 69.0% p=-0.0003 v=1.6939 e=0.309 n=14015 t=7213s
[410/1000] SP= 23.0% best= 69.0% p=0.0000 v=2.1868 e=0.292 n=12076 eval_R= 69.0% t=7233s
[411/1000] SP= 21.0% best= 69.0% p=0.0002 v=1.8791 e=0.309 n=13459 t=7274s
[412/1000] SP= 22.0% best= 69.0% p=-0.0001 v=1.8574 e=0.311 n=12949 t=7294s
[413/1000] SP= 19.0% best= 69.0% p=-0.0002 v=1.7629 e=0.307 n=12626 t=7315s
[414/1000] SP= 15.0% best= 69.0% p=-0.0003 v=1.5847 e=0.298 n=12087 t=7334s
[415/1000] SP= 18.0% best= 69.0% p=-0.0002 v=1.7052 e=0.292 n=12552 t=7355s
[416/1000] SP= 34.0% best= 69.0% p=-0.0001 v=2.7809 e=0.297 n=13241 t=7375s
[417/1000] SP= 17.0% best= 69.0% p=-0.0003 v=1.6045 e=0.308 n=12167 t=7394s
[418/1000] SP= 21.0% best= 69.0% p=-0.0002 v=1.7931 e=0.304 n=14410 t=7416s
[419/1000] SP= 24.0% best= 69.0% p=-0.0001 v=2.0689 e=0.309 n=12568 t=7437s
[420/1000] SP= 22.0% best= 69.0% p=0.0004 v=2.2192 e=0.316 n=11592 eval_R= 61.0% t=7456s
[421/1000] SP= 29.0% best= 69.0% p=-0.0001 v=2.4126 e=0.333 n=11086 t=7493s
[422/1000] SP= 22.0% best= 69.0% p=0.0000 v=1.9715 e=0.335 n=11298 t=7512s
[423/1000] SP= 29.0% best= 69.0% p=-0.0004 v=2.4280 e=0.333 n=9994 t=7530s
[424/1000] SP= 16.0% best= 69.0% p=0.0001 v=1.7066 e=0.337 n=11538 t=7549s
[425/1000] SP= 21.0% best= 69.0% p=0.0002 v=1.8907 e=0.318 n=12517 t=7570s
[426/1000] SP= 26.0% best= 69.0% p=0.0001 v=2.4143 e=0.331 n=11489 t=7588s
[427/1000] SP= 26.0% best= 69.0% p=0.0001 v=2.3188 e=0.326 n=10692 t=7607s
[428/1000] SP= 30.0% best= 69.0% p=-0.0007 v=2.5772 e=0.336 n=11490 t=7626s
[429/1000] SP= 25.0% best= 69.0% p=-0.0002 v=2.1479 e=0.341 n=12569 t=7646s
[430/1000] SP= 31.0% best= 69.0% p=-0.0004 v=2.5978 e=0.335 n=12593 eval_R= 68.0% t=7666s
[431/1000] SP= 29.0% best= 69.0% p=-0.0002 v=2.4212 e=0.326 n=12383 t=7705s
[432/1000] SP= 28.0% best= 69.0% p=-0.0005 v=2.4770 e=0.316 n=11595 t=7724s
[433/1000] SP= 22.0% best= 69.0% p=0.0003 v=1.9740 e=0.302 n=12407 t=7744s
[434/1000] SP= 27.0% best= 69.0% p=0.0000 v=2.2711 e=0.289 n=11792 t=7763s
[435/1000] SP= 20.0% best= 69.0% p=0.0000 v=2.0023 e=0.298 n=12899 t=7784s
[436/1000] SP= 24.0% best= 69.0% p=-0.0001 v=2.1358 e=0.302 n=13662 t=7805s
[437/1000] SP= 15.0% best= 69.0% p=-0.0003 v=1.7004 e=0.308 n=11929 t=7825s
[438/1000] SP= 20.0% best= 69.0% p=0.0001 v=1.9547 e=0.303 n=12438 t=7845s
[439/1000] SP= 28.0% best= 69.0% p=0.0002 v=2.2733 e=0.306 n=13191 t=7866s
[440/1000] SP= 29.0% best= 69.0% p=-0.0001 v=2.4814 e=0.326 n=12353 eval_R= 68.0% t=7886s
[441/1000] SP= 26.0% best= 69.0% p=0.0002 v=2.2609 e=0.327 n=12035 t=7924s
[442/1000] SP= 26.0% best= 69.0% p=-0.0006 v=2.1091 e=0.337 n=10267 t=7942s
[443/1000] SP= 15.0% best= 69.0% p=0.0003 v=1.5079 e=0.312 n=12220 t=7962s
[444/1000] SP= 27.0% best= 69.0% p=0.0003 v=2.2426 e=0.308 n=13019 t=7983s
[445/1000] SP= 27.0% best= 69.0% p=-0.0002 v=2.4058 e=0.301 n=10998 t=8002s
[446/1000] SP= 21.0% best= 69.0% p=-0.0000 v=1.8461 e=0.306 n=12115 t=8022s
[447/1000] SP= 21.0% best= 69.0% p=0.0000 v=1.9078 e=0.296 n=12725 t=8043s
[448/1000] SP= 21.0% best= 69.0% p=-0.0001 v=1.9608 e=0.299 n=13560 t=8064s
[449/1000] SP= 19.0% best= 69.0% p=-0.0002 v=1.5890 e=0.307 n=13048 t=8085s
  -> New best eval WR 73% saved
[450/1000] SP= 19.0% best= 73.0% p=-0.0004 v=1.7843 e=0.297 n=12238 eval_R= 73.0% t=8105s
[451/1000] SP= 21.0% best= 73.0% p=-0.0001 v=1.9019 e=0.291 n=14572 t=8146s
[452/1000] SP= 20.0% best= 73.0% p=-0.0000 v=1.8897 e=0.294 n=12506 t=8167s
[453/1000] SP= 20.0% best= 73.0% p=-0.0001 v=1.9662 e=0.301 n=12618 t=8187s
[454/1000] SP= 24.0% best= 73.0% p=-0.0001 v=2.3437 e=0.312 n=11877 t=8206s
[455/1000] SP= 24.0% best= 73.0% p=-0.0002 v=1.8931 e=0.306 n=12854 t=8227s
[456/1000] SP= 20.0% best= 73.0% p=0.0002 v=1.7454 e=0.298 n=12669 t=8248s
[457/1000] SP= 17.0% best= 73.0% p=-0.0000 v=1.7075 e=0.294 n=14360 t=8270s
[458/1000] SP= 23.0% best= 73.0% p=0.0001 v=2.1251 e=0.295 n=14421 t=8292s
[459/1000] SP= 27.0% best= 73.0% p=0.0004 v=2.3678 e=0.304 n=13933 t=8314s
[460/1000] SP= 25.0% best= 73.0% p=-0.0003 v=2.0973 e=0.307 n=12672 eval_R= 70.0% t=8335s
[461/1000] SP= 22.0% best= 73.0% p=-0.0000 v=1.8891 e=0.307 n=12861 t=8374s
[462/1000] SP= 25.0% best= 73.0% p=-0.0002 v=2.2977 e=0.317 n=11729 t=8393s
[463/1000] SP= 22.0% best= 73.0% p=-0.0001 v=1.9610 e=0.314 n=13941 t=8416s
[464/1000] SP= 27.0% best= 73.0% p=-0.0002 v=2.2338 e=0.313 n=13798 t=8438s
[465/1000] SP= 27.0% best= 73.0% p=-0.0004 v=2.4037 e=0.320 n=12363 t=8457s
[466/1000] SP= 26.0% best= 73.0% p=-0.0005 v=2.1749 e=0.314 n=12782 t=8478s
[467/1000] SP= 32.0% best= 73.0% p=-0.0001 v=2.3547 e=0.315 n=13654 t=8499s
[468/1000] SP= 22.0% best= 73.0% p=-0.0002 v=2.0291 e=0.312 n=13087 t=8520s
[469/1000] SP= 26.0% best= 73.0% p=-0.0000 v=2.1781 e=0.299 n=12409 t=8540s
[470/1000] SP= 30.0% best= 73.0% p=0.0001 v=2.3037 e=0.292 n=12700 eval_R= 68.0% t=8560s
[471/1000] SP= 31.0% best= 73.0% p=-0.0001 v=2.2108 e=0.289 n=13254 t=8600s
[472/1000] SP= 32.0% best= 73.0% p=-0.0002 v=2.3842 e=0.301 n=13182 t=8621s
[473/1000] SP= 28.0% best= 73.0% p=-0.0001 v=2.0606 e=0.294 n=14453 t=8644s
[474/1000] SP= 27.0% best= 73.0% p=-0.0001 v=2.0594 e=0.288 n=12984 t=8665s
[475/1000] SP= 34.0% best= 73.0% p=0.0001 v=2.5286 e=0.286 n=14961 t=8688s
[476/1000] SP= 29.0% best= 73.0% p=-0.0002 v=2.2043 e=0.285 n=13370 t=8709s
[477/1000] SP= 34.0% best= 73.0% p=-0.0001 v=2.4841 e=0.287 n=13489 t=8730s
[478/1000] SP= 28.0% best= 73.0% p=-0.0001 v=2.3417 e=0.276 n=12539 t=8750s
[479/1000] SP= 21.0% best= 73.0% p=0.0007 v=1.8055 e=0.276 n=13466 t=8772s
  -> New best eval WR 76% saved
[480/1000] SP= 27.0% best= 76.0% p=0.0001 v=2.1937 e=0.267 n=14835 eval_R= 76.0% t=8795s
[481/1000] SP= 18.0% best= 76.0% p=0.0000 v=1.7554 e=0.277 n=14143 t=8835s
[482/1000] SP= 20.0% best= 76.0% p=0.0002 v=2.0137 e=0.279 n=12778 t=8855s
[483/1000] SP= 21.0% best= 76.0% p=-0.0001 v=1.9948 e=0.289 n=14290 t=8877s
[484/1000] SP= 18.0% best= 76.0% p=-0.0001 v=1.9030 e=0.294 n=12862 t=8899s
[485/1000] SP= 18.0% best= 76.0% p=0.0000 v=1.7860 e=0.300 n=13494 t=8921s
[486/1000] SP= 15.0% best= 76.0% p=0.0002 v=1.6304 e=0.291 n=13462 t=8942s
[487/1000] SP= 28.0% best= 76.0% p=-0.0002 v=2.2789 e=0.296 n=12694 t=8963s
[488/1000] SP= 18.0% best= 76.0% p=-0.0003 v=1.4914 e=0.304 n=14845 t=8986s
[489/1000] SP= 32.0% best= 76.0% p=-0.0004 v=2.6210 e=0.300 n=12383 t=9006s
[490/1000] SP= 35.0% best= 76.0% p=0.0011 v=2.7025 e=0.299 n=12653 eval_R= 55.0% t=9026s
[491/1000] SP= 41.0% best= 76.0% p=0.0019 v=2.9852 e=0.281 n=11265 t=9063s
[492/1000] SP= 55.0% best= 76.0% p=0.0022 v=3.3462 e=0.273 n=9795 t=9080s
[493/1000] SP= 62.0% best= 76.0% p=0.0029 v=3.1020 e=0.236 n=10833 t=9098s
[494/1000] SP= 50.0% best= 76.0% p=0.0001 v=2.7202 e=0.217 n=9478 t=9115s
[495/1000] SP= 60.0% best= 76.0% p=0.0000 v=2.5943 e=0.200 n=9555 t=9131s
[496/1000] SP= 65.0% best= 76.0% p=0.0009 v=2.2256 e=0.226 n=10612 t=9149s
[497/1000] SP= 52.0% best= 76.0% p=0.0021 v=2.6687 e=0.228 n=12234 t=9169s
[498/1000] SP= 52.0% best= 76.0% p=0.0014 v=2.4179 e=0.230 n=14641 t=9191s
[499/1000] SP= 38.0% best= 76.0% p=-0.0007 v=2.6339 e=0.231 n=13374 t=9213s
  -> New best eval WR 82% saved
[500/1000] SP= 25.0% best= 82.0% p=0.0014 v=2.3229 e=0.241 n=15569 eval_R= 82.0% t=9237s
[501/1000] SP= 27.0% best= 82.0% p=0.0003 v=2.3634 e=0.244 n=15763 t=9280s
[502/1000] SP= 20.0% best= 82.0% p=0.0004 v=1.9665 e=0.244 n=13487 t=9301s
[503/1000] SP= 29.0% best= 82.0% p=-0.0002 v=2.3373 e=0.256 n=14346 t=9323s
[504/1000] SP= 24.0% best= 82.0% p=0.0003 v=2.0371 e=0.276 n=14807 t=9346s
[505/1000] SP= 22.0% best= 82.0% p=0.0002 v=2.0433 e=0.282 n=14623 t=9369s
[506/1000] SP= 27.0% best= 82.0% p=-0.0001 v=2.1782 e=0.291 n=12759 t=9389s
[507/1000] SP= 27.0% best= 82.0% p=-0.0001 v=2.1127 e=0.310 n=15331 t=9413s
[508/1000] SP= 19.0% best= 82.0% p=-0.0001 v=1.6036 e=0.308 n=12197 t=9433s
[509/1000] SP= 20.0% best= 82.0% p=-0.0006 v=1.8921 e=0.295 n=13827 t=9455s
[510/1000] SP= 33.0% best= 82.0% p=-0.0000 v=2.3166 e=0.293 n=13839 eval_R= 75.0% t=9476s
[511/1000] SP= 20.0% best= 82.0% p=-0.0002 v=1.8018 e=0.298 n=14804 t=9518s
[512/1000] SP= 16.0% best= 82.0% p=-0.0002 v=1.4498 e=0.282 n=13855 t=9540s
[513/1000] SP= 32.0% best= 82.0% p=-0.0000 v=2.3377 e=0.280 n=13949 t=9562s
[514/1000] SP= 33.0% best= 82.0% p=-0.0007 v=2.4528 e=0.278 n=14272 t=9584s
[515/1000] SP= 22.0% best= 82.0% p=-0.0003 v=1.7887 e=0.285 n=15413 t=9608s
[516/1000] SP= 36.0% best= 82.0% p=-0.0003 v=2.2671 e=0.291 n=13783 t=9630s
[517/1000] SP= 25.0% best= 82.0% p=-0.0004 v=2.1996 e=0.315 n=13006 t=9651s
[518/1000] SP= 34.0% best= 82.0% p=-0.0002 v=2.5275 e=0.307 n=12459 t=9672s
[519/1000] SP= 34.0% best= 82.0% p=-0.0001 v=2.3949 e=0.313 n=12780 t=9693s
[520/1000] SP= 36.0% best= 82.0% p=-0.0003 v=2.3892 e=0.300 n=13192 eval_R= 63.0% t=9714s
[521/1000] SP= 34.0% best= 82.0% p=-0.0005 v=2.0929 e=0.286 n=14340 t=9754s
[522/1000] SP= 39.0% best= 82.0% p=-0.0002 v=2.7082 e=0.288 n=14170 t=9777s
[523/1000] SP= 41.0% best= 82.0% p=0.0011 v=2.6104 e=0.285 n=14230 t=9798s
[524/1000] SP= 40.0% best= 82.0% p=0.0000 v=2.5335 e=0.299 n=13925 t=9820s
[525/1000] SP= 48.0% best= 82.0% p=-0.0001 v=2.7629 e=0.286 n=14184 t=9842s
[526/1000] SP= 40.0% best= 82.0% p=-0.0002 v=2.6913 e=0.301 n=10729 t=9861s
[527/1000] SP= 41.0% best= 82.0% p=-0.0002 v=2.5908 e=0.290 n=11147 t=9880s
[528/1000] SP= 35.0% best= 82.0% p=-0.0002 v=2.3522 e=0.282 n=14751 t=9903s
[529/1000] SP= 35.0% best= 82.0% p=0.0002 v=2.4177 e=0.264 n=14431 t=9926s
[530/1000] SP= 31.0% best= 82.0% p=0.0000 v=2.2357 e=0.273 n=14580 eval_R= 80.0% t=9949s
[531/1000] SP= 27.0% best= 82.0% p=0.0000 v=2.2499 e=0.271 n=15054 t=9991s
[532/1000] SP= 21.0% best= 82.0% p=0.0002 v=1.7885 e=0.286 n=15999 t=10015s
[533/1000] SP= 26.0% best= 82.0% p=0.0002 v=2.2823 e=0.292 n=15150 t=10038s
[534/1000] SP= 24.0% best= 82.0% p=-0.0002 v=2.2468 e=0.303 n=14002 t=10060s
[535/1000] SP= 23.0% best= 82.0% p=0.0001 v=2.1634 e=0.307 n=12634 t=10081s
[536/1000] SP= 31.0% best= 82.0% p=0.0003 v=2.6862 e=0.311 n=12718 t=10102s
[537/1000] SP= 22.0% best= 82.0% p=-0.0001 v=2.1495 e=0.311 n=12358 t=10122s
[538/1000] SP= 14.0% best= 82.0% p=0.0003 v=1.4970 e=0.312 n=13379 t=10145s
[539/1000] SP= 23.0% best= 82.0% p=0.0004 v=2.0747 e=0.290 n=14683 t=10168s
[540/1000] SP= 15.0% best= 82.0% p=-0.0001 v=1.3886 e=0.296 n=13213 eval_R= 76.0% t=10190s
[541/1000] SP= 25.0% best= 82.0% p=-0.0001 v=2.2241 e=0.291 n=12992 t=10230s
[542/1000] SP= 22.0% best= 82.0% p=-0.0001 v=2.1999 e=0.304 n=13702 t=10251s
[543/1000] SP= 22.0% best= 82.0% p=-0.0004 v=2.0163 e=0.307 n=13183 t=10273s
[544/1000] SP= 22.0% best= 82.0% p=-0.0001 v=1.7436 e=0.311 n=14515 t=10296s
[545/1000] SP= 27.0% best= 82.0% p=-0.0002 v=2.5455 e=0.309 n=11608 t=10315s
[546/1000] SP= 27.0% best= 82.0% p=-0.0003 v=2.1663 e=0.320 n=13142 t=10337s
[547/1000] SP= 31.0% best= 82.0% p=-0.0005 v=2.3868 e=0.320 n=12615 t=10357s
[548/1000] SP= 41.0% best= 82.0% p=-0.0001 v=2.8214 e=0.306 n=12089 t=10377s
[549/1000] SP= 44.0% best= 82.0% p=0.0002 v=2.6970 e=0.316 n=12222 t=10398s
[550/1000] SP= 50.0% best= 82.0% p=-0.0006 v=2.8276 e=0.314 n=12429 eval_R= 38.0% t=10418s
[551/1000] SP= 41.0% best= 82.0% p=-0.0009 v=2.6488 e=0.310 n=10259 t=10454s
[552/1000] SP= 50.0% best= 82.0% p=-0.0012 v=2.8666 e=0.296 n=11156 t=10473s
[553/1000] SP= 41.0% best= 82.0% p=-0.0010 v=2.6612 e=0.293 n=12899 t=10495s
[554/1000] SP= 35.0% best= 82.0% p=0.0007 v=2.5260 e=0.272 n=12765 t=10517s
[555/1000] SP= 42.0% best= 82.0% p=0.0001 v=2.7132 e=0.274 n=12707 t=10538s
[556/1000] SP= 24.0% best= 82.0% p=-0.0002 v=2.0252 e=0.285 n=15706 t=10562s
[557/1000] SP= 36.0% best= 82.0% p=-0.0002 v=2.7327 e=0.280 n=12801 t=10584s
[558/1000] SP= 25.0% best= 82.0% p=-0.0003 v=2.0801 e=0.280 n=14972 t=10608s
[559/1000] SP= 32.0% best= 82.0% p=0.0000 v=2.4559 e=0.276 n=14778 t=10631s
[560/1000] SP= 31.0% best= 82.0% p=-0.0000 v=2.3410 e=0.289 n=13273 eval_R= 68.0% t=10652s
[561/1000] SP= 20.0% best= 82.0% p=0.0002 v=1.8658 e=0.306 n=14721 t=10693s
[562/1000] SP= 28.0% best= 82.0% p=-0.0002 v=2.0513 e=0.292 n=14689 t=10716s
[563/1000] SP= 32.0% best= 82.0% p=-0.0003 v=2.4573 e=0.289 n=14545 t=10740s
[564/1000] SP= 31.0% best= 82.0% p=0.0002 v=2.2122 e=0.299 n=13969 t=10762s
[565/1000] SP= 37.0% best= 82.0% p=-0.0001 v=2.5561 e=0.299 n=12488 t=10783s
[566/1000] SP= 37.0% best= 82.0% p=-0.0002 v=2.6125 e=0.306 n=12567 t=10803s
[567/1000] SP= 44.0% best= 82.0% p=-0.0003 v=2.7189 e=0.297 n=12934 t=10825s
[568/1000] SP= 32.0% best= 82.0% p=0.0001 v=2.2295 e=0.284 n=14672 t=10848s
[569/1000] SP= 36.0% best= 82.0% p=-0.0001 v=2.5240 e=0.283 n=13401 t=10870s
[570/1000] SP= 37.0% best= 82.0% p=-0.0002 v=2.4155 e=0.275 n=14737 eval_R= 70.0% t=10894s
[571/1000] SP= 24.0% best= 82.0% p=-0.0002 v=2.0126 e=0.284 n=13251 t=10935s
[572/1000] SP= 26.0% best= 82.0% p=0.0012 v=2.1299 e=0.284 n=13728 t=10957s
[573/1000] SP= 30.0% best= 82.0% p=-0.0000 v=2.2606 e=0.290 n=14683 t=10980s
[574/1000] SP= 26.0% best= 82.0% p=0.0002 v=2.0998 e=0.284 n=13807 t=11002s
[575/1000] SP= 25.0% best= 82.0% p=-0.0001 v=1.9145 e=0.305 n=15496 t=11026s
[576/1000] SP= 18.0% best= 82.0% p=-0.0004 v=1.5732 e=0.290 n=14074 t=11049s
[577/1000] SP= 31.0% best= 82.0% p=-0.0003 v=2.8306 e=0.272 n=12723 t=11070s
[578/1000] SP= 26.0% best= 82.0% p=-0.0003 v=2.1090 e=0.272 n=15870 t=11094s
[579/1000] SP= 36.0% best= 82.0% p=0.0004 v=2.4385 e=0.281 n=14483 t=11117s
[580/1000] SP= 44.0% best= 82.0% p=0.0003 v=2.4873 e=0.283 n=14168 eval_R= 56.0% t=11140s
[581/1000] SP= 45.0% best= 82.0% p=0.0005 v=2.7368 e=0.283 n=13666 t=11180s
[582/1000] SP= 45.0% best= 82.0% p=-0.0009 v=2.5956 e=0.281 n=13623 t=11201s
[583/1000] SP= 41.0% best= 82.0% p=-0.0002 v=2.4332 e=0.267 n=14546 t=11224s
[584/1000] SP= 39.0% best= 82.0% p=-0.0006 v=2.3372 e=0.264 n=14083 t=11246s
[585/1000] SP= 39.0% best= 82.0% p=0.0002 v=2.3178 e=0.245 n=16363 t=11271s
[586/1000] SP= 40.0% best= 82.0% p=-0.0002 v=2.3516 e=0.251 n=16492 t=11296s
[587/1000] SP= 29.0% best= 82.0% p=0.0001 v=2.1413 e=0.247 n=15625 t=11320s
[588/1000] SP= 30.0% best= 82.0% p=-0.0001 v=2.3227 e=0.248 n=16016 t=11345s
[589/1000] SP= 37.0% best= 82.0% p=0.0003 v=2.6145 e=0.251 n=16008 t=11369s
[590/1000] SP= 39.0% best= 82.0% p=0.0001 v=2.5628 e=0.277 n=16493 eval_R= 68.0% t=11395s
[591/1000] SP= 36.0% best= 82.0% p=-0.0000 v=2.3165 e=0.288 n=16359 t=11439s
[592/1000] SP= 36.0% best= 82.0% p=0.0002 v=2.4421 e=0.289 n=13441 t=11461s
[593/1000] SP= 30.0% best= 82.0% p=-0.0004 v=2.2650 e=0.282 n=13119 t=11483s
[594/1000] SP= 26.0% best= 82.0% p=-0.0000 v=1.8955 e=0.261 n=15899 t=11507s
[595/1000] SP= 28.0% best= 82.0% p=-0.0004 v=2.1224 e=0.259 n=14335 t=11530s
[596/1000] SP= 39.0% best= 82.0% p=0.0009 v=2.7791 e=0.261 n=16079 t=11554s
[597/1000] SP= 30.0% best= 82.0% p=-0.0004 v=2.2440 e=0.271 n=14593 t=11577s
[598/1000] SP= 32.0% best= 82.0% p=-0.0000 v=2.1697 e=0.274 n=14635 t=11600s
[599/1000] SP= 38.0% best= 82.0% p=0.0002 v=2.5539 e=0.266 n=15307 t=11624s
[600/1000] SP= 38.0% best= 82.0% p=0.0002 v=2.5425 e=0.277 n=14859 eval_R= 67.0% t=11647s
[601/1000] SP= 45.0% best= 82.0% p=0.0002 v=2.6180 e=0.279 n=14500 t=11688s
[602/1000] SP= 47.0% best= 82.0% p=-0.0005 v=2.6601 e=0.278 n=13108 t=11709s
[603/1000] SP= 40.0% best= 82.0% p=-0.0005 v=2.4630 e=0.284 n=14515 t=11733s
[604/1000] SP= 35.0% best= 82.0% p=0.0007 v=2.3207 e=0.276 n=14934 t=11757s
[605/1000] SP= 31.0% best= 82.0% p=0.0005 v=2.1204 e=0.261 n=16231 t=11782s
[606/1000] SP= 26.0% best= 82.0% p=0.0002 v=2.0722 e=0.261 n=15474 t=11806s
[607/1000] SP= 40.0% best= 82.0% p=0.0001 v=2.6268 e=0.259 n=15537 t=11830s
[608/1000] SP= 39.0% best= 82.0% p=0.0006 v=2.6380 e=0.263 n=15206 t=11853s
[609/1000] SP= 24.0% best= 82.0% p=0.0000 v=1.8884 e=0.273 n=16111 t=11878s
[610/1000] SP= 36.0% best= 82.0% p=-0.0002 v=2.2000 e=0.271 n=15133 eval_R= 76.0% t=11902s
[611/1000] SP= 33.0% best= 82.0% p=-0.0001 v=2.3515 e=0.260 n=16744 t=11947s
[612/1000] SP= 30.0% best= 82.0% p=-0.0002 v=2.1880 e=0.272 n=14205 t=11970s
[613/1000] SP= 24.0% best= 82.0% p=-0.0000 v=2.0501 e=0.273 n=16252 t=11995s
[614/1000] SP= 34.0% best= 82.0% p=-0.0001 v=2.3633 e=0.267 n=16976 t=12022s
[615/1000] SP= 33.0% best= 82.0% p=0.0003 v=2.5593 e=0.280 n=14118 t=12044s
[616/1000] SP= 34.0% best= 82.0% p=-0.0000 v=2.3506 e=0.290 n=13646 t=12067s
[617/1000] SP= 41.0% best= 82.0% p=-0.0001 v=2.4538 e=0.291 n=15424 t=12091s
[618/1000] SP= 23.0% best= 82.0% p=-0.0001 v=1.9677 e=0.284 n=14818 t=12114s
[619/1000] SP= 28.0% best= 82.0% p=-0.0004 v=2.1320 e=0.277 n=14008 t=12137s
[620/1000] SP= 27.0% best= 82.0% p=0.0000 v=2.1413 e=0.284 n=14885 eval_R= 81.0% t=12161s
[621/1000] SP= 20.0% best= 82.0% p=0.0002 v=1.7124 e=0.284 n=14668 t=12204s
[622/1000] SP= 25.0% best= 82.0% p=0.0000 v=2.2064 e=0.288 n=14651 t=12227s
[623/1000] SP= 21.0% best= 82.0% p=-0.0002 v=1.8940 e=0.285 n=13839 t=12249s
[624/1000] SP= 27.0% best= 82.0% p=-0.0002 v=2.3460 e=0.284 n=14966 t=12273s
[625/1000] SP= 29.0% best= 82.0% p=-0.0001 v=2.2573 e=0.296 n=13782 t=12296s
[626/1000] SP= 31.0% best= 82.0% p=0.0001 v=2.2645 e=0.300 n=14654 t=12319s
[627/1000] SP= 30.0% best= 82.0% p=-0.0004 v=2.1030 e=0.293 n=14848 t=12343s
[628/1000] SP= 31.0% best= 82.0% p=0.0001 v=2.2917 e=0.291 n=14243 t=12366s
[629/1000] SP= 27.0% best= 82.0% p=-0.0003 v=2.1579 e=0.286 n=14388 t=12389s
[630/1000] SP= 25.0% best= 82.0% p=-0.0004 v=2.0073 e=0.271 n=13556 eval_R= 77.0% t=12411s
[631/1000] SP= 36.0% best= 82.0% p=-0.0001 v=2.6287 e=0.268 n=13924 t=12452s
[632/1000] SP= 33.0% best= 82.0% p=0.0004 v=2.3927 e=0.270 n=15853 t=12478s
[633/1000] SP= 34.0% best= 82.0% p=-0.0003 v=2.2978 e=0.285 n=14950 t=12501s
[634/1000] SP= 27.0% best= 82.0% p=-0.0002 v=1.9990 e=0.277 n=13738 t=12524s
[635/1000] SP= 34.0% best= 82.0% p=-0.0005 v=2.3439 e=0.269 n=15128 t=12549s
[636/1000] SP= 32.0% best= 82.0% p=-0.0002 v=2.0198 e=0.262 n=17203 t=12575s
[637/1000] SP= 33.0% best= 82.0% p=-0.0002 v=2.2993 e=0.259 n=15192 t=12600s
[638/1000] SP= 40.0% best= 82.0% p=0.0007 v=2.3156 e=0.253 n=15661 t=12625s
[639/1000] SP= 54.0% best= 82.0% p=0.0004 v=2.8727 e=0.257 n=13501 t=12647s
[640/1000] SP= 69.0% best= 82.0% p=0.0023 v=3.1274 e=0.253 n=10842 eval_R= 26.0% t=12665s
[641/1000] SP= 75.0% best= 82.0% p=0.0051 v=3.2718 e=0.226 n=7789 t=12695s
[642/1000] SP= 87.0% best= 82.0% p=0.0030 v=2.6820 e=0.208 n=6801 t=12709s
[643/1000] SP= 81.0% best= 82.0% p=0.0060 v=2.2087 e=0.176 n=4316 t=12720s
[644/1000] SP= 90.0% best= 82.0% p=0.0031 v=1.6405 e=0.163 n=4102 t=12731s
[645/1000] SP= 88.0% best= 82.0% p=-0.0026 v=1.5812 e=0.162 n=4282 t=12742s
[646/1000] SP= 82.0% best= 82.0% p=-0.0038 v=1.7180 e=0.184 n=4043 t=12752s
[647/1000] SP= 79.0% best= 82.0% p=-0.0012 v=1.6688 e=0.184 n=5085 t=12765s
[648/1000] SP= 73.0% best= 82.0% p=0.0009 v=1.9812 e=0.198 n=6841 t=12778s
[649/1000] SP= 68.0% best= 82.0% p=0.0019 v=2.0498 e=0.225 n=10186 t=12796s
[650/1000] SP= 56.0% best= 82.0% p=-0.0000 v=2.2901 e=0.224 n=12502 eval_R= 49.0% t=12816s
[651/1000] SP= 53.0% best= 82.0% p=0.0006 v=2.4911 e=0.242 n=13441 t=12855s
[652/1000] SP= 48.0% best= 82.0% p=0.0011 v=2.5067 e=0.259 n=13833 t=12877s
[653/1000] SP= 40.0% best= 82.0% p=0.0009 v=2.4098 e=0.259 n=16041 t=12902s
[654/1000] SP= 38.0% best= 82.0% p=0.0003 v=2.4800 e=0.259 n=14650 t=12925s
[655/1000] SP= 36.0% best= 82.0% p=0.0001 v=2.4938 e=0.274 n=13951 t=12947s
[656/1000] SP= 31.0% best= 82.0% p=0.0001 v=2.2701 e=0.279 n=15045 t=12970s
[657/1000] SP= 20.0% best= 82.0% p=0.0008 v=1.7252 e=0.287 n=15741 t=12995s
[658/1000] SP= 27.0% best= 82.0% p=-0.0001 v=2.1169 e=0.282 n=15702 t=13020s
[659/1000] SP= 25.0% best= 82.0% p=0.0002 v=2.1682 e=0.273 n=13931 t=13042s
[660/1000] SP= 32.0% best= 82.0% p=-0.0001 v=2.5091 e=0.285 n=13496 eval_R= 77.0% t=13064s
[661/1000] SP= 27.0% best= 82.0% p=-0.0006 v=1.9617 e=0.288 n=15162 t=13107s
[662/1000] SP= 34.0% best= 82.0% p=-0.0003 v=2.3074 e=0.289 n=15656 t=13131s
[663/1000] SP= 29.0% best= 82.0% p=-0.0003 v=2.0713 e=0.283 n=14672 t=13155s
[664/1000] SP= 29.0% best= 82.0% p=-0.0007 v=2.0467 e=0.278 n=14343 t=13178s
[665/1000] SP= 37.0% best= 82.0% p=-0.0005 v=2.3745 e=0.267 n=16751 t=13204s
[666/1000] SP= 38.0% best= 82.0% p=0.0001 v=2.2967 e=0.273 n=15946 t=13229s
[667/1000] SP= 38.0% best= 82.0% p=-0.0003 v=2.4317 e=0.266 n=14597 t=13252s
[668/1000] SP= 42.0% best= 82.0% p=0.0001 v=2.5358 e=0.280 n=13890 t=13275s
[669/1000] SP= 35.0% best= 82.0% p=-0.0005 v=2.2959 e=0.277 n=15493 t=13300s
[670/1000] SP= 42.0% best= 82.0% p=-0.0007 v=2.5284 e=0.256 n=14158 eval_R= 71.0% t=13323s
[671/1000] SP= 46.0% best= 82.0% p=-0.0003 v=2.4783 e=0.253 n=14181 t=13365s
[672/1000] SP= 36.0% best= 82.0% p=-0.0003 v=2.2205 e=0.242 n=15255 t=13390s
[673/1000] SP= 32.0% best= 82.0% p=0.0012 v=2.2482 e=0.247 n=14122 t=13412s
[674/1000] SP= 37.0% best= 82.0% p=-0.0000 v=2.3617 e=0.222 n=16409 t=13438s
[675/1000] SP= 39.0% best= 82.0% p=0.0004 v=2.5367 e=0.249 n=16365 t=13462s
[676/1000] SP= 37.0% best= 82.0% p=-0.0000 v=2.3330 e=0.245 n=15405 t=13486s
[677/1000] SP= 25.0% best= 82.0% p=0.0001 v=1.8699 e=0.256 n=17010 t=13513s
[678/1000] SP= 37.0% best= 82.0% p=0.0000 v=2.4753 e=0.249 n=14438 t=13536s
[679/1000] SP= 35.0% best= 82.0% p=-0.0004 v=2.3764 e=0.247 n=16251 t=13562s
[680/1000] SP= 32.0% best= 82.0% p=-0.0005 v=2.1939 e=0.254 n=15524 eval_R= 77.0% t=13586s
[681/1000] SP= 31.0% best= 82.0% p=-0.0002 v=2.2923 e=0.261 n=16274 t=13631s
[682/1000] SP= 28.0% best= 82.0% p=-0.0001 v=2.0528 e=0.256 n=16417 t=13657s
[683/1000] SP= 34.0% best= 82.0% p=-0.0001 v=2.2598 e=0.258 n=16549 t=13683s
[684/1000] SP= 35.0% best= 82.0% p=-0.0002 v=2.3433 e=0.259 n=16256 t=13709s
[685/1000] SP= 25.0% best= 82.0% p=0.0000 v=1.9097 e=0.263 n=16055 t=13735s
[686/1000] SP= 27.0% best= 82.0% p=-0.0003 v=2.1429 e=0.260 n=16063 t=13760s
[687/1000] SP= 29.0% best= 82.0% p=-0.0004 v=2.1258 e=0.269 n=16303 t=13786s
[688/1000] SP= 27.0% best= 82.0% p=-0.0003 v=1.8849 e=0.267 n=15596 t=13812s
[689/1000] SP= 25.0% best= 82.0% p=-0.0002 v=1.9086 e=0.254 n=16959 t=13840s
[690/1000] SP= 29.0% best= 82.0% p=-0.0002 v=2.0274 e=0.256 n=17317 eval_R= 81.0% t=13868s
[691/1000] SP= 32.0% best= 82.0% p=-0.0001 v=2.1239 e=0.255 n=15671 t=13914s
[692/1000] SP= 33.0% best= 82.0% p=0.0001 v=2.1752 e=0.268 n=15516 t=13939s
[693/1000] SP= 32.0% best= 82.0% p=-0.0001 v=2.1843 e=0.260 n=14976 t=13963s
[694/1000] SP= 40.0% best= 82.0% p=-0.0000 v=2.4450 e=0.270 n=15231 t=13988s
[695/1000] SP= 45.0% best= 82.0% p=-0.0002 v=2.3915 e=0.260 n=15359 t=14012s
[696/1000] SP= 33.0% best= 82.0% p=-0.0001 v=1.9938 e=0.260 n=15701 t=14038s
[697/1000] SP= 44.0% best= 82.0% p=-0.0005 v=2.4171 e=0.250 n=14421 t=14062s
[698/1000] SP= 43.0% best= 82.0% p=-0.0002 v=2.3921 e=0.249 n=13992 t=14085s
[699/1000] SP= 45.0% best= 82.0% p=0.0001 v=2.4811 e=0.236 n=13899 t=14108s
[700/1000] SP= 35.0% best= 82.0% p=-0.0006 v=2.1371 e=0.239 n=14157 eval_R= 77.0% t=14132s
[701/1000] SP= 37.0% best= 82.0% p=0.0002 v=2.1243 e=0.242 n=16237 t=14177s
[702/1000] SP= 38.0% best= 82.0% p=-0.0002 v=2.4063 e=0.235 n=15600 t=14202s
[703/1000] SP= 38.0% best= 82.0% p=0.0000 v=2.1358 e=0.236 n=18773 t=14231s
[704/1000] SP= 39.0% best= 82.0% p=-0.0002 v=2.3962 e=0.237 n=16472 t=14256s
[705/1000] SP= 33.0% best= 82.0% p=-0.0000 v=1.9620 e=0.245 n=17022 t=14283s
[706/1000] SP= 36.0% best= 82.0% p=-0.0001 v=2.4206 e=0.236 n=14458 t=14306s
[707/1000] SP= 34.0% best= 82.0% p=-0.0001 v=2.2493 e=0.243 n=15941 t=14332s
[708/1000] SP= 32.0% best= 82.0% p=-0.0002 v=2.0173 e=0.242 n=17391 t=14359s
[709/1000] SP= 33.0% best= 82.0% p=-0.0001 v=2.2475 e=0.240 n=15078 t=14383s
[710/1000] SP= 38.0% best= 82.0% p=0.0004 v=2.3608 e=0.253 n=16812 eval_R= 81.0% t=14409s
[711/1000] SP= 35.0% best= 82.0% p=-0.0002 v=2.3190 e=0.254 n=15453 t=14453s
[712/1000] SP= 22.0% best= 82.0% p=0.0002 v=1.8544 e=0.250 n=15548 t=14478s
[713/1000] SP= 30.0% best= 82.0% p=-0.0000 v=2.1120 e=0.243 n=15987 t=14504s
[714/1000] SP= 36.0% best= 82.0% p=-0.0002 v=2.4461 e=0.240 n=16133 t=14529s
[715/1000] SP= 31.0% best= 82.0% p=-0.0003 v=2.2956 e=0.259 n=17007 t=14555s
[716/1000] SP= 33.0% best= 82.0% p=-0.0001 v=1.9620 e=0.257 n=17495 t=14583s
[717/1000] SP= 27.0% best= 82.0% p=-0.0002 v=2.0939 e=0.261 n=14685 t=14607s
[718/1000] SP= 32.0% best= 82.0% p=-0.0001 v=2.1247 e=0.250 n=17284 t=14634s
[719/1000] SP= 31.0% best= 82.0% p=0.0001 v=2.1993 e=0.269 n=16667 t=14660s
  -> New best eval WR 83% saved
[720/1000] SP= 27.0% best= 83.0% p=-0.0002 v=2.0596 e=0.260 n=15377 eval_R= 83.0% t=14685s
[721/1000] SP= 28.0% best= 83.0% p=0.0001 v=1.9010 e=0.255 n=15223 t=14729s
[722/1000] SP= 25.0% best= 83.0% p=-0.0004 v=1.7671 e=0.243 n=15073 t=14753s
[723/1000] SP= 22.0% best= 83.0% p=-0.0003 v=1.8942 e=0.248 n=15814 t=14779s
[724/1000] SP= 22.0% best= 83.0% p=0.0000 v=1.8687 e=0.256 n=19388 t=14808s
[725/1000] SP= 31.0% best= 83.0% p=-0.0003 v=2.1381 e=0.252 n=15635 t=14833s
[726/1000] SP= 31.0% best= 83.0% p=-0.0002 v=2.1192 e=0.248 n=17040 t=14859s
[727/1000] SP= 33.0% best= 83.0% p=-0.0003 v=2.0995 e=0.246 n=15228 t=14884s
[728/1000] SP= 35.0% best= 83.0% p=0.0000 v=2.2471 e=0.248 n=16073 t=14909s
[729/1000] SP= 32.0% best= 83.0% p=-0.0001 v=1.9543 e=0.236 n=17452 t=14936s
[730/1000] SP= 40.0% best= 83.0% p=-0.0001 v=2.2753 e=0.237 n=17181 eval_R= 83.0% t=14963s
[731/1000] SP= 33.0% best= 83.0% p=0.0000 v=1.9753 e=0.231 n=16199 t=15009s
[732/1000] SP= 36.0% best= 83.0% p=-0.0001 v=1.9839 e=0.216 n=17785 t=15037s
[733/1000] SP= 38.0% best= 83.0% p=-0.0002 v=2.1748 e=0.223 n=16843 t=15063s
[734/1000] SP= 33.0% best= 83.0% p=-0.0001 v=1.8540 e=0.229 n=19251 t=15093s
[735/1000] SP= 35.0% best= 83.0% p=-0.0000 v=2.2102 e=0.222 n=16182 t=15118s
[736/1000] SP= 37.0% best= 83.0% p=-0.0002 v=2.1761 e=0.228 n=16688 t=15145s
[737/1000] SP= 30.0% best= 83.0% p=-0.0004 v=2.0426 e=0.219 n=15721 t=15170s
[738/1000] SP= 31.0% best= 83.0% p=-0.0001 v=2.1504 e=0.226 n=15876 t=15196s
[739/1000] SP= 32.0% best= 83.0% p=-0.0001 v=2.1084 e=0.220 n=17053 t=15223s
  -> New best eval WR 85% saved
[740/1000] SP= 20.0% best= 85.0% p=0.0001 v=1.5053 e=0.227 n=17988 eval_R= 85.0% t=15251s
[741/1000] SP= 32.0% best= 85.0% p=-0.0003 v=2.1763 e=0.224 n=16427 t=15297s
[742/1000] SP= 33.0% best= 85.0% p=-0.0001 v=2.2408 e=0.220 n=16857 t=15323s
[743/1000] SP= 32.0% best= 85.0% p=-0.0001 v=2.0490 e=0.221 n=16176 t=15349s
[744/1000] SP= 30.0% best= 85.0% p=-0.0004 v=1.8914 e=0.231 n=17376 t=15376s
[745/1000] SP= 33.0% best= 85.0% p=-0.0001 v=2.2714 e=0.223 n=16541 t=15402s
[746/1000] SP= 37.0% best= 85.0% p=-0.0001 v=2.1190 e=0.232 n=16692 t=15427s
[747/1000] SP= 44.0% best= 85.0% p=-0.0001 v=2.4308 e=0.221 n=16965 t=15453s
[748/1000] SP= 45.0% best= 85.0% p=0.0000 v=2.3473 e=0.212 n=15747 t=15479s
[749/1000] SP= 44.0% best= 85.0% p=-0.0004 v=2.2934 e=0.217 n=17045 t=15506s
[750/1000] SP= 39.0% best= 85.0% p=-0.0001 v=2.1801 e=0.210 n=17661 eval_R= 83.0% t=15533s
[751/1000] SP= 28.0% best= 85.0% p=0.0004 v=1.7006 e=0.190 n=18763 t=15582s
[752/1000] SP= 35.0% best= 85.0% p=0.0001 v=2.2927 e=0.197 n=18194 t=15611s
[753/1000] SP= 34.0% best= 85.0% p=0.0001 v=2.3454 e=0.207 n=18171 t=15639s
[754/1000] SP= 34.0% best= 85.0% p=0.0002 v=2.0163 e=0.204 n=19494 t=15669s
[755/1000] SP= 37.0% best= 85.0% p=-0.0002 v=2.1723 e=0.202 n=18537 t=15697s
[756/1000] SP= 33.0% best= 85.0% p=-0.0000 v=2.0567 e=0.210 n=17443 t=15725s
[757/1000] SP= 31.0% best= 85.0% p=-0.0001 v=2.0526 e=0.207 n=17988 t=15752s
[758/1000] SP= 35.0% best= 85.0% p=-0.0000 v=2.1517 e=0.213 n=19132 t=15781s
[759/1000] SP= 31.0% best= 85.0% p=-0.0001 v=2.0938 e=0.216 n=16821 t=15808s
[760/1000] SP= 42.0% best= 85.0% p=-0.0000 v=2.3319 e=0.215 n=17518 eval_R= 84.0% t=15836s
[761/1000] SP= 43.0% best= 85.0% p=0.0001 v=2.3211 e=0.220 n=17026 t=15882s
[762/1000] SP= 44.0% best= 85.0% p=-0.0004 v=2.2978 e=0.215 n=18326 t=15911s
[763/1000] SP= 37.0% best= 85.0% p=-0.0004 v=2.3275 e=0.216 n=16421 t=15937s
[764/1000] SP= 34.0% best= 85.0% p=0.0000 v=2.1382 e=0.214 n=15812 t=15963s
[765/1000] SP= 31.0% best= 85.0% p=-0.0002 v=1.9495 e=0.213 n=17571 t=15991s
[766/1000] SP= 23.0% best= 85.0% p=0.0002 v=1.5981 e=0.218 n=17862 t=16019s
[767/1000] SP= 33.0% best= 85.0% p=-0.0000 v=2.0943 e=0.206 n=19073 t=16048s
[768/1000] SP= 32.0% best= 85.0% p=-0.0004 v=2.2167 e=0.220 n=18165 t=16076s
[769/1000] SP= 27.0% best= 85.0% p=0.0001 v=1.8457 e=0.220 n=17921 t=16103s
  -> New best eval WR 87% saved
[770/1000] SP= 29.0% best= 87.0% p=-0.0000 v=1.9102 e=0.222 n=18003 eval_R= 87.0% t=16131s
[771/1000] SP= 27.0% best= 87.0% p=-0.0003 v=1.8491 e=0.231 n=17601 t=16177s
[772/1000] SP= 35.0% best= 87.0% p=-0.0003 v=2.4284 e=0.234 n=16589 t=16204s
[773/1000] SP= 45.0% best= 87.0% p=-0.0001 v=2.6073 e=0.229 n=16730 t=16231s
[774/1000] SP= 39.0% best= 87.0% p=-0.0003 v=2.2534 e=0.232 n=17188 t=16258s
[775/1000] SP= 41.0% best= 87.0% p=-0.0002 v=2.2937 e=0.227 n=14803 t=16283s
[776/1000] SP= 48.0% best= 87.0% p=-0.0003 v=2.5669 e=0.222 n=14546 t=16307s
[777/1000] SP= 48.0% best= 87.0% p=-0.0004 v=2.3091 e=0.211 n=15484 t=16332s
[778/1000] SP= 48.0% best= 87.0% p=-0.0003 v=2.4906 e=0.208 n=15086 t=16357s
[779/1000] SP= 46.0% best= 87.0% p=-0.0003 v=2.4229 e=0.203 n=14803 t=16382s
[780/1000] SP= 48.0% best= 87.0% p=-0.0000 v=2.4880 e=0.192 n=14933 eval_R= 86.0% t=16406s
[781/1000] SP= 38.0% best= 87.0% p=0.0006 v=2.2206 e=0.199 n=17855 t=16454s
[782/1000] SP= 24.0% best= 87.0% p=0.0010 v=1.8281 e=0.194 n=18642 t=16484s
[783/1000] SP= 26.0% best= 87.0% p=0.0008 v=2.0393 e=0.199 n=15991 t=16509s
[784/1000] SP= 20.0% best= 87.0% p=0.0006 v=1.6974 e=0.202 n=17218 t=16536s
[785/1000] SP= 21.0% best= 87.0% p=-0.0005 v=1.7440 e=0.209 n=17738 t=16564s
[786/1000] SP= 22.0% best= 87.0% p=-0.0001 v=1.8468 e=0.218 n=18215 t=16592s
[787/1000] SP= 26.0% best= 87.0% p=-0.0000 v=1.9458 e=0.229 n=17736 t=16620s
[788/1000] SP= 35.0% best= 87.0% p=0.0003 v=2.4414 e=0.221 n=15828 t=16646s
[789/1000] SP= 27.0% best= 87.0% p=-0.0002 v=1.9070 e=0.228 n=15671 t=16672s
[790/1000] SP= 34.0% best= 87.0% p=-0.0004 v=2.1827 e=0.223 n=16171 eval_R= 85.0% t=16698s
[791/1000] SP= 47.0% best= 87.0% p=-0.0001 v=2.5471 e=0.210 n=16843 t=16744s
[792/1000] SP= 35.0% best= 87.0% p=-0.0004 v=2.0501 e=0.209 n=16860 t=16771s
[793/1000] SP= 41.0% best= 87.0% p=-0.0002 v=2.1183 e=0.204 n=16404 t=16798s
[794/1000] SP= 52.0% best= 87.0% p=0.0002 v=2.7094 e=0.202 n=14811 t=16823s
[795/1000] SP= 47.0% best= 87.0% p=0.0002 v=2.3092 e=0.194 n=15866 t=16849s
[796/1000] SP= 59.0% best= 87.0% p=-0.0001 v=2.5787 e=0.198 n=14219 t=16873s
[797/1000] SP= 63.0% best= 87.0% p=0.0007 v=2.6567 e=0.196 n=12904 t=16895s
[798/1000] SP= 71.0% best= 87.0% p=0.0006 v=2.6805 e=0.178 n=9567 t=16912s
[799/1000] SP= 74.0% best= 87.0% p=0.0004 v=2.4273 e=0.185 n=10467 t=16931s
[800/1000] SP= 73.0% best= 87.0% p=-0.0008 v=2.4846 e=0.179 n=10043 eval_R= 48.0% t=16949s
[801/1000] SP= 70.0% best= 87.0% p=-0.0004 v=2.2453 e=0.177 n=12225 t=16988s
[802/1000] SP= 57.0% best= 87.0% p=0.0002 v=2.2414 e=0.173 n=15332 t=17014s
[803/1000] SP= 41.0% best= 87.0% p=0.0001 v=2.3355 e=0.175 n=15395 t=17039s
[804/1000] SP= 32.0% best= 87.0% p=0.0009 v=2.1288 e=0.176 n=15381 t=17065s
[805/1000] SP= 42.0% best= 87.0% p=-0.0003 v=2.3937 e=0.186 n=18182 t=17093s
[806/1000] SP= 34.0% best= 87.0% p=0.0002 v=2.2930 e=0.194 n=15990 t=17119s
[807/1000] SP= 21.0% best= 87.0% p=0.0003 v=1.7518 e=0.205 n=19125 t=17149s
[808/1000] SP= 25.0% best= 87.0% p=0.0006 v=1.7924 e=0.204 n=18209 t=17178s
[809/1000] SP= 24.0% best= 87.0% p=-0.0000 v=1.8917 e=0.212 n=16876 t=17205s
[810/1000] SP= 34.0% best= 87.0% p=0.0002 v=2.4411 e=0.211 n=17166 eval_R= 86.0% t=17232s
[811/1000] SP= 34.0% best= 87.0% p=0.0008 v=2.2690 e=0.224 n=18381 t=17279s
[812/1000] SP= 34.0% best= 87.0% p=-0.0002 v=2.1366 e=0.230 n=17379 t=17307s
[813/1000] SP= 25.0% best= 87.0% p=0.0000 v=1.9401 e=0.229 n=17511 t=17335s
[814/1000] SP= 31.0% best= 87.0% p=-0.0000 v=2.1660 e=0.225 n=16556 t=17362s
[815/1000] SP= 23.0% best= 87.0% p=-0.0002 v=1.7250 e=0.234 n=17493 t=17390s
[816/1000] SP= 35.0% best= 87.0% p=-0.0004 v=2.3485 e=0.232 n=18109 t=17419s
[817/1000] SP= 32.0% best= 87.0% p=0.0001 v=2.0719 e=0.229 n=18005 t=17447s
[818/1000] SP= 34.0% best= 87.0% p=-0.0001 v=2.0859 e=0.224 n=17748 t=17475s
[819/1000] SP= 32.0% best= 87.0% p=-0.0001 v=2.0971 e=0.224 n=16778 t=17503s
[820/1000] SP= 37.0% best= 87.0% p=-0.0002 v=2.3158 e=0.228 n=16699 eval_R= 83.0% t=17529s
[821/1000] SP= 36.0% best= 87.0% p=-0.0002 v=2.1873 e=0.223 n=17252 t=17576s
[822/1000] SP= 36.0% best= 87.0% p=-0.0001 v=2.1074 e=0.215 n=16617 t=17604s
[823/1000] SP= 44.0% best= 87.0% p=-0.0000 v=2.3277 e=0.210 n=17485 t=17632s
[824/1000] SP= 47.0% best= 87.0% p=0.0003 v=2.4420 e=0.203 n=16966 t=17660s
[825/1000] SP= 48.0% best= 87.0% p=-0.0000 v=2.4318 e=0.214 n=15729 t=17685s
[826/1000] SP= 42.0% best= 87.0% p=-0.0002 v=2.2526 e=0.214 n=15229 t=17711s
[827/1000] SP= 55.0% best= 87.0% p=-0.0002 v=2.5221 e=0.203 n=15520 t=17737s
[828/1000] SP= 49.0% best= 87.0% p=-0.0000 v=2.3626 e=0.192 n=16114 t=17764s
[829/1000] SP= 51.0% best= 87.0% p=-0.0001 v=2.4566 e=0.192 n=12990 t=17786s
[830/1000] SP= 49.0% best= 87.0% p=0.0001 v=2.2264 e=0.204 n=16535 eval_R= 80.0% t=17814s
[831/1000] SP= 50.0% best= 87.0% p=-0.0001 v=2.3790 e=0.200 n=17065 t=17860s
[832/1000] SP= 57.0% best= 87.0% p=-0.0002 v=2.3055 e=0.191 n=17700 t=17889s
[833/1000] SP= 53.0% best= 87.0% p=0.0001 v=2.3092 e=0.197 n=17650 t=17917s
[834/1000] SP= 52.0% best= 87.0% p=-0.0008 v=2.4586 e=0.194 n=14821 t=17942s
[835/1000] SP= 44.0% best= 87.0% p=0.0003 v=2.3852 e=0.185 n=14516 t=17966s
[836/1000] SP= 48.0% best= 87.0% p=-0.0002 v=2.3082 e=0.184 n=16727 t=17994s
[837/1000] SP= 32.0% best= 87.0% p=0.0001 v=2.2095 e=0.185 n=16993 t=18022s
[838/1000] SP= 30.0% best= 87.0% p=0.0002 v=2.0175 e=0.185 n=17870 t=18051s
[839/1000] SP= 35.0% best= 87.0% p=-0.0003 v=1.9410 e=0.194 n=16867 t=18079s
[840/1000] SP= 28.0% best= 87.0% p=0.0003 v=1.9411 e=0.204 n=17477 eval_R= 85.0% t=18107s
[841/1000] SP= 32.0% best= 87.0% p=-0.0001 v=1.8968 e=0.199 n=17179 t=18154s
[842/1000] SP= 32.0% best= 87.0% p=0.0001 v=2.0017 e=0.206 n=17819 t=18183s
[843/1000] SP= 40.0% best= 87.0% p=0.0000 v=2.2136 e=0.212 n=18336 t=18212s
[844/1000] SP= 48.0% best= 87.0% p=-0.0007 v=2.4601 e=0.206 n=17076 t=18239s
[845/1000] SP= 44.0% best= 87.0% p=-0.0006 v=2.1708 e=0.210 n=19335 t=18269s
[846/1000] SP= 42.0% best= 87.0% p=-0.0001 v=2.1855 e=0.207 n=17826 t=18298s
[847/1000] SP= 37.0% best= 87.0% p=-0.0000 v=2.1742 e=0.206 n=16157 t=18324s
[848/1000] SP= 41.0% best= 87.0% p=-0.0002 v=2.2193 e=0.189 n=18026 t=18352s
[849/1000] SP= 41.0% best= 87.0% p=-0.0002 v=2.1829 e=0.196 n=18188 t=18381s
[850/1000] SP= 40.0% best= 87.0% p=-0.0001 v=2.2023 e=0.194 n=16649 eval_R= 86.0% t=18408s
[851/1000] SP= 41.0% best= 87.0% p=-0.0001 v=2.2202 e=0.188 n=18144 t=18456s
[852/1000] SP= 49.0% best= 87.0% p=-0.0001 v=2.5584 e=0.195 n=15365 t=18482s
[853/1000] SP= 55.0% best= 87.0% p=0.0003 v=2.4425 e=0.192 n=15545 t=18507s
[854/1000] SP= 54.0% best= 87.0% p=-0.0007 v=2.2899 e=0.187 n=16048 t=18533s
[855/1000] SP= 43.0% best= 87.0% p=-0.0001 v=2.1956 e=0.185 n=17504 t=18561s
[856/1000] SP= 41.0% best= 87.0% p=-0.0002 v=2.1615 e=0.173 n=17325 t=18590s
[857/1000] SP= 37.0% best= 87.0% p=-0.0001 v=2.1541 e=0.176 n=16049 t=18617s
[858/1000] SP= 36.0% best= 87.0% p=-0.0001 v=2.0924 e=0.174 n=18784 t=18648s
[859/1000] SP= 40.0% best= 87.0% p=-0.0000 v=2.2329 e=0.184 n=16981 t=18676s
[860/1000] SP= 44.0% best= 87.0% p=0.0000 v=2.3373 e=0.180 n=17850 eval_R= 86.0% t=18704s
[861/1000] SP= 33.0% best= 87.0% p=-0.0001 v=2.0521 e=0.180 n=16800 t=18751s
[862/1000] SP= 40.0% best= 87.0% p=-0.0001 v=2.2502 e=0.183 n=18299 t=18780s
[863/1000] SP= 39.0% best= 87.0% p=-0.0003 v=2.2079 e=0.195 n=17642 t=18808s
[864/1000] SP= 39.0% best= 87.0% p=0.0000 v=2.1665 e=0.187 n=18098 t=18837s
[865/1000] SP= 45.0% best= 87.0% p=0.0001 v=2.2491 e=0.189 n=18366 t=18866s
[866/1000] SP= 41.0% best= 87.0% p=-0.0003 v=2.2549 e=0.196 n=16008 t=18892s
[867/1000] SP= 38.0% best= 87.0% p=-0.0004 v=2.1114 e=0.187 n=18186 t=18921s
[868/1000] SP= 45.0% best= 87.0% p=-0.0001 v=2.0972 e=0.186 n=17813 t=18949s
[869/1000] SP= 55.0% best= 87.0% p=0.0006 v=2.4925 e=0.185 n=17424 t=18977s
[870/1000] SP= 49.0% best= 87.0% p=-0.0001 v=2.2352 e=0.183 n=15968 eval_R= 77.0% t=19003s
[871/1000] SP= 56.0% best= 87.0% p=0.0000 v=2.4236 e=0.185 n=16118 t=19047s
[872/1000] SP= 60.0% best= 87.0% p=0.0002 v=2.4177 e=0.182 n=13674 t=19070s
[873/1000] SP= 56.0% best= 87.0% p=-0.0006 v=2.3010 e=0.176 n=14784 t=19094s
[874/1000] SP= 49.0% best= 87.0% p=-0.0001 v=2.2112 e=0.176 n=17163 t=19121s
[875/1000] SP= 46.0% best= 87.0% p=-0.0005 v=2.2101 e=0.177 n=18745 t=19151s
[876/1000] SP= 45.0% best= 87.0% p=0.0001 v=2.3316 e=0.177 n=15148 t=19177s
[877/1000] SP= 39.0% best= 87.0% p=-0.0002 v=2.1548 e=0.172 n=18153 t=19206s
[878/1000] SP= 45.0% best= 87.0% p=-0.0001 v=2.2254 e=0.177 n=19121 t=19236s
[879/1000] SP= 36.0% best= 87.0% p=-0.0001 v=2.0179 e=0.175 n=17972 t=19265s
[880/1000] SP= 48.0% best= 87.0% p=-0.0001 v=2.2223 e=0.171 n=19332 eval_R= 84.0% t=19295s
[881/1000] SP= 44.0% best= 87.0% p=0.0001 v=2.1982 e=0.179 n=19538 t=19344s
[882/1000] SP= 43.0% best= 87.0% p=-0.0001 v=2.1508 e=0.176 n=18426 t=19373s
[883/1000] SP= 40.0% best= 87.0% p=-0.0004 v=2.0838 e=0.180 n=16372 t=19399s
[884/1000] SP= 42.0% best= 87.0% p=-0.0001 v=2.2013 e=0.185 n=17581 t=19428s
[885/1000] SP= 46.0% best= 87.0% p=0.0000 v=2.2682 e=0.180 n=19219 t=19457s
[886/1000] SP= 40.0% best= 87.0% p=-0.0003 v=2.1374 e=0.186 n=16246 t=19484s
[887/1000] SP= 42.0% best= 87.0% p=-0.0001 v=2.2310 e=0.183 n=19908 t=19515s
[888/1000] SP= 46.0% best= 87.0% p=-0.0004 v=2.3367 e=0.182 n=18124 t=19543s
[889/1000] SP= 45.0% best= 87.0% p=0.0000 v=2.1253 e=0.181 n=19971 t=19575s
[890/1000] SP= 36.0% best= 87.0% p=-0.0002 v=2.1823 e=0.184 n=17127 eval_R= 87.0% t=19602s
[891/1000] SP= 35.0% best= 87.0% p=-0.0001 v=1.9677 e=0.181 n=19322 t=19653s
[892/1000] SP= 32.0% best= 87.0% p=-0.0002 v=1.9863 e=0.192 n=17671 t=19681s
[893/1000] SP= 34.0% best= 87.0% p=-0.0003 v=2.0831 e=0.182 n=18439 t=19710s
[894/1000] SP= 39.0% best= 87.0% p=-0.0000 v=2.1817 e=0.188 n=19254 t=19740s
[895/1000] SP= 35.0% best= 87.0% p=0.0001 v=2.1363 e=0.191 n=17853 t=19768s
[896/1000] SP= 42.0% best= 87.0% p=-0.0003 v=2.2262 e=0.184 n=19448 t=19798s
[897/1000] SP= 36.0% best= 87.0% p=0.0002 v=2.0768 e=0.193 n=17415 t=19827s
[898/1000] SP= 35.0% best= 87.0% p=-0.0003 v=2.0005 e=0.187 n=18502 t=19856s
[899/1000] SP= 27.0% best= 87.0% p=-0.0001 v=1.7865 e=0.194 n=19026 t=19886s
[900/1000] SP= 39.0% best= 87.0% p=-0.0001 v=2.2534 e=0.190 n=19442 eval_R= 84.0% t=19916s
[901/1000] SP= 49.0% best= 87.0% p=0.0001 v=2.5117 e=0.191 n=18739 t=19964s
[902/1000] SP= 32.0% best= 87.0% p=-0.0000 v=1.9041 e=0.196 n=20650 t=19996s
[903/1000] SP= 43.0% best= 87.0% p=-0.0003 v=2.1191 e=0.196 n=18720 t=20026s
[904/1000] SP= 48.0% best= 87.0% p=-0.0002 v=2.3141 e=0.192 n=18108 t=20054s
[905/1000] SP= 55.0% best= 87.0% p=0.0007 v=2.4089 e=0.192 n=16264 t=20080s
[906/1000] SP= 56.0% best= 87.0% p=-0.0001 v=2.4230 e=0.188 n=15252 t=20105s
[907/1000] SP= 57.0% best= 87.0% p=-0.0004 v=2.3803 e=0.178 n=15987 t=20132s
[908/1000] SP= 44.0% best= 87.0% p=0.0003 v=2.2089 e=0.179 n=18088 t=20160s
[909/1000] SP= 43.0% best= 87.0% p=-0.0000 v=2.2285 e=0.175 n=17218 t=20189s
[910/1000] SP= 38.0% best= 87.0% p=0.0003 v=2.1133 e=0.181 n=17742 eval_R= 87.0% t=20218s
[911/1000] SP= 33.0% best= 87.0% p=-0.0000 v=1.9414 e=0.183 n=19390 t=20268s
[912/1000] SP= 34.0% best= 87.0% p=0.0001 v=2.0724 e=0.189 n=19703 t=20299s
[913/1000] SP= 41.0% best= 87.0% p=0.0001 v=2.0574 e=0.197 n=19234 t=20329s
[914/1000] SP= 37.0% best= 87.0% p=-0.0001 v=2.1544 e=0.204 n=17694 t=20357s
[915/1000] SP= 35.0% best= 87.0% p=-0.0001 v=2.0337 e=0.207 n=19469 t=20388s
[916/1000] SP= 39.0% best= 87.0% p=-0.0001 v=2.1829 e=0.204 n=17720 t=20417s
[917/1000] SP= 37.0% best= 87.0% p=-0.0002 v=2.0873 e=0.205 n=18894 t=20446s
[918/1000] SP= 40.0% best= 87.0% p=-0.0002 v=2.2205 e=0.200 n=18642 t=20476s
[919/1000] SP= 33.0% best= 87.0% p=-0.0002 v=1.8543 e=0.198 n=18192 t=20505s
  -> New best eval WR 88% saved
[920/1000] SP= 42.0% best= 88.0% p=-0.0002 v=2.3864 e=0.192 n=16140 eval_R= 88.0% t=20531s
[921/1000] SP= 50.0% best= 88.0% p=0.0004 v=2.2768 e=0.204 n=18743 t=20580s
[922/1000] SP= 53.0% best= 88.0% p=0.0001 v=2.4405 e=0.191 n=16059 t=20606s
[923/1000] SP= 55.0% best= 88.0% p=-0.0003 v=2.4135 e=0.187 n=15037 t=20631s
[924/1000] SP= 47.0% best= 88.0% p=0.0001 v=2.2073 e=0.183 n=18646 t=20660s
[925/1000] SP= 39.0% best= 88.0% p=0.0001 v=2.1131 e=0.179 n=18795 t=20690s
[926/1000] SP= 51.0% best= 88.0% p=-0.0004 v=2.3273 e=0.170 n=18789 t=20720s
[927/1000] SP= 30.0% best= 88.0% p=0.0003 v=2.0207 e=0.180 n=18591 t=20749s
[928/1000] SP= 41.0% best= 88.0% p=-0.0001 v=2.2755 e=0.187 n=19174 t=20779s
[929/1000] SP= 39.0% best= 88.0% p=-0.0001 v=2.2445 e=0.182 n=17609 t=20808s
[930/1000] SP= 35.0% best= 88.0% p=-0.0000 v=2.1014 e=0.187 n=18018 eval_R= 85.0% t=20837s
[931/1000] SP= 40.0% best= 88.0% p=0.0000 v=2.3056 e=0.182 n=18320 t=20885s
[932/1000] SP= 37.0% best= 88.0% p=-0.0004 v=2.1862 e=0.186 n=18222 t=20914s
[933/1000] SP= 36.0% best= 88.0% p=-0.0001 v=2.0570 e=0.189 n=17581 t=20942s
[934/1000] SP= 33.0% best= 88.0% p=-0.0001 v=2.0927 e=0.185 n=16915 t=20970s
[935/1000] SP= 29.0% best= 88.0% p=-0.0003 v=1.8820 e=0.189 n=18782 t=21000s
[936/1000] SP= 39.0% best= 88.0% p=-0.0000 v=2.0933 e=0.189 n=18865 t=21030s
[937/1000] SP= 36.0% best= 88.0% p=0.0003 v=2.1984 e=0.191 n=17829 t=21059s
[938/1000] SP= 38.0% best= 88.0% p=-0.0000 v=2.0867 e=0.195 n=19235 t=21089s
[939/1000] SP= 45.0% best= 88.0% p=0.0001 v=2.2928 e=0.195 n=18547 t=21119s
[940/1000] SP= 45.0% best= 88.0% p=-0.0001 v=2.2082 e=0.190 n=19035 eval_R= 85.0% t=21150s
[941/1000] SP= 52.0% best= 88.0% p=-0.0003 v=2.2642 e=0.184 n=18847 t=21198s
[942/1000] SP= 45.0% best= 88.0% p=-0.0002 v=2.1783 e=0.175 n=17792 t=21227s
[943/1000] SP= 42.0% best= 88.0% p=-0.0002 v=2.2079 e=0.171 n=17386 t=21255s
[944/1000] SP= 43.0% best= 88.0% p=0.0000 v=2.1195 e=0.172 n=19674 t=21287s
[945/1000] SP= 42.0% best= 88.0% p=-0.0000 v=2.2394 e=0.169 n=18516 t=21317s
[946/1000] SP= 56.0% best= 88.0% p=-0.0000 v=2.3494 e=0.171 n=18276 t=21346s
[947/1000] SP= 48.0% best= 88.0% p=-0.0001 v=2.2122 e=0.170 n=17186 t=21373s
[948/1000] SP= 43.0% best= 88.0% p=-0.0002 v=2.2341 e=0.167 n=17869 t=21402s
[949/1000] SP= 40.0% best= 88.0% p=0.0000 v=2.2073 e=0.172 n=16643 t=21429s
[950/1000] SP= 45.0% best= 88.0% p=-0.0002 v=2.2657 e=0.169 n=17705 eval_R= 86.0% t=21458s
[951/1000] SP= 38.0% best= 88.0% p=-0.0000 v=2.1070 e=0.174 n=19670 t=21508s
[952/1000] SP= 42.0% best= 88.0% p=-0.0000 v=2.1239 e=0.179 n=19975 t=21540s
[953/1000] SP= 40.0% best= 88.0% p=-0.0000 v=2.0453 e=0.177 n=19324 t=21571s
[954/1000] SP= 42.0% best= 88.0% p=-0.0001 v=2.1694 e=0.183 n=17877 t=21600s
[955/1000] SP= 45.0% best= 88.0% p=0.0001 v=2.2762 e=0.180 n=18608 t=21630s
[956/1000] SP= 28.0% best= 88.0% p=-0.0001 v=1.8806 e=0.186 n=18283 t=21660s
[957/1000] SP= 36.0% best= 88.0% p=-0.0002 v=2.0907 e=0.177 n=18324 t=21689s
[958/1000] SP= 34.0% best= 88.0% p=-0.0000 v=1.9575 e=0.185 n=19177 t=21720s
[959/1000] SP= 35.0% best= 88.0% p=-0.0005 v=1.9975 e=0.179 n=19020 t=21750s
[960/1000] SP= 47.0% best= 88.0% p=-0.0003 v=2.3234 e=0.185 n=18996 eval_R= 85.0% t=21780s
[961/1000] SP= 44.0% best= 88.0% p=-0.0000 v=2.1331 e=0.179 n=18507 t=21828s
[962/1000] SP= 56.0% best= 88.0% p=0.0001 v=2.3212 e=0.176 n=17501 t=21856s
[963/1000] SP= 35.0% best= 88.0% p=-0.0001 v=2.1073 e=0.175 n=17872 t=21885s
[964/1000] SP= 48.0% best= 88.0% p=-0.0002 v=2.1622 e=0.175 n=18136 t=21914s
[965/1000] SP= 38.0% best= 88.0% p=-0.0001 v=2.1411 e=0.170 n=18476 t=21943s
[966/1000] SP= 58.0% best= 88.0% p=0.0001 v=2.3164 e=0.167 n=20433 t=21975s
[967/1000] SP= 42.0% best= 88.0% p=-0.0001 v=2.0999 e=0.164 n=18957 t=22005s
[968/1000] SP= 39.0% best= 88.0% p=-0.0001 v=2.0305 e=0.164 n=18742 t=22035s
[969/1000] SP= 39.0% best= 88.0% p=0.0002 v=2.1525 e=0.170 n=18578 t=22064s
[970/1000] SP= 44.0% best= 88.0% p=0.0000 v=2.2016 e=0.163 n=17811 eval_R= 88.0% t=22093s
[971/1000] SP= 39.0% best= 88.0% p=-0.0001 v=2.0378 e=0.168 n=19289 t=22143s
[972/1000] SP= 44.0% best= 88.0% p=-0.0004 v=2.1187 e=0.175 n=19472 t=22173s
[973/1000] SP= 37.0% best= 88.0% p=-0.0000 v=1.9772 e=0.170 n=18472 t=22203s
[974/1000] SP= 42.0% best= 88.0% p=0.0000 v=2.0375 e=0.166 n=17944 t=22232s
[975/1000] SP= 39.0% best= 88.0% p=-0.0002 v=2.1463 e=0.172 n=18370 t=22262s
[976/1000] SP= 46.0% best= 88.0% p=0.0001 v=2.2427 e=0.170 n=17594 t=22291s
[977/1000] SP= 50.0% best= 88.0% p=-0.0002 v=2.3011 e=0.176 n=18315 t=22320s
[978/1000] SP= 48.0% best= 88.0% p=-0.0001 v=2.2401 e=0.171 n=17908 t=22349s
[979/1000] SP= 41.0% best= 88.0% p=-0.0003 v=2.1991 e=0.170 n=17028 t=22377s
[980/1000] SP= 44.0% best= 88.0% p=-0.0001 v=2.1998 e=0.169 n=17162 eval_R= 84.0% t=22405s
[981/1000] SP= 48.0% best= 88.0% p=-0.0001 v=2.1498 e=0.172 n=19463 t=22456s
[982/1000] SP= 43.0% best= 88.0% p=-0.0002 v=2.1468 e=0.173 n=18172 t=22485s
[983/1000] SP= 44.0% best= 88.0% p=-0.0004 v=2.2253 e=0.177 n=18667 t=22514s
[984/1000] SP= 46.0% best= 88.0% p=-0.0002 v=2.2003 e=0.163 n=18937 t=22544s
[985/1000] SP= 50.0% best= 88.0% p=-0.0003 v=2.1749 e=0.162 n=18326 t=22573s
[986/1000] SP= 52.0% best= 88.0% p=-0.0001 v=2.2961 e=0.161 n=19297 t=22604s
[987/1000] SP= 51.0% best= 88.0% p=-0.0003 v=2.3853 e=0.162 n=15983 t=22630s
[988/1000] SP= 51.0% best= 88.0% p=-0.0002 v=2.3196 e=0.162 n=16328 t=22657s
[989/1000] SP= 73.0% best= 88.0% p=0.0000 v=2.3925 e=0.164 n=15303 t=22682s
[990/1000] SP= 70.0% best= 88.0% p=0.0001 v=2.2567 e=0.162 n=14777 eval_R= 63.0% t=22706s
[991/1000] SP= 69.0% best= 88.0% p=-0.0001 v=2.2306 e=0.165 n=11649 t=22744s
[992/1000] SP= 71.0% best= 88.0% p=-0.0011 v=2.3796 e=0.159 n=10527 t=22762s
[993/1000] SP= 55.0% best= 88.0% p=-0.0002 v=2.4074 e=0.154 n=14262 t=22786s
[994/1000] SP= 50.0% best= 88.0% p=0.0004 v=2.2376 e=0.153 n=18162 t=22816s
[995/1000] SP= 40.0% best= 88.0% p=0.0011 v=2.2684 e=0.149 n=16245 t=22843s
[996/1000] SP= 35.0% best= 88.0% p=0.0008 v=2.0208 e=0.167 n=19303 t=22874s
[997/1000] SP= 43.0% best= 88.0% p=0.0003 v=2.2103 e=0.174 n=19555 t=22905s
[998/1000] SP= 37.0% best= 88.0% p=0.0002 v=2.1870 e=0.181 n=18665 t=22935s
[999/1000] SP= 36.0% best= 88.0% p=-0.0002 v=2.1279 e=0.188 n=17900 t=22964s
[1000/1000] SP= 33.0% best= 88.0% p=-0.0002 v=1.9977 e=0.191 n=18373 eval_R= 84.0% t=22994s
Final weights saved to nn_weights_v48_final.pt
Eval vs random: 247W-189L-64D (49.4%)
Weights exported to nn_weights_v48.py
