/Users/leo/Library/Python/3.9/lib/python/site-packages/urllib3/__init__.py:35: NotOpenSSLWarning: urllib3 v2 only supports OpenSSL 1.1.1+, currently the 'ssl' module is compiled with 'LibreSSL 2.8.3'. See: https://github.com/urllib3/urllib3/issues/3020
  warnings.warn(
OpenSpiel exception: Unknown game 'connect_four_proxy'. Available games are:
2048
add_noise
amazons
backgammon
bargaining
battleship
blackjack
blotto
breakthrough
bridge
bridge_uncontested_bidding
cached_tree
catch
checkers
chess
cliff_walking
clobber
coin_game
colored_trails
connect_four
coop_box_pushing
coop_to_1p
coordinated_mp
crazy_eights
cribbage
cursor_go
dark_chess
dark_hex
dark_hex_ir
deep_sea
dots_and_boxes
dou_dizhu
efg_game
einstein_wurfelt_nicht
euchre
first_sealed_auction
gin_rummy
go
goofspiel
hanabi
havannah
hearts
hex
hive
kriegspiel
kuhn_poker
laser_tag
latent_ttt
leduc_poker
lewis_signaling
liars_dice
liars_dice_ir
lines_of_action
maedn
mancala
markov_soccer
matching_pennies_3p
matrix_bos
matrix_brps
matrix_cd
matrix_coordination
matrix_mp
matrix_pd
matrix_rps
matrix_rpsw
matrix_sh
matrix_shapleys_game
mfg_crowd_modelling
mfg_crowd_modelling_2d
mfg_dynamic_routing
mfg_garnet
misere
mnk
morpion_solitaire
negotiation
nfg_game
nim
nine_mens_morris
normal_form_extensive_game
oh_hell
oshi_zumo
othello
oware
pathfinding
pentago
phantom_go
phantom_ttt
phantom_ttt_ir
pig
quoridor
rbc
repeated_game
repeated_leduc_poker
repeated_poker
restricted_nash_response
sheriff
skat
solitaire
spades
start_at
stones_and_gems
tarok
tic_tac_toe
tiny_bridge_2p
tiny_bridge_4p
tiny_hanabi
trade_comm
turn_based_simultaneous_game
twixt
ultimate_tic_tac_toe
universal_poker
y
zerosum
OpenSpiel exception: Unknown game 'go_proxy'. Available games are:
2048
add_noise
amazons
backgammon
bargaining
battleship
blackjack
blotto
breakthrough
bridge
bridge_uncontested_bidding
cached_tree
catch
checkers
chess
cliff_walking
clobber
coin_game
colored_trails
connect_four
coop_box_pushing
coop_to_1p
coordinated_mp
crazy_eights
cribbage
cursor_go
dark_chess
dark_hex
dark_hex_ir
deep_sea
dots_and_boxes
dou_dizhu
efg_game
einstein_wurfelt_nicht
euchre
first_sealed_auction
gin_rummy
go
goofspiel
hanabi
havannah
hearts
hex
hive
kriegspiel
kuhn_poker
laser_tag
latent_ttt
leduc_poker
lewis_signaling
liars_dice
liars_dice_ir
lines_of_action
maedn
mancala
markov_soccer
matching_pennies_3p
matrix_bos
matrix_brps
matrix_cd
matrix_coordination
matrix_mp
matrix_pd
matrix_rps
matrix_rpsw
matrix_sh
matrix_shapleys_game
mfg_crowd_modelling
mfg_crowd_modelling_2d
mfg_dynamic_routing
mfg_garnet
misere
mnk
morpion_solitaire
negotiation
nfg_game
nim
nine_mens_morris
normal_form_extensive_game
oh_hell
oshi_zumo
othello
oware
pathfinding
pentago
phantom_go
phantom_ttt
phantom_ttt_ir
pig
quoridor
rbc
repeated_game
repeated_leduc_poker
repeated_poker
restricted_nash_response
sheriff
skat
solitaire
spades
start_at
stones_and_gems
tarok
tic_tac_toe
tiny_bridge_2p
tiny_bridge_4p
tiny_hanabi
trade_comm
turn_based_simultaneous_game
twixt
ultimate_tic_tac_toe
universal_poker
y
zerosum
OpenSpiel exception: Unknown game 'tic_tac_toe_proxy'. Available games are:
2048
add_noise
amazons
backgammon
bargaining
battleship
blackjack
blotto
breakthrough
bridge
bridge_uncontested_bidding
cached_tree
catch
checkers
chess
cliff_walking
clobber
coin_game
colored_trails
connect_four
coop_box_pushing
coop_to_1p
coordinated_mp
crazy_eights
cribbage
cursor_go
dark_chess
dark_hex
dark_hex_ir
deep_sea
dots_and_boxes
dou_dizhu
efg_game
einstein_wurfelt_nicht
euchre
first_sealed_auction
gin_rummy
go
goofspiel
hanabi
havannah
hearts
hex
hive
kriegspiel
kuhn_poker
laser_tag
latent_ttt
leduc_poker
lewis_signaling
liars_dice
liars_dice_ir
lines_of_action
maedn
mancala
markov_soccer
matching_pennies_3p
matrix_bos
matrix_brps
matrix_cd
matrix_coordination
matrix_mp
matrix_pd
matrix_rps
matrix_rpsw
matrix_sh
matrix_shapleys_game
mfg_crowd_modelling
mfg_crowd_modelling_2d
mfg_dynamic_routing
mfg_garnet
misere
mnk
morpion_solitaire
negotiation
nfg_game
nim
nine_mens_morris
normal_form_extensive_game
oh_hell
oshi_zumo
othello
oware
pathfinding
pentago
phantom_go
phantom_ttt
phantom_ttt_ir
pig
quoridor
rbc
repeated_game
repeated_leduc_poker
repeated_poker
restricted_nash_response
sheriff
skat
solitaire
spades
start_at
stones_and_gems
tarok
tic_tac_toe
tiny_bridge_2p
tiny_bridge_4p
tiny_hanabi
trade_comm
turn_based_simultaneous_game
twixt
ultimate_tic_tac_toe
universal_poker
y
zerosum
OpenSpiel exception: Unknown game 'universal_poker_proxy'. Available games are:
2048
add_noise
amazons
backgammon
bargaining
battleship
blackjack
blotto
breakthrough
bridge
bridge_uncontested_bidding
cached_tree
catch
checkers
chess
cliff_walking
clobber
coin_game
colored_trails
connect_four
coop_box_pushing
coop_to_1p
coordinated_mp
crazy_eights
cribbage
cursor_go
dark_chess
dark_hex
dark_hex_ir
deep_sea
dots_and_boxes
dou_dizhu
efg_game
einstein_wurfelt_nicht
euchre
first_sealed_auction
gin_rummy
go
goofspiel
hanabi
havannah
hearts
hex
hive
kriegspiel
kuhn_poker
laser_tag
latent_ttt
leduc_poker
lewis_signaling
liars_dice
liars_dice_ir
lines_of_action
maedn
mancala
markov_soccer
matching_pennies_3p
matrix_bos
matrix_brps
matrix_cd
matrix_coordination
matrix_mp
matrix_pd
matrix_rps
matrix_rpsw
matrix_sh
matrix_shapleys_game
mfg_crowd_modelling
mfg_crowd_modelling_2d
mfg_dynamic_routing
mfg_garnet
misere
mnk
morpion_solitaire
negotiation
nfg_game
nim
nine_mens_morris
normal_form_extensive_game
oh_hell
oshi_zumo
othello
oware
pathfinding
pentago
phantom_go
phantom_ttt
phantom_ttt_ir
pig
quoridor
rbc
repeated_game
repeated_leduc_poker
repeated_poker
restricted_nash_response
sheriff
skat
solitaire
spades
start_at
stones_and_gems
tarok
tic_tac_toe
tiny_bridge_2p
tiny_bridge_4p
tiny_hanabi
trade_comm
turn_based_simultaneous_game
twixt
ultimate_tic_tac_toe
universal_poker
y
zerosum
[kaggle_environments.envs.open_spiel.open_spiel] INFO: Successfully loaded OpenSpiel environments: 2.
[kaggle_environments.envs.open_spiel.open_spiel] INFO:    open_spiel_chess
[kaggle_environments.envs.open_spiel.open_spiel] INFO:    open_spiel_gin_rummy
[kaggle_environments.envs.open_spiel.open_spiel] INFO: OpenSpiel games skipped: 4.
[kaggle_environments.envs.open_spiel.open_spiel] INFO:    connect_four
[kaggle_environments.envs.open_spiel.open_spiel] INFO:    go(board_size=9)
[kaggle_environments.envs.open_spiel.open_spiel] INFO:    tic_tac_toe
[kaggle_environments.envs.open_spiel.open_spiel] INFO:    universal_poker(betting=nolimit,bettingAbstraction=fullgame,blind=1 2,firstPlayer=2 1 1 1,numBoardCards=0 3 1 1,numHoleCards=2,numPlayers=2,numRanks=13,numRounds=4,numSuits=4,stack=400 400)
Loading environment cabt failed: dlopen(/Users/leo/Library/Python/3.9/lib/python/site-packages/kaggle_environments/envs/cabt/cg/libcg.so, 0x0006): tried: '/Users/leo/Library/Python/3.9/lib/python/site-packages/kaggle_environments/envs/cabt/cg/libcg.so' (slice is not valid mach-o file), '/System/Volumes/Preboot/Cryptexes/OS/Users/leo/Library/Python/3.9/lib/python/site-packages/kaggle_environments/envs/cabt/cg/libcg.so' (no such file), '/Users/leo/Library/Python/3.9/lib/python/site-packages/kaggle_environments/envs/cabt/cg/libcg.so' (slice is not valid mach-o file)
termcolor not installed, skipping dependency
No pygame installed, ignoring import
  Step reward: delta_gap*0.5 + delta_units*0.1
  Terminal: +5.0 / -1 / 0 (draw)
  Shaping: REMOVE +0.1, TRANSFORM +0.5, non-factory survival +0.01
  Training: 100% self-play | Eval vs random every 10 iters (100 games)
  Entropy: 0.02
  Iterations: 200 | Batch: 100
  Weights -> nn_weights_v46.pt
[  1/200] SP= 91.0% best=  0.0% p=-0.0008 v=11.8731 e=0.657 n=1785 t=8s
[  2/200] SP= 88.0% best=  0.0% p=-0.0002 v=10.5820 e=0.667 n=1810 t=16s
[  3/200] SP= 92.0% best=  0.0% p=-0.0006 v=9.4270 e=0.683 n=1798 t=23s
[  4/200] SP= 86.0% best=  0.0% p=-0.0014 v=7.8670 e=0.701 n=1680 t=31s
[  5/200] SP= 86.0% best=  0.0% p=-0.0018 v=6.6085 e=0.684 n=1760 t=39s
[  6/200] SP= 94.0% best=  0.0% p=-0.0024 v=5.1753 e=0.660 n=1795 t=46s
[  7/200] SP= 93.0% best=  0.0% p=-0.0029 v=3.5822 e=0.653 n=1794 t=54s
[  8/200] SP= 89.0% best=  0.0% p=-0.0037 v=3.0351 e=0.646 n=1839 t=62s
[  9/200] SP= 65.0% best=  0.0% p=-0.0031 v=5.5825 e=0.606 n=2593 t=70s
[ 10/200] SP= 63.0% best=  0.0% p=-0.0014 v=4.8360 e=0.585 n=3201 eval_R=  0.0% t=80s
[ 11/200] SP= 66.0% best=  0.0% p=-0.0012 v=4.2356 e=0.585 n=3167 t=99s
[ 12/200] SP= 64.0% best=  0.0% p=-0.0007 v=4.0524 e=0.579 n=3276 t=108s
[ 13/200] SP= 59.0% best=  0.0% p=-0.0009 v=4.4226 e=0.562 n=3138 t=118s
[ 14/200] SP= 48.0% best=  0.0% p=-0.0000 v=4.8365 e=0.579 n=3342 t=128s
[ 15/200] SP= 31.0% best=  0.0% p=0.0003 v=4.6668 e=0.555 n=3709 t=138s
[ 16/200] SP= 15.0% best=  0.0% p=0.0012 v=4.3669 e=0.575 n=3974 t=149s
[ 17/200] SP= 13.0% best=  0.0% p=0.0009 v=4.1126 e=0.579 n=3786 t=160s
[ 18/200] SP= 25.0% best=  0.0% p=0.0008 v=3.8812 e=0.585 n=4073 t=170s
[ 19/200] SP= 13.0% best=  0.0% p=0.0014 v=3.1248 e=0.590 n=3635 t=180s
  -> New best eval WR 16% saved
[ 20/200] SP= 14.0% best= 16.0% p=0.0008 v=2.9744 e=0.583 n=3440 eval_R= 16.0% t=190s
[ 21/200] SP= 27.0% best= 16.0% p=0.0005 v=3.8403 e=0.612 n=3341 t=211s
[ 22/200] SP= 39.0% best= 16.0% p=0.0001 v=5.1054 e=0.632 n=3063 t=220s
[ 23/200] SP= 39.0% best= 16.0% p=-0.0003 v=5.6385 e=0.606 n=2869 t=229s
[ 24/200] SP= 23.0% best= 16.0% p=-0.0001 v=3.6276 e=0.604 n=3395 t=239s
[ 25/200] SP= 24.0% best= 16.0% p=-0.0001 v=3.7826 e=0.608 n=3628 t=250s
[ 26/200] SP= 15.0% best= 16.0% p=0.0001 v=3.0672 e=0.593 n=3475 t=260s
[ 27/200] SP= 14.0% best= 16.0% p=0.0001 v=2.8704 e=0.592 n=3387 t=269s
[ 28/200] SP=  8.0% best= 16.0% p=0.0005 v=2.0342 e=0.603 n=3340 t=279s
[ 29/200] SP=  7.0% best= 16.0% p=0.0003 v=2.0273 e=0.585 n=3350 t=289s
  -> New best eval WR 37% saved
[ 30/200] SP=  8.0% best= 37.0% p=0.0000 v=1.8449 e=0.586 n=3853 eval_R= 37.0% t=300s
[ 31/200] SP=  7.0% best= 37.0% p=-0.0003 v=1.8954 e=0.591 n=3456 t=324s
[ 32/200] SP=  3.0% best= 37.0% p=-0.0003 v=1.3492 e=0.583 n=3560 t=334s
[ 33/200] SP=  4.0% best= 37.0% p=-0.0002 v=1.2495 e=0.580 n=3602 t=344s
[ 34/200] SP=  4.0% best= 37.0% p=-0.0005 v=1.1479 e=0.596 n=3308 t=354s
[ 35/200] SP=  5.0% best= 37.0% p=-0.0006 v=1.4256 e=0.582 n=3485 t=364s
[ 36/200] SP= 10.0% best= 37.0% p=-0.0010 v=2.3043 e=0.584 n=3652 t=375s
[ 37/200] SP= 12.0% best= 37.0% p=-0.0004 v=2.2774 e=0.560 n=4149 t=386s
[ 38/200] SP=  7.0% best= 37.0% p=-0.0003 v=1.6912 e=0.564 n=4168 t=397s
[ 39/200] SP=  3.0% best= 37.0% p=-0.0008 v=0.8381 e=0.554 n=4198 t=408s
[ 40/200] SP= 11.0% best= 37.0% p=-0.0004 v=2.6640 e=0.548 n=4121 eval_R= 33.0% t=418s
[ 41/200] SP=  5.0% best= 37.0% p=-0.0003 v=1.3271 e=0.522 n=4360 t=444s
[ 42/200] SP=  9.0% best= 37.0% p=-0.0005 v=1.7845 e=0.542 n=4022 t=454s
[ 43/200] SP=  8.0% best= 37.0% p=-0.0001 v=1.7557 e=0.532 n=4242 t=465s
[ 44/200] SP=  6.0% best= 37.0% p=-0.0002 v=1.5040 e=0.530 n=4062 t=476s
[ 45/200] SP=  6.0% best= 37.0% p=-0.0005 v=1.4696 e=0.518 n=4477 t=487s
[ 46/200] SP= 10.0% best= 37.0% p=-0.0003 v=1.8313 e=0.523 n=4891 t=499s
[ 47/200] SP= 11.0% best= 37.0% p=-0.0001 v=2.1727 e=0.510 n=4881 t=510s
[ 48/200] SP= 12.0% best= 37.0% p=0.0001 v=2.0173 e=0.520 n=5104 t=522s
[ 49/200] SP= 13.0% best= 37.0% p=0.0003 v=2.1983 e=0.521 n=5128 t=534s
[ 50/200] SP= 10.0% best= 37.0% p=-0.0001 v=1.8410 e=0.536 n=4577 eval_R= 34.0% t=545s
[ 51/200] SP=  7.0% best= 37.0% p=-0.0004 v=1.4231 e=0.528 n=4126 t=571s
[ 52/200] SP=  8.0% best= 37.0% p=-0.0006 v=1.7391 e=0.510 n=5007 t=583s
[ 53/200] SP=  6.0% best= 37.0% p=-0.0009 v=1.5018 e=0.507 n=4589 t=594s
[ 54/200] SP= 11.0% best= 37.0% p=-0.0004 v=1.9068 e=0.498 n=5098 t=606s
[ 55/200] SP= 16.0% best= 37.0% p=0.0000 v=2.6984 e=0.485 n=5092 t=618s
[ 56/200] SP= 19.0% best= 37.0% p=0.0001 v=3.1277 e=0.490 n=4954 t=630s
[ 57/200] SP= 11.0% best= 37.0% p=0.0009 v=2.2982 e=0.511 n=4237 t=641s
[ 58/200] SP= 10.0% best= 37.0% p=0.0001 v=2.2046 e=0.515 n=4881 t=653s
[ 59/200] SP= 11.0% best= 37.0% p=-0.0004 v=2.0275 e=0.512 n=4950 t=665s
[ 60/200] SP= 12.0% best= 37.0% p=-0.0011 v=2.0263 e=0.515 n=5220 eval_R= 36.0% t=677s
[ 61/200] SP=  5.0% best= 37.0% p=-0.0006 v=1.3029 e=0.483 n=4668 t=703s
[ 62/200] SP= 11.0% best= 37.0% p=-0.0012 v=1.9160 e=0.463 n=5656 t=716s
[ 63/200] SP= 16.0% best= 37.0% p=-0.0001 v=2.5555 e=0.458 n=6000 t=729s
[ 64/200] SP= 17.0% best= 37.0% p=0.0004 v=2.6667 e=0.482 n=5464 t=741s
[ 65/200] SP=  8.0% best= 37.0% p=0.0001 v=1.4710 e=0.461 n=5783 t=754s
[ 66/200] SP= 11.0% best= 37.0% p=-0.0002 v=1.8317 e=0.475 n=5511 t=766s
[ 67/200] SP= 10.0% best= 37.0% p=-0.0003 v=1.4445 e=0.473 n=5902 t=779s
[ 68/200] SP= 12.0% best= 37.0% p=-0.0002 v=2.1108 e=0.464 n=5611 t=792s
[ 69/200] SP= 14.0% best= 37.0% p=0.0004 v=2.2302 e=0.470 n=6001 t=805s
[ 70/200] SP= 15.0% best= 37.0% p=0.0006 v=2.2401 e=0.472 n=5309 eval_R= 34.0% t=817s
[ 71/200] SP= 10.0% best= 37.0% p=0.0002 v=1.8387 e=0.481 n=4960 t=843s
[ 72/200] SP= 15.0% best= 37.0% p=-0.0005 v=2.0302 e=0.471 n=5614 t=856s
[ 73/200] SP= 15.0% best= 37.0% p=-0.0001 v=2.6438 e=0.473 n=5565 t=868s
[ 74/200] SP= 13.0% best= 37.0% p=0.0001 v=2.2260 e=0.472 n=5262 t=881s
[ 75/200] SP= 13.0% best= 37.0% p=-0.0003 v=2.0117 e=0.467 n=5573 t=893s
[ 76/200] SP= 11.0% best= 37.0% p=-0.0006 v=2.0341 e=0.458 n=5565 t=906s
[ 77/200] SP= 18.0% best= 37.0% p=0.0001 v=2.8442 e=0.459 n=5696 t=918s
[ 78/200] SP= 13.0% best= 37.0% p=0.0002 v=2.2627 e=0.455 n=5557 t=931s
[ 79/200] SP= 17.0% best= 37.0% p=-0.0001 v=2.6056 e=0.470 n=5235 t=943s
[ 80/200] SP= 14.0% best= 37.0% p=-0.0002 v=2.4622 e=0.481 n=5735 eval_R= 36.0% t=955s
[ 81/200] SP= 15.0% best= 37.0% p=-0.0005 v=2.1704 e=0.462 n=5698 t=984s
[ 82/200] SP= 16.0% best= 37.0% p=-0.0004 v=2.1482 e=0.458 n=6246 t=997s
[ 83/200] SP= 19.0% best= 37.0% p=0.0003 v=2.5511 e=0.458 n=6473 t=1011s
[ 84/200] SP= 13.0% best= 37.0% p=0.0000 v=2.1920 e=0.463 n=5569 t=1023s
[ 85/200] SP= 13.0% best= 37.0% p=-0.0009 v=1.8873 e=0.471 n=6363 t=1036s
[ 86/200] SP= 17.0% best= 37.0% p=-0.0004 v=2.7272 e=0.464 n=6382 t=1050s
[ 87/200] SP= 16.0% best= 37.0% p=0.0007 v=2.3773 e=0.464 n=6393 t=1063s
[ 88/200] SP= 10.0% best= 37.0% p=-0.0002 v=1.6868 e=0.453 n=5470 t=1075s
[ 89/200] SP= 16.0% best= 37.0% p=-0.0001 v=2.4811 e=0.453 n=6123 t=1088s
[ 90/200] SP= 10.0% best= 37.0% p=-0.0004 v=1.7519 e=0.452 n=5979 eval_R= 36.0% t=1102s
[ 91/200] SP= 21.0% best= 37.0% p=-0.0001 v=2.6844 e=0.454 n=6580 t=1130s
[ 92/200] SP= 15.0% best= 37.0% p=0.0003 v=2.3379 e=0.459 n=6795 t=1144s
[ 93/200] SP= 15.0% best= 37.0% p=-0.0002 v=2.1674 e=0.451 n=6759 t=1158s
[ 94/200] SP= 17.0% best= 37.0% p=-0.0004 v=2.5729 e=0.438 n=6237 t=1171s
[ 95/200] SP= 19.0% best= 37.0% p=0.0004 v=2.7140 e=0.457 n=6530 t=1184s
[ 96/200] SP= 13.0% best= 37.0% p=-0.0003 v=2.3731 e=0.469 n=5679 t=1197s
[ 97/200] SP= 22.0% best= 37.0% p=-0.0003 v=2.7121 e=0.451 n=6845 t=1211s
[ 98/200] SP= 13.0% best= 37.0% p=-0.0002 v=2.0516 e=0.449 n=6413 t=1225s
[ 99/200] SP= 18.0% best= 37.0% p=-0.0004 v=2.4594 e=0.432 n=6733 t=1239s
[100/200] SP= 17.0% best= 37.0% p=-0.0002 v=2.5555 e=0.444 n=5973 eval_R= 36.0% t=1251s
[101/200] SP= 16.0% best= 37.0% p=-0.0004 v=2.1881 e=0.433 n=6805 t=1280s
[102/200] SP= 15.0% best= 37.0% p=-0.0003 v=2.2723 e=0.428 n=5888 t=1293s
[103/200] SP= 23.0% best= 37.0% p=-0.0002 v=3.2074 e=0.418 n=6796 t=1307s
[104/200] SP= 20.0% best= 37.0% p=0.0003 v=2.6016 e=0.430 n=6336 t=1320s
[105/200] SP= 16.0% best= 37.0% p=0.0000 v=2.4852 e=0.426 n=6042 t=1333s
[106/200] SP= 15.0% best= 37.0% p=-0.0004 v=2.0489 e=0.432 n=7085 t=1348s
[107/200] SP= 28.0% best= 37.0% p=-0.0001 v=3.0561 e=0.409 n=7609 t=1362s
[108/200] SP= 21.0% best= 37.0% p=0.0003 v=2.6345 e=0.407 n=6483 t=1376s
[109/200] SP= 20.0% best= 37.0% p=0.0010 v=2.6125 e=0.429 n=7249 t=1390s
[110/200] SP= 10.0% best= 37.0% p=-0.0004 v=1.7070 e=0.425 n=6805 eval_R= 36.0% t=1404s
[111/200] SP=  8.0% best= 37.0% p=-0.0007 v=1.4281 e=0.401 n=6192 t=1432s
[112/200] SP= 25.0% best= 37.0% p=-0.0002 v=2.7561 e=0.391 n=7266 t=1446s
[113/200] SP= 22.0% best= 37.0% p=0.0001 v=2.5570 e=0.404 n=7935 t=1462s
[114/200] SP= 22.0% best= 37.0% p=0.0003 v=2.5543 e=0.416 n=7045 t=1476s
[115/200] SP= 24.0% best= 37.0% p=0.0004 v=3.0759 e=0.437 n=6933 t=1490s
[116/200] SP= 18.0% best= 37.0% p=0.0002 v=2.5762 e=0.435 n=6529 t=1503s
[117/200] SP= 15.0% best= 37.0% p=-0.0010 v=2.3413 e=0.439 n=6200 t=1516s
[118/200] SP= 19.0% best= 37.0% p=-0.0006 v=2.4875 e=0.414 n=6771 t=1530s
[119/200] SP= 25.0% best= 37.0% p=-0.0001 v=2.9838 e=0.407 n=6318 t=1544s
[120/200] SP= 24.0% best= 37.0% p=0.0007 v=2.9525 e=0.416 n=7070 eval_R= 37.0% t=1558s
[121/200] SP= 18.0% best= 37.0% p=-0.0001 v=2.4089 e=0.433 n=6851 t=1587s
[122/200] SP= 27.0% best= 37.0% p=-0.0003 v=2.8673 e=0.432 n=7266 t=1602s
[123/200] SP= 20.0% best= 37.0% p=-0.0009 v=2.5855 e=0.441 n=6715 t=1616s
[124/200] SP= 17.0% best= 37.0% p=-0.0007 v=2.2993 e=0.396 n=7363 t=1631s
[125/200] SP= 21.0% best= 37.0% p=-0.0004 v=2.6460 e=0.390 n=7216 t=1645s
[126/200] SP= 21.0% best= 37.0% p=-0.0000 v=2.4817 e=0.399 n=7802 t=1660s
[127/200] SP= 21.0% best= 37.0% p=-0.0002 v=2.7629 e=0.400 n=6914 t=1674s
[128/200] SP= 29.0% best= 37.0% p=0.0001 v=2.9612 e=0.402 n=8159 t=1689s
[129/200] SP= 20.0% best= 37.0% p=0.0003 v=2.6534 e=0.419 n=6636 t=1703s
  -> New best eval WR 42% saved
[130/200] SP= 18.0% best= 42.0% p=-0.0006 v=2.3591 e=0.392 n=6810 eval_R= 42.0% t=1717s
[131/200] SP= 17.0% best= 42.0% p=-0.0006 v=2.4307 e=0.385 n=6529 t=1747s
[132/200] SP= 29.0% best= 42.0% p=-0.0006 v=3.4161 e=0.373 n=7139 t=1761s
[133/200] SP= 17.0% best= 42.0% p=-0.0005 v=2.2791 e=0.371 n=7537 t=1776s
[134/200] SP= 25.0% best= 42.0% p=-0.0001 v=2.8579 e=0.363 n=7814 t=1792s
[135/200] SP= 21.0% best= 42.0% p=0.0003 v=2.6624 e=0.376 n=7845 t=1807s
[136/200] SP= 26.0% best= 42.0% p=0.0002 v=2.8445 e=0.374 n=7720 t=1822s
[137/200] SP= 21.0% best= 42.0% p=0.0000 v=2.7130 e=0.386 n=7769 t=1837s
[138/200] SP= 25.0% best= 42.0% p=-0.0003 v=2.7238 e=0.385 n=8095 t=1853s
[139/200] SP= 20.0% best= 42.0% p=-0.0006 v=2.2515 e=0.374 n=8743 t=1869s
[140/200] SP= 28.0% best= 42.0% p=0.0000 v=2.8752 e=0.364 n=8503 eval_R= 39.0% t=1885s
[141/200] SP= 24.0% best= 42.0% p=-0.0000 v=2.5339 e=0.378 n=8033 t=1916s
[142/200] SP= 18.0% best= 42.0% p=-0.0001 v=2.0642 e=0.376 n=7480 t=1930s
[143/200] SP= 21.0% best= 42.0% p=-0.0001 v=2.6391 e=0.365 n=8261 t=1946s
[144/200] SP= 22.0% best= 42.0% p=-0.0003 v=2.4836 e=0.371 n=7402 t=1960s
[145/200] SP= 17.0% best= 42.0% p=-0.0002 v=2.1786 e=0.375 n=7731 t=1975s
[146/200] SP= 19.0% best= 42.0% p=-0.0003 v=2.2563 e=0.370 n=6917 t=1990s
[147/200] SP= 31.0% best= 42.0% p=-0.0001 v=3.4106 e=0.357 n=8001 t=2005s
[148/200] SP= 22.0% best= 42.0% p=0.0000 v=2.5723 e=0.376 n=7013 t=2020s
[149/200] SP= 15.0% best= 42.0% p=0.0002 v=2.2002 e=0.385 n=7713 t=2034s
[150/200] SP= 24.0% best= 42.0% p=-0.0002 v=2.6310 e=0.378 n=7497 eval_R= 40.0% t=2049s
[151/200] SP= 22.0% best= 42.0% p=-0.0001 v=2.4289 e=0.378 n=7736 t=2080s
[152/200] SP= 22.0% best= 42.0% p=-0.0001 v=2.8053 e=0.382 n=7633 t=2095s
[153/200] SP= 23.0% best= 42.0% p=0.0002 v=2.5874 e=0.381 n=7923 t=2110s
[154/200] SP= 16.0% best= 42.0% p=-0.0003 v=2.2401 e=0.368 n=7141 t=2124s
[155/200] SP= 25.0% best= 42.0% p=-0.0002 v=2.9988 e=0.366 n=7029 t=2139s
[156/200] SP= 27.0% best= 42.0% p=-0.0003 v=3.0902 e=0.365 n=7678 t=2153s
[157/200] SP= 25.0% best= 42.0% p=0.0004 v=2.8520 e=0.377 n=7467 t=2169s
[158/200] SP= 20.0% best= 42.0% p=-0.0004 v=2.4537 e=0.367 n=8500 t=2185s
[159/200] SP= 24.0% best= 42.0% p=-0.0007 v=2.5041 e=0.362 n=7834 t=2200s
[160/200] SP= 22.0% best= 42.0% p=-0.0002 v=2.7036 e=0.357 n=7198 eval_R= 41.0% t=2215s
[161/200] SP= 23.0% best= 42.0% p=-0.0001 v=2.5364 e=0.352 n=8017 t=2246s
[162/200] SP= 30.0% best= 42.0% p=-0.0001 v=3.1127 e=0.362 n=8058 t=2262s
[163/200] SP= 29.0% best= 42.0% p=-0.0001 v=3.0010 e=0.382 n=8212 t=2278s
[164/200] SP= 21.0% best= 42.0% p=0.0000 v=2.6348 e=0.386 n=8024 t=2293s
[165/200] SP= 27.0% best= 42.0% p=-0.0003 v=2.9694 e=0.378 n=7829 t=2309s
[166/200] SP= 22.0% best= 42.0% p=-0.0006 v=2.5699 e=0.379 n=7302 t=2323s
[167/200] SP= 17.0% best= 42.0% p=-0.0009 v=2.1445 e=0.358 n=8386 t=2339s
[168/200] SP= 26.0% best= 42.0% p=-0.0004 v=2.8690 e=0.345 n=8403 t=2355s
[169/200] SP= 23.0% best= 42.0% p=0.0001 v=2.4804 e=0.347 n=8231 t=2371s
[170/200] SP= 28.0% best= 42.0% p=0.0001 v=2.9548 e=0.363 n=8654 eval_R= 42.0% t=2387s
[171/200] SP= 26.0% best= 42.0% p=0.0002 v=2.6330 e=0.368 n=8338 t=2419s
[172/200] SP= 23.0% best= 42.0% p=-0.0002 v=2.6113 e=0.363 n=7580 t=2434s
[173/200] SP= 20.0% best= 42.0% p=-0.0000 v=2.7407 e=0.354 n=7899 t=2449s
[174/200] SP= 26.0% best= 42.0% p=-0.0004 v=2.7130 e=0.372 n=7631 t=2464s
[175/200] SP= 32.0% best= 42.0% p=0.0000 v=2.9473 e=0.364 n=8333 t=2480s
[176/200] SP= 26.0% best= 42.0% p=0.0000 v=2.7335 e=0.370 n=7783 t=2496s
[177/200] SP= 17.0% best= 42.0% p=-0.0008 v=2.2837 e=0.340 n=7249 t=2511s
[178/200] SP= 28.0% best= 42.0% p=-0.0001 v=2.8554 e=0.344 n=9176 t=2527s
[179/200] SP= 31.0% best= 42.0% p=-0.0002 v=2.7915 e=0.344 n=9149 t=2544s
  -> New best eval WR 44% saved
[180/200] SP= 26.0% best= 44.0% p=0.0002 v=2.8391 e=0.353 n=8176 eval_R= 44.0% t=2559s
[181/200] SP= 34.0% best= 44.0% p=0.0001 v=3.0838 e=0.372 n=9165 t=2592s
[182/200] SP= 19.0% best= 44.0% p=0.0001 v=2.4967 e=0.373 n=8053 t=2607s
[183/200] SP= 23.0% best= 44.0% p=-0.0003 v=2.5698 e=0.363 n=8058 t=2623s
[184/200] SP= 21.0% best= 44.0% p=-0.0006 v=2.6886 e=0.341 n=7935 t=2639s
[185/200] SP= 27.0% best= 44.0% p=-0.0002 v=2.7559 e=0.336 n=9385 t=2655s
[186/200] SP= 22.0% best= 44.0% p=-0.0002 v=2.5027 e=0.347 n=7866 t=2671s
[187/200] SP= 22.0% best= 44.0% p=-0.0000 v=2.6499 e=0.336 n=7945 t=2687s
[188/200] SP= 23.0% best= 44.0% p=-0.0005 v=2.3610 e=0.331 n=8527 t=2703s
[189/200] SP= 30.0% best= 44.0% p=0.0001 v=3.0223 e=0.332 n=8438 t=2719s
[190/200] SP= 33.0% best= 44.0% p=0.0002 v=3.0989 e=0.338 n=8078 eval_R= 42.0% t=2735s
[191/200] SP= 22.0% best= 44.0% p=0.0002 v=2.5976 e=0.354 n=7316 t=2765s
[192/200] SP= 28.0% best= 44.0% p=-0.0001 v=2.7624 e=0.349 n=8467 t=2782s
[193/200] SP= 23.0% best= 44.0% p=0.0001 v=2.4060 e=0.343 n=8384 t=2798s
[194/200] SP= 34.0% best= 44.0% p=-0.0000 v=3.2764 e=0.336 n=8833 t=2814s
[195/200] SP= 28.0% best= 44.0% p=0.0001 v=2.7035 e=0.346 n=9472 t=2831s
[196/200] SP= 19.0% best= 44.0% p=-0.0000 v=2.4814 e=0.354 n=7447 t=2846s
[197/200] SP= 18.0% best= 44.0% p=-0.0004 v=2.2215 e=0.344 n=8404 t=2862s
[198/200] SP= 30.0% best= 44.0% p=-0.0001 v=3.0966 e=0.340 n=8552 t=2878s
[199/200] SP= 30.0% best= 44.0% p=-0.0004 v=3.0740 e=0.356 n=7586 t=2893s
[200/200] SP= 33.0% best= 44.0% p=0.0008 v=3.2126 e=0.368 n=8782 eval_R= 42.0% t=2910s
Final weights saved to nn_weights_v46_final.pt
Eval vs random: 191W-184L-125D (38.2%)
Weights exported to nn_weights_v46.py
